<?xml version="1.0" encoding="UTF-8"?>
<TestRun id="8e14c8e3-007c-45b6-a5c2-55f0695bc3b8" name="claus@AUGUSTSRV1 2010-05-13 17:29:50" runUser="AUGUSTSRV1\claus" xmlns="http://microsoft.com/schemas/VisualStudio/TeamTest/2010">
  <TestSettings name="Default Test Settings" id="ee9610e2-9aaa-44f6-b98c-eaa639e630df">
    <Deployment runDeploymentRoot="claus_AUGUSTSRV1 2010-05-13 17_29_50">
      <DeploymentItem filename="D:\DevProjects\SongSearch\SongSearch.Web\bin\SongSearch.Web.dll" />
    </Deployment>
    <Execution>
      <TestTypeSpecific />
      <AgentRule name="Execution Agents">
      </AgentRule>
    </Execution>
  </TestSettings>
  <Times creation="2010-05-13T17:29:50.3465561+02:00" queuing="2010-05-13T17:29:51.3026108+02:00" start="2010-05-13T17:29:51.4126171+02:00" finish="2010-05-13T17:29:58.5100230+02:00" />
  <ResultSummary outcome="Completed">
    <Counters total="7" executed="7" passed="7" error="0" failed="0" timeout="0" aborted="0" inconclusive="0" passedButRunAborted="0" notRunnable="0" notExecuted="0" disconnected="0" warning="0" completed="0" inProgress="0" pending="0" />
  </ResultSummary>
  <TestDefinitions>
    <UnitTest name="Plugger_Can_Update_User_Signature" storage="d:\devprojects\songsearch\codewerks.songsearch.web.tests\bin\debug\codewerks.songsearch.web.tests.dll" id="dd5d3388-224c-fa9a-fbf1-c14a18cb024a">
      <Execution id="d5b97aee-d271-40a8-b2a4-5fc6ac766fc8" />
      <TestMethod codeBase="D:/DevProjects/SongSearch/Codewerks.SongSearch.Web.Tests/bin/Debug/Codewerks.SongSearch.Web.Tests.DLL" adapterTypeName="Microsoft.VisualStudio.TestTools.TestTypes.Unit.UnitTestAdapter, Microsoft.VisualStudio.QualityTools.Tips.UnitTest.Adapter, Version=10.0.0.0, Culture=neutral, PublicKeyToken=b03f5f7f11d50a3a" className="Codewerks.SongSearch.Web.Tests.Services.AccountServiceTests, Codewerks.SongSearch.Web.Tests, Version=1.0.0.0, Culture=neutral, PublicKeyToken=null" name="Plugger_Can_Update_User_Signature" />
    </UnitTest>
    <UnitTest name="Can_Check_If_User_Exists" storage="d:\devprojects\songsearch\codewerks.songsearch.web.tests\bin\debug\codewerks.songsearch.web.tests.dll" id="f8dbdc96-0372-dcf3-e5dc-fea79600ec53">
      <Execution id="8bc965ac-8bb6-4eaa-a7c8-cd8a1d046e11" />
      <TestMethod codeBase="D:/DevProjects/SongSearch/Codewerks.SongSearch.Web.Tests/bin/Debug/Codewerks.SongSearch.Web.Tests.DLL" adapterTypeName="Microsoft.VisualStudio.TestTools.TestTypes.Unit.UnitTestAdapter, Microsoft.VisualStudio.QualityTools.Tips.UnitTest.Adapter, Version=10.0.0.0, Culture=neutral, PublicKeyToken=b03f5f7f11d50a3a" className="Codewerks.SongSearch.Web.Tests.Services.AccountServiceTests, Codewerks.SongSearch.Web.Tests, Version=1.0.0.0, Culture=neutral, PublicKeyToken=null" name="Can_Check_If_User_Exists" />
    </UnitTest>
    <UnitTest name="Can_Validate_User" storage="d:\devprojects\songsearch\codewerks.songsearch.web.tests\bin\debug\codewerks.songsearch.web.tests.dll" id="c01ecd59-549f-b493-9daa-31765063ba2e">
      <Execution id="521a74b3-0ce6-42d9-aa46-9bee4a6a28a8" />
      <TestMethod codeBase="D:/DevProjects/SongSearch/Codewerks.SongSearch.Web.Tests/bin/Debug/Codewerks.SongSearch.Web.Tests.DLL" adapterTypeName="Microsoft.VisualStudio.TestTools.TestTypes.Unit.UnitTestAdapter, Microsoft.VisualStudio.QualityTools.Tips.UnitTest.Adapter, Version=10.0.0.0, Culture=neutral, PublicKeyToken=b03f5f7f11d50a3a" className="Codewerks.SongSearch.Web.Tests.Services.AccountServiceTests, Codewerks.SongSearch.Web.Tests, Version=1.0.0.0, Culture=neutral, PublicKeyToken=null" name="Can_Validate_User" />
    </UnitTest>
    <UnitTest name="User_Can_Update_Password" storage="d:\devprojects\songsearch\codewerks.songsearch.web.tests\bin\debug\codewerks.songsearch.web.tests.dll" id="12a79eb3-8091-2978-ec4a-1a438b9e5698">
      <Execution id="01b0609f-69d8-4c42-b909-becbcf37e898" />
      <TestMethod codeBase="D:/DevProjects/SongSearch/Codewerks.SongSearch.Web.Tests/bin/Debug/Codewerks.SongSearch.Web.Tests.DLL" adapterTypeName="Microsoft.VisualStudio.TestTools.TestTypes.Unit.UnitTestAdapter, Microsoft.VisualStudio.QualityTools.Tips.UnitTest.Adapter, Version=10.0.0.0, Culture=neutral, PublicKeyToken=b03f5f7f11d50a3a" className="Codewerks.SongSearch.Web.Tests.Services.AccountServiceTests, Codewerks.SongSearch.Web.Tests, Version=1.0.0.0, Culture=neutral, PublicKeyToken=null" name="User_Can_Update_Password" />
    </UnitTest>
    <UnitTest name="Plugger_Cannot_Update_User_Signature" storage="d:\devprojects\songsearch\codewerks.songsearch.web.tests\bin\debug\codewerks.songsearch.web.tests.dll" id="dc87f936-fc47-0a53-977b-aba9d005d921">
      <Execution id="d4f6bac8-482e-422c-989f-4ba2e256a88d" />
      <TestMethod codeBase="D:/DevProjects/SongSearch/Codewerks.SongSearch.Web.Tests/bin/Debug/Codewerks.SongSearch.Web.Tests.DLL" adapterTypeName="Microsoft.VisualStudio.TestTools.TestTypes.Unit.UnitTestAdapter, Microsoft.VisualStudio.QualityTools.Tips.UnitTest.Adapter, Version=10.0.0.0, Culture=neutral, PublicKeyToken=b03f5f7f11d50a3a" className="Codewerks.SongSearch.Web.Tests.Services.AccountServiceTests, Codewerks.SongSearch.Web.Tests, Version=1.0.0.0, Culture=neutral, PublicKeyToken=null" name="Plugger_Cannot_Update_User_Signature" />
    </UnitTest>
    <UnitTest name="User_Can_Update_Profile" storage="d:\devprojects\songsearch\codewerks.songsearch.web.tests\bin\debug\codewerks.songsearch.web.tests.dll" id="2545f0ac-ee15-695d-55a9-2467c05da84d">
      <Execution id="6e2d9f28-60fe-4b9c-ba6f-77319099a0f1" />
      <TestMethod codeBase="D:/DevProjects/SongSearch/Codewerks.SongSearch.Web.Tests/bin/Debug/Codewerks.SongSearch.Web.Tests.DLL" adapterTypeName="Microsoft.VisualStudio.TestTools.TestTypes.Unit.UnitTestAdapter, Microsoft.VisualStudio.QualityTools.Tips.UnitTest.Adapter, Version=10.0.0.0, Culture=neutral, PublicKeyToken=b03f5f7f11d50a3a" className="Codewerks.SongSearch.Web.Tests.Services.AccountServiceTests, Codewerks.SongSearch.Web.Tests, Version=1.0.0.0, Culture=neutral, PublicKeyToken=null" name="User_Can_Update_Profile" />
    </UnitTest>
    <UnitTest name="Can_Register_User" storage="d:\devprojects\songsearch\codewerks.songsearch.web.tests\bin\debug\codewerks.songsearch.web.tests.dll" id="383df81d-0cf7-f78f-00b8-047cdd4e0106">
      <Execution id="4d5135cd-87e0-4940-99e8-d3ed23265602" />
      <TestMethod codeBase="D:/DevProjects/SongSearch/Codewerks.SongSearch.Web.Tests/bin/Debug/Codewerks.SongSearch.Web.Tests.DLL" adapterTypeName="Microsoft.VisualStudio.TestTools.TestTypes.Unit.UnitTestAdapter, Microsoft.VisualStudio.QualityTools.Tips.UnitTest.Adapter, Version=10.0.0.0, Culture=neutral, PublicKeyToken=b03f5f7f11d50a3a" className="Codewerks.SongSearch.Web.Tests.Services.AccountServiceTests, Codewerks.SongSearch.Web.Tests, Version=1.0.0.0, Culture=neutral, PublicKeyToken=null" name="Can_Register_User" />
    </UnitTest>
  </TestDefinitions>
  <TestLists>
    <TestList name="Results Not in a List" id="8c84fa94-04c1-424b-9868-57a2d4851a1d" />
    <TestList name="All Loaded Results" id="19431567-8539-422a-85d7-44ee4e166bda" />
  </TestLists>
  <TestEntries>
    <TestEntry testId="12a79eb3-8091-2978-ec4a-1a438b9e5698" executionId="01b0609f-69d8-4c42-b909-becbcf37e898" testListId="8c84fa94-04c1-424b-9868-57a2d4851a1d" />
    <TestEntry testId="2545f0ac-ee15-695d-55a9-2467c05da84d" executionId="6e2d9f28-60fe-4b9c-ba6f-77319099a0f1" testListId="8c84fa94-04c1-424b-9868-57a2d4851a1d" />
    <TestEntry testId="383df81d-0cf7-f78f-00b8-047cdd4e0106" executionId="4d5135cd-87e0-4940-99e8-d3ed23265602" testListId="8c84fa94-04c1-424b-9868-57a2d4851a1d" />
    <TestEntry testId="c01ecd59-549f-b493-9daa-31765063ba2e" executionId="521a74b3-0ce6-42d9-aa46-9bee4a6a28a8" testListId="8c84fa94-04c1-424b-9868-57a2d4851a1d" />
    <TestEntry testId="dc87f936-fc47-0a53-977b-aba9d005d921" executionId="d4f6bac8-482e-422c-989f-4ba2e256a88d" testListId="8c84fa94-04c1-424b-9868-57a2d4851a1d" />
    <TestEntry testId="dd5d3388-224c-fa9a-fbf1-c14a18cb024a" executionId="d5b97aee-d271-40a8-b2a4-5fc6ac766fc8" testListId="8c84fa94-04c1-424b-9868-57a2d4851a1d" />
    <TestEntry testId="f8dbdc96-0372-dcf3-e5dc-fea79600ec53" executionId="8bc965ac-8bb6-4eaa-a7c8-cd8a1d046e11" testListId="8c84fa94-04c1-424b-9868-57a2d4851a1d" />
  </TestEntries>
  <Results>
    <UnitTestResult executionId="01b0609f-69d8-4c42-b909-becbcf37e898" testId="12a79eb3-8091-2978-ec4a-1a438b9e5698" testName="User_Can_Update_Password" computerName="AUGUSTSRV1" duration="00:00:00.0148173" startTime="2010-05-13T17:29:51.5166230+02:00" endTime="2010-05-13T17:29:52.7516937+02:00" testType="13cdc9d9-ddb5-4fa4-a97d-d965ccfc6d4b" outcome="Passed" testListId="8c84fa94-04c1-424b-9868-57a2d4851a1d" relativeResultsDirectory="01b0609f-69d8-4c42-b909-becbcf37e898">
    </UnitTestResult>
    <UnitTestResult executionId="6e2d9f28-60fe-4b9c-ba6f-77319099a0f1" testId="2545f0ac-ee15-695d-55a9-2467c05da84d" testName="User_Can_Update_Profile" computerName="AUGUSTSRV1" duration="00:00:00.0065886" startTime="2010-05-13T17:29:52.7576940+02:00" endTime="2010-05-13T17:29:52.7716948+02:00" testType="13cdc9d9-ddb5-4fa4-a97d-d965ccfc6d4b" outcome="Passed" testListId="8c84fa94-04c1-424b-9868-57a2d4851a1d" relativeResultsDirectory="6e2d9f28-60fe-4b9c-ba6f-77319099a0f1">
    </UnitTestResult>
    <UnitTestResult executionId="4d5135cd-87e0-4940-99e8-d3ed23265602" testId="383df81d-0cf7-f78f-00b8-047cdd4e0106" testName="Can_Register_User" computerName="AUGUSTSRV1" duration="00:00:03.5436553" startTime="2010-05-13T17:29:52.7806953+02:00" endTime="2010-05-13T17:29:56.3328985+02:00" testType="13cdc9d9-ddb5-4fa4-a97d-d965ccfc6d4b" outcome="Passed" testListId="8c84fa94-04c1-424b-9868-57a2d4851a1d" relativeResultsDirectory="4d5135cd-87e0-4940-99e8-d3ed23265602">
    </UnitTestResult>
    <UnitTestResult executionId="521a74b3-0ce6-42d9-aa46-9bee4a6a28a8" testId="c01ecd59-549f-b493-9daa-31765063ba2e" testName="Can_Validate_User" computerName="AUGUSTSRV1" duration="00:00:00.0038052" startTime="2010-05-13T17:29:56.3438991+02:00" endTime="2010-05-13T17:29:56.3568999+02:00" testType="13cdc9d9-ddb5-4fa4-a97d-d965ccfc6d4b" outcome="Passed" testListId="8c84fa94-04c1-424b-9868-57a2d4851a1d" relativeResultsDirectory="521a74b3-0ce6-42d9-aa46-9bee4a6a28a8">
    </UnitTestResult>
    <UnitTestResult executionId="d4f6bac8-482e-422c-989f-4ba2e256a88d" testId="dc87f936-fc47-0a53-977b-aba9d005d921" testName="Plugger_Cannot_Update_User_Signature" computerName="AUGUSTSRV1" duration="00:00:00.0049694" startTime="2010-05-13T17:29:56.3669004+02:00" endTime="2010-05-13T17:29:56.3819013+02:00" testType="13cdc9d9-ddb5-4fa4-a97d-d965ccfc6d4b" outcome="Passed" testListId="8c84fa94-04c1-424b-9868-57a2d4851a1d" relativeResultsDirectory="d4f6bac8-482e-422c-989f-4ba2e256a88d">
    </UnitTestResult>
    <UnitTestResult executionId="d5b97aee-d271-40a8-b2a4-5fc6ac766fc8" testId="dd5d3388-224c-fa9a-fbf1-c14a18cb024a" testName="Plugger_Can_Update_User_Signature" computerName="AUGUSTSRV1" duration="00:00:00.0046340" startTime="2010-05-13T17:29:56.3899018+02:00" endTime="2010-05-13T17:29:56.4029025+02:00" testType="13cdc9d9-ddb5-4fa4-a97d-d965ccfc6d4b" outcome="Passed" testListId="8c84fa94-04c1-424b-9868-57a2d4851a1d" relativeResultsDirectory="d5b97aee-d271-40a8-b2a4-5fc6ac766fc8">
    </UnitTestResult>
    <UnitTestResult executionId="8bc965ac-8bb6-4eaa-a7c8-cd8a1d046e11" testId="f8dbdc96-0372-dcf3-e5dc-fea79600ec53" testName="Can_Check_If_User_Exists" computerName="AUGUSTSRV1" duration="00:00:00.0032260" startTime="2010-05-13T17:29:56.4089028+02:00" endTime="2010-05-13T17:29:56.4209035+02:00" testType="13cdc9d9-ddb5-4fa4-a97d-d965ccfc6d4b" outcome="Passed" testListId="8c84fa94-04c1-424b-9868-57a2d4851a1d" relativeResultsDirectory="8bc965ac-8bb6-4eaa-a7c8-cd8a1d046e11">
    </UnitTestResult>
  </Results>
</TestRun>