<?xml version="1.0" encoding="UTF-8"?>
<TestRun id="0634f60c-3801-4e57-95d2-8261f933db47" name="claus@AUGUSTSRV1 2010-05-17 12:41:12" runUser="AUGUSTSRV1\claus" xmlns="http://microsoft.com/schemas/VisualStudio/TeamTest/2010">
  <TestSettings name="Default Test Settings" id="5ce06f15-e6d6-458d-9736-d3351a6b3acd">
    <Deployment runDeploymentRoot="claus_AUGUSTSRV1 2010-05-17 12_41_12">
      <DeploymentItem filename="D:\DevProjects\SongSearch\SongSearch.Web\bin\SongSearch.Web.dll" />
    </Deployment>
    <Execution>
      <TestTypeSpecific />
      <AgentRule name="Execution Agents">
      </AgentRule>
    </Execution>
  </TestSettings>
  <Times creation="2010-05-17T12:41:12.4668393+02:00" queuing="2010-05-17T12:41:12.5548443+02:00" start="2010-05-17T12:41:12.5608446+02:00" finish="2010-05-17T12:41:13.4968982+02:00" />
  <ResultSummary outcome="Completed">
    <Counters total="6" executed="6" passed="6" error="0" failed="0" timeout="0" aborted="0" inconclusive="0" passedButRunAborted="0" notRunnable="0" notExecuted="0" disconnected="0" warning="0" completed="0" inProgress="0" pending="0" />
  </ResultSummary>
  <TestDefinitions>
    <UnitTest name="Lookup_List_Artist_Should_Return_1637_Items" storage="d:\devprojects\songsearch\codewerks.songsearch.web.tests\bin\debug\codewerks.songsearch.web.tests.dll" id="4531c3be-921b-f556-823b-f30bd5d7dbfc">
      <Execution id="226766e3-8c6e-4628-b989-037b5845a828" />
      <TestMethod codeBase="D:/DevProjects/SongSearch/Codewerks.SongSearch.Web.Tests/bin/Debug/Codewerks.SongSearch.Web.Tests.DLL" adapterTypeName="Microsoft.VisualStudio.TestTools.TestTypes.Unit.UnitTestAdapter, Microsoft.VisualStudio.QualityTools.Tips.UnitTest.Adapter, Version=10.0.0.0, Culture=neutral, PublicKeyToken=b03f5f7f11d50a3a" className="Codewerks.SongSearch.Web.Tests.Services.SearchServiceTests, Codewerks.SongSearch.Web.Tests, Version=1.0.0.0, Culture=neutral, PublicKeyToken=null" name="Lookup_List_Artist_Should_Return_1637_Items" />
    </UnitTest>
    <UnitTest name="TopStyles_Should_Return_TopLimitOnly" storage="d:\devprojects\songsearch\codewerks.songsearch.web.tests\bin\debug\codewerks.songsearch.web.tests.dll" id="9d683688-9272-8169-8ab9-208532dfd9c7">
      <Execution id="d1fd66fc-4bb3-4b8e-a079-7e8b9957f21a" />
      <TestMethod codeBase="D:/DevProjects/SongSearch/Codewerks.SongSearch.Web.Tests/bin/Debug/Codewerks.SongSearch.Web.Tests.DLL" adapterTypeName="Microsoft.VisualStudio.TestTools.TestTypes.Unit.UnitTestAdapter, Microsoft.VisualStudio.QualityTools.Tips.UnitTest.Adapter, Version=10.0.0.0, Culture=neutral, PublicKeyToken=b03f5f7f11d50a3a" className="Codewerks.SongSearch.Web.Tests.Services.SearchServiceTests, Codewerks.SongSearch.Web.Tests, Version=1.0.0.0, Culture=neutral, PublicKeyToken=null" name="TopStyles_Should_Return_TopLimitOnly" />
    </UnitTest>
    <UnitTest name="TopStyles_Should_Return_OrderedByMostTagged" storage="d:\devprojects\songsearch\codewerks.songsearch.web.tests\bin\debug\codewerks.songsearch.web.tests.dll" id="eacfecb6-300b-0643-e032-71a65be72c44">
      <Execution id="a3931772-e1c9-4f6f-929e-14e26f319ccd" />
      <TestMethod codeBase="D:/DevProjects/SongSearch/Codewerks.SongSearch.Web.Tests/bin/Debug/Codewerks.SongSearch.Web.Tests.DLL" adapterTypeName="Microsoft.VisualStudio.TestTools.TestTypes.Unit.UnitTestAdapter, Microsoft.VisualStudio.QualityTools.Tips.UnitTest.Adapter, Version=10.0.0.0, Culture=neutral, PublicKeyToken=b03f5f7f11d50a3a" className="Codewerks.SongSearch.Web.Tests.Services.SearchServiceTests, Codewerks.SongSearch.Web.Tests, Version=1.0.0.0, Culture=neutral, PublicKeyToken=null" name="TopStyles_Should_Return_OrderedByMostTagged" />
    </UnitTest>
    <UnitTest name="Search_Love_Should_Return_448_Results" storage="d:\devprojects\songsearch\codewerks.songsearch.web.tests\bin\debug\codewerks.songsearch.web.tests.dll" id="f0e94873-0467-44d2-0d00-0faeb43850d4">
      <Execution id="48d66f9a-043c-414e-b0ec-12dd49c86f1e" />
      <TestMethod codeBase="D:/DevProjects/SongSearch/Codewerks.SongSearch.Web.Tests/bin/Debug/Codewerks.SongSearch.Web.Tests.DLL" adapterTypeName="Microsoft.VisualStudio.TestTools.TestTypes.Unit.UnitTestAdapter, Microsoft.VisualStudio.QualityTools.Tips.UnitTest.Adapter, Version=10.0.0.0, Culture=neutral, PublicKeyToken=b03f5f7f11d50a3a" className="Codewerks.SongSearch.Web.Tests.Services.SearchServiceTests, Codewerks.SongSearch.Web.Tests, Version=1.0.0.0, Culture=neutral, PublicKeyToken=null" name="Search_Love_Should_Return_448_Results" />
    </UnitTest>
    <UnitTest name="Content_Details_Should_Contain_Releated_Entities" storage="d:\devprojects\songsearch\codewerks.songsearch.web.tests\bin\debug\codewerks.songsearch.web.tests.dll" id="fbf04ba5-d512-80fd-271c-4453e8d4c1ef">
      <Execution id="3baa2b64-fb46-4eef-bbd8-b25806d367a4" />
      <TestMethod codeBase="D:/DevProjects/SongSearch/Codewerks.SongSearch.Web.Tests/bin/Debug/Codewerks.SongSearch.Web.Tests.DLL" adapterTypeName="Microsoft.VisualStudio.TestTools.TestTypes.Unit.UnitTestAdapter, Microsoft.VisualStudio.QualityTools.Tips.UnitTest.Adapter, Version=10.0.0.0, Culture=neutral, PublicKeyToken=b03f5f7f11d50a3a" className="Codewerks.SongSearch.Web.Tests.Services.SearchServiceTests, Codewerks.SongSearch.Web.Tests, Version=1.0.0.0, Culture=neutral, PublicKeyToken=null" name="Content_Details_Should_Contain_Releated_Entities" />
    </UnitTest>
    <UnitTest name="Repeated_Calls_To_Content_Details_Should_Not_Block" storage="d:\devprojects\songsearch\codewerks.songsearch.web.tests\bin\debug\codewerks.songsearch.web.tests.dll" id="e147f4e3-a6e9-b0c5-9378-011d32c0f2fe">
      <Execution id="2382a022-cf4f-411e-b598-8f3a7fdc1e46" />
      <TestMethod codeBase="D:/DevProjects/SongSearch/Codewerks.SongSearch.Web.Tests/bin/Debug/Codewerks.SongSearch.Web.Tests.DLL" adapterTypeName="Microsoft.VisualStudio.TestTools.TestTypes.Unit.UnitTestAdapter, Microsoft.VisualStudio.QualityTools.Tips.UnitTest.Adapter, Version=10.0.0.0, Culture=neutral, PublicKeyToken=b03f5f7f11d50a3a" className="Codewerks.SongSearch.Web.Tests.Services.SearchServiceTests, Codewerks.SongSearch.Web.Tests, Version=1.0.0.0, Culture=neutral, PublicKeyToken=null" name="Repeated_Calls_To_Content_Details_Should_Not_Block" />
    </UnitTest>
  </TestDefinitions>
  <TestLists>
    <TestList name="Results Not in a List" id="8c84fa94-04c1-424b-9868-57a2d4851a1d" />
    <TestList name="All Loaded Results" id="19431567-8539-422a-85d7-44ee4e166bda" />
  </TestLists>
  <TestEntries>
    <TestEntry testId="4531c3be-921b-f556-823b-f30bd5d7dbfc" executionId="226766e3-8c6e-4628-b989-037b5845a828" testListId="8c84fa94-04c1-424b-9868-57a2d4851a1d" />
    <TestEntry testId="9d683688-9272-8169-8ab9-208532dfd9c7" executionId="d1fd66fc-4bb3-4b8e-a079-7e8b9957f21a" testListId="8c84fa94-04c1-424b-9868-57a2d4851a1d" />
    <TestEntry testId="e147f4e3-a6e9-b0c5-9378-011d32c0f2fe" executionId="2382a022-cf4f-411e-b598-8f3a7fdc1e46" testListId="8c84fa94-04c1-424b-9868-57a2d4851a1d" />
    <TestEntry testId="eacfecb6-300b-0643-e032-71a65be72c44" executionId="a3931772-e1c9-4f6f-929e-14e26f319ccd" testListId="8c84fa94-04c1-424b-9868-57a2d4851a1d" />
    <TestEntry testId="f0e94873-0467-44d2-0d00-0faeb43850d4" executionId="48d66f9a-043c-414e-b0ec-12dd49c86f1e" testListId="8c84fa94-04c1-424b-9868-57a2d4851a1d" />
    <TestEntry testId="fbf04ba5-d512-80fd-271c-4453e8d4c1ef" executionId="3baa2b64-fb46-4eef-bbd8-b25806d367a4" testListId="8c84fa94-04c1-424b-9868-57a2d4851a1d" />
  </TestEntries>
  <Results>
    <UnitTestResult executionId="226766e3-8c6e-4628-b989-037b5845a828" testId="4531c3be-921b-f556-823b-f30bd5d7dbfc" testName="Lookup_List_Artist_Should_Return_1637_Items" computerName="AUGUSTSRV1" duration="00:00:00.1363326" startTime="2010-05-17T12:41:12.5618447+02:00" endTime="2010-05-17T12:41:12.8638620+02:00" testType="13cdc9d9-ddb5-4fa4-a97d-d965ccfc6d4b" outcome="Passed" testListId="8c84fa94-04c1-424b-9868-57a2d4851a1d" relativeResultsDirectory="226766e3-8c6e-4628-b989-037b5845a828">
    </UnitTestResult>
    <UnitTestResult executionId="d1fd66fc-4bb3-4b8e-a079-7e8b9957f21a" testId="9d683688-9272-8169-8ab9-208532dfd9c7" testName="TopStyles_Should_Return_TopLimitOnly" computerName="AUGUSTSRV1" duration="00:00:00.1312190" startTime="2010-05-17T12:41:12.8638620+02:00" endTime="2010-05-17T12:41:12.9988697+02:00" testType="13cdc9d9-ddb5-4fa4-a97d-d965ccfc6d4b" outcome="Passed" testListId="8c84fa94-04c1-424b-9868-57a2d4851a1d" relativeResultsDirectory="d1fd66fc-4bb3-4b8e-a079-7e8b9957f21a">
    </UnitTestResult>
    <UnitTestResult executionId="2382a022-cf4f-411e-b598-8f3a7fdc1e46" testId="e147f4e3-a6e9-b0c5-9378-011d32c0f2fe" testName="Repeated_Calls_To_Content_Details_Should_Not_Block" computerName="AUGUSTSRV1" duration="00:00:00.3593867" startTime="2010-05-17T12:41:12.9998698+02:00" endTime="2010-05-17T12:41:13.3618905+02:00" testType="13cdc9d9-ddb5-4fa4-a97d-d965ccfc6d4b" outcome="Passed" testListId="8c84fa94-04c1-424b-9868-57a2d4851a1d" relativeResultsDirectory="2382a022-cf4f-411e-b598-8f3a7fdc1e46">
      <Output>
        <DebugTrace>Convert(value(System.Data.Objects.ObjectSet`1[SongSearch.Web.Data.Content])).MergeAs(AppendOnly).Where(Param_0 =&gt; Param_0.Title.Contains("LOVE")).Join(Convert(value(System.Data.Objects.ObjectSet`1[SongSearch.Web.Data.UserCatalogRole])).MergeAs(AppendOnly), c =&gt; c.CatalogId, u =&gt; u.CatalogId, (c, u) =&gt; new &lt;&gt;f__AnonymousType0`2(c = c, u = u)).Where(&lt;&gt;h__TransparentIdentifier6 =&gt; (&lt;&gt;h__TransparentIdentifier6.u.UserId == value(SongSearch.Web.Services.SearchService+&lt;&gt;c__DisplayClass7).userId)).Select(&lt;&gt;h__TransparentIdentifier6 =&gt; &lt;&gt;h__TransparentIdentifier6.c)</DebugTrace>
      </Output>
    </UnitTestResult>
    <UnitTestResult executionId="a3931772-e1c9-4f6f-929e-14e26f319ccd" testId="eacfecb6-300b-0643-e032-71a65be72c44" testName="TopStyles_Should_Return_OrderedByMostTagged" computerName="AUGUSTSRV1" duration="00:00:00.0252634" startTime="2010-05-17T12:41:13.3628905+02:00" endTime="2010-05-17T12:41:13.3918922+02:00" testType="13cdc9d9-ddb5-4fa4-a97d-d965ccfc6d4b" outcome="Passed" testListId="8c84fa94-04c1-424b-9868-57a2d4851a1d" relativeResultsDirectory="a3931772-e1c9-4f6f-929e-14e26f319ccd">
    </UnitTestResult>
    <UnitTestResult executionId="48d66f9a-043c-414e-b0ec-12dd49c86f1e" testId="f0e94873-0467-44d2-0d00-0faeb43850d4" testName="Search_Love_Should_Return_448_Results" computerName="AUGUSTSRV1" duration="00:00:00.0678753" startTime="2010-05-17T12:41:13.3928922+02:00" endTime="2010-05-17T12:41:13.4638963+02:00" testType="13cdc9d9-ddb5-4fa4-a97d-d965ccfc6d4b" outcome="Passed" testListId="8c84fa94-04c1-424b-9868-57a2d4851a1d" relativeResultsDirectory="48d66f9a-043c-414e-b0ec-12dd49c86f1e">
      <Output>
        <DebugTrace>Convert(value(System.Data.Objects.ObjectSet`1[SongSearch.Web.Data.Content])).MergeAs(AppendOnly).Where(Param_0 =&gt; Param_0.Title.Contains("LOVE")).Join(Convert(value(System.Data.Objects.ObjectSet`1[SongSearch.Web.Data.UserCatalogRole])).MergeAs(AppendOnly), c =&gt; c.CatalogId, u =&gt; u.CatalogId, (c, u) =&gt; new &lt;&gt;f__AnonymousType0`2(c = c, u = u)).Where(&lt;&gt;h__TransparentIdentifier6 =&gt; (&lt;&gt;h__TransparentIdentifier6.u.UserId == value(SongSearch.Web.Services.SearchService+&lt;&gt;c__DisplayClass7).userId)).Select(&lt;&gt;h__TransparentIdentifier6 =&gt; &lt;&gt;h__TransparentIdentifier6.c)</DebugTrace>
      </Output>
    </UnitTestResult>
    <UnitTestResult executionId="3baa2b64-fb46-4eef-bbd8-b25806d367a4" testId="fbf04ba5-d512-80fd-271c-4453e8d4c1ef" testName="Content_Details_Should_Contain_Releated_Entities" computerName="AUGUSTSRV1" duration="00:00:00.0187410" startTime="2010-05-17T12:41:13.4638963+02:00" endTime="2010-05-17T12:41:13.4858976+02:00" testType="13cdc9d9-ddb5-4fa4-a97d-d965ccfc6d4b" outcome="Passed" testListId="8c84fa94-04c1-424b-9868-57a2d4851a1d" relativeResultsDirectory="3baa2b64-fb46-4eef-bbd8-b25806d367a4">
    </UnitTestResult>
  </Results>
</TestRun>