<?xml version="1.0" encoding="UTF-8"?>
<TestRun id="77109dbb-f9dd-49b1-a70f-f1598ae262ae" name="claus@AUGUSTSRV1 2010-05-14 09:59:45" runUser="AUGUSTSRV1\claus" xmlns="http://microsoft.com/schemas/VisualStudio/TeamTest/2010">
  <TestSettings name="Default Test Settings" id="8eeb273a-aa88-4877-baed-a73e5681b6ea">
    <Deployment runDeploymentRoot="claus_AUGUSTSRV1 2010-05-14 09_59_45">
      <DeploymentItem filename="D:\DevProjects\SongSearch\SongSearch.Web\bin\SongSearch.Web.dll" />
    </Deployment>
    <Execution>
      <TestTypeSpecific />
      <AgentRule name="Execution Agents">
      </AgentRule>
    </Execution>
  </TestSettings>
  <Times creation="2010-05-14T09:59:45.0597394+02:00" queuing="2010-05-14T09:59:45.1567449+02:00" start="2010-05-14T09:59:45.1607452+02:00" finish="2010-05-14T09:59:45.6177713+02:00" />
  <ResultSummary outcome="Completed">
    <Counters total="1" executed="1" passed="1" error="0" failed="0" timeout="0" aborted="0" inconclusive="0" passedButRunAborted="0" notRunnable="0" notExecuted="0" disconnected="0" warning="0" completed="0" inProgress="0" pending="0" />
  </ResultSummary>
  <TestDefinitions>
    <UnitTest name="User_Can_Update_Profile" storage="d:\devprojects\songsearch\codewerks.songsearch.web.tests\bin\debug\codewerks.songsearch.web.tests.dll" id="2545f0ac-ee15-695d-55a9-2467c05da84d">
      <Execution id="1e5e2b82-c3d6-46e4-afaf-5ec967cab8f9" />
      <TestMethod codeBase="D:/DevProjects/SongSearch/Codewerks.SongSearch.Web.Tests/bin/Debug/Codewerks.SongSearch.Web.Tests.DLL" adapterTypeName="Microsoft.VisualStudio.TestTools.TestTypes.Unit.UnitTestAdapter, Microsoft.VisualStudio.QualityTools.Tips.UnitTest.Adapter, Version=10.0.0.0, Culture=neutral, PublicKeyToken=b03f5f7f11d50a3a" className="Codewerks.SongSearch.Web.Tests.Services.AccountServiceTests, Codewerks.SongSearch.Web.Tests, Version=1.0.0.0, Culture=neutral, PublicKeyToken=null" name="User_Can_Update_Profile" />
    </UnitTest>
  </TestDefinitions>
  <TestLists>
    <TestList name="Results Not in a List" id="8c84fa94-04c1-424b-9868-57a2d4851a1d" />
    <TestList name="All Loaded Results" id="19431567-8539-422a-85d7-44ee4e166bda" />
  </TestLists>
  <TestEntries>
    <TestEntry testId="2545f0ac-ee15-695d-55a9-2467c05da84d" executionId="1e5e2b82-c3d6-46e4-afaf-5ec967cab8f9" testListId="8c84fa94-04c1-424b-9868-57a2d4851a1d" />
  </TestEntries>
  <Results>
    <UnitTestResult executionId="1e5e2b82-c3d6-46e4-afaf-5ec967cab8f9" testId="2545f0ac-ee15-695d-55a9-2467c05da84d" testName="User_Can_Update_Profile" computerName="AUGUSTSRV1" duration="00:00:00.1016595" startTime="2010-05-14T09:59:45.1617452+02:00" endTime="2010-05-14T09:59:45.5927699+02:00" testType="13cdc9d9-ddb5-4fa4-a97d-d965ccfc6d4b" outcome="Passed" testListId="8c84fa94-04c1-424b-9868-57a2d4851a1d" relativeResultsDirectory="1e5e2b82-c3d6-46e4-afaf-5ec967cab8f9">
    </UnitTestResult>
  </Results>
</TestRun>