<?xml version="1.0" encoding="UTF-8"?>
<TestRun id="9205d3f0-3a9d-484e-8070-e2d932600bdc" name="claus@AUGUSTSRV1 2010-05-25 09:52:42" runUser="AUGUSTSRV1\claus" xmlns="http://microsoft.com/schemas/VisualStudio/TeamTest/2010">
  <TestSettings name="Default Test Settings" id="a3b7e694-b531-4637-9b5b-545a3bc8a2bc">
    <Deployment runDeploymentRoot="claus_AUGUSTSRV1 2010-05-25 09_52_42">
      <DeploymentItem filename="D:\DevProjects\SongSearch\SongSearch.Web\bin\SongSearch.Web.dll" />
      <DeploymentItem filename="D:\DevProjects\SongSearch\Ext Libraries\nunit.framework.dll" />
    </Deployment>
    <Execution>
      <TestTypeSpecific />
      <AgentRule name="Execution Agents">
      </AgentRule>
    </Execution>
  </TestSettings>
  <Times creation="2010-05-25T09:52:42.1761409+02:00" queuing="2010-05-25T09:52:43.5452192+02:00" start="2010-05-25T09:52:43.6582256+02:00" finish="2010-05-25T09:53:27.0387069+02:00" />
  <ResultSummary outcome="Warning">
    <Counters total="1" executed="1" passed="1" error="0" failed="0" timeout="0" aborted="0" inconclusive="0" passedButRunAborted="0" notRunnable="0" notExecuted="0" disconnected="0" warning="0" completed="0" inProgress="0" pending="0" />
    <RunInfos>
      <RunInfo computerName="AUGUSTSRV1" outcome="Warning" timestamp="2010-05-25T09:52:42.5761637+02:00">
        <Text>Warning: Test Run deployment issue: The assembly or module 'System.Web.Mvc' directly or indirectly referenced by the test container 'd:\devprojects\songsearch\codewerks.songsearch.web.tests\bin\debug\codewerks.songsearch.web.tests.dll' was not found.</Text>
      </RunInfo>
    </RunInfos>
  </ResultSummary>
  <TestDefinitions>
    <UnitTest name="User_Can_Add_Item_To_Active_Cart" storage="d:\devprojects\songsearch\codewerks.songsearch.web.tests\bin\debug\codewerks.songsearch.web.tests.dll" id="14bc09a9-8636-725f-d670-619999130d95">
      <Execution id="e0bb0c25-9833-4665-8721-d77d5b70f4d3" />
      <TestMethod codeBase="D:/DevProjects/SongSearch/Codewerks.SongSearch.Web.Tests/bin/Debug/Codewerks.SongSearch.Web.Tests.DLL" adapterTypeName="Microsoft.VisualStudio.TestTools.TestTypes.Unit.UnitTestAdapter, Microsoft.VisualStudio.QualityTools.Tips.UnitTest.Adapter, Version=10.0.0.0, Culture=neutral, PublicKeyToken=b03f5f7f11d50a3a" className="Codewerks.SongSearch.Web.Tests.Services.CartServiceTests, Codewerks.SongSearch.Web.Tests, Version=1.0.0.0, Culture=neutral, PublicKeyToken=null" name="User_Can_Add_Item_To_Active_Cart" />
    </UnitTest>
  </TestDefinitions>
  <TestLists>
    <TestList name="Results Not in a List" id="8c84fa94-04c1-424b-9868-57a2d4851a1d" />
    <TestList name="All Loaded Results" id="19431567-8539-422a-85d7-44ee4e166bda" />
  </TestLists>
  <TestEntries>
    <TestEntry testId="14bc09a9-8636-725f-d670-619999130d95" executionId="e0bb0c25-9833-4665-8721-d77d5b70f4d3" testListId="8c84fa94-04c1-424b-9868-57a2d4851a1d" />
  </TestEntries>
  <Results>
    <UnitTestResult executionId="e0bb0c25-9833-4665-8721-d77d5b70f4d3" testId="14bc09a9-8636-725f-d670-619999130d95" testName="User_Can_Add_Item_To_Active_Cart" computerName="AUGUSTSRV1" duration="00:00:06.1919964" startTime="2010-05-25T09:52:43.7602315+02:00" endTime="2010-05-25T09:53:25.4696171+02:00" testType="13cdc9d9-ddb5-4fa4-a97d-d965ccfc6d4b" outcome="Passed" testListId="8c84fa94-04c1-424b-9868-57a2d4851a1d" relativeResultsDirectory="e0bb0c25-9833-4665-8721-d77d5b70f4d3">
    </UnitTestResult>
  </Results>
</TestRun>