<?xml version="1.0" encoding="UTF-8"?>
<TestRun id="2dfb979a-7bb1-4e13-8d19-bfd7e6f64520" name="claus@AUGUSTSRV1 2010-05-17 12:39:36" runUser="AUGUSTSRV1\claus" xmlns="http://microsoft.com/schemas/VisualStudio/TeamTest/2010">
  <TestSettings name="Default Test Settings" id="0440bcbd-f516-422e-9bcf-804759989864">
    <Deployment runDeploymentRoot="claus_AUGUSTSRV1 2010-05-17 12_39_36">
      <DeploymentItem filename="D:\DevProjects\SongSearch\SongSearch.Web\bin\SongSearch.Web.dll" />
    </Deployment>
    <Execution>
      <TestTypeSpecific />
      <AgentRule name="Execution Agents">
      </AgentRule>
    </Execution>
  </TestSettings>
  <Times creation="2010-05-17T12:39:36.8343694+02:00" queuing="2010-05-17T12:39:37.5854124+02:00" start="2010-05-17T12:39:37.6964187+02:00" finish="2010-05-17T12:39:40.6845896+02:00" />
  <ResultSummary outcome="Completed">
    <Counters total="1" executed="1" passed="1" error="0" failed="0" timeout="0" aborted="0" inconclusive="0" passedButRunAborted="0" notRunnable="0" notExecuted="0" disconnected="0" warning="0" completed="0" inProgress="0" pending="0" />
  </ResultSummary>
  <TestDefinitions>
    <UnitTest name="TopStyles_Should_Return_TopLimitOnly" storage="d:\devprojects\songsearch\codewerks.songsearch.web.tests\bin\debug\codewerks.songsearch.web.tests.dll" id="9d683688-9272-8169-8ab9-208532dfd9c7">
      <Execution id="3aa857df-047a-41e7-8ad6-03c4691a5124" />
      <TestMethod codeBase="D:/DevProjects/SongSearch/Codewerks.SongSearch.Web.Tests/bin/Debug/Codewerks.SongSearch.Web.Tests.DLL" adapterTypeName="Microsoft.VisualStudio.TestTools.TestTypes.Unit.UnitTestAdapter, Microsoft.VisualStudio.QualityTools.Tips.UnitTest.Adapter, Version=10.0.0.0, Culture=neutral, PublicKeyToken=b03f5f7f11d50a3a" className="Codewerks.SongSearch.Web.Tests.Services.SearchServiceTests, Codewerks.SongSearch.Web.Tests, Version=1.0.0.0, Culture=neutral, PublicKeyToken=null" name="TopStyles_Should_Return_TopLimitOnly" />
    </UnitTest>
  </TestDefinitions>
  <TestLists>
    <TestList name="Results Not in a List" id="8c84fa94-04c1-424b-9868-57a2d4851a1d" />
    <TestList name="All Loaded Results" id="19431567-8539-422a-85d7-44ee4e166bda" />
  </TestLists>
  <TestEntries>
    <TestEntry testId="9d683688-9272-8169-8ab9-208532dfd9c7" executionId="3aa857df-047a-41e7-8ad6-03c4691a5124" testListId="8c84fa94-04c1-424b-9868-57a2d4851a1d" />
  </TestEntries>
  <Results>
    <UnitTestResult executionId="3aa857df-047a-41e7-8ad6-03c4691a5124" testId="9d683688-9272-8169-8ab9-208532dfd9c7" testName="TopStyles_Should_Return_TopLimitOnly" computerName="AUGUSTSRV1" duration="00:00:00.5845349" startTime="2010-05-17T12:39:37.7934243+02:00" endTime="2010-05-17T12:39:39.1175000+02:00" testType="13cdc9d9-ddb5-4fa4-a97d-d965ccfc6d4b" outcome="Passed" testListId="8c84fa94-04c1-424b-9868-57a2d4851a1d" relativeResultsDirectory="3aa857df-047a-41e7-8ad6-03c4691a5124">
    </UnitTestResult>
  </Results>
</TestRun>