<?xml version="1.0" encoding="UTF-8"?>
<TestRun id="b11c748f-03ed-4dd9-9711-9a7fd55d470e" name="claus@AUGUSTSRV1 2010-05-17 13:10:25" runUser="AUGUSTSRV1\claus" xmlns="http://microsoft.com/schemas/VisualStudio/TeamTest/2010">
  <TestSettings name="Default Test Settings" id="4ea72e46-ed17-466f-a778-3cae244a7542">
    <Deployment runDeploymentRoot="claus_AUGUSTSRV1 2010-05-17 13_10_25">
      <DeploymentItem filename="D:\DevProjects\SongSearch\SongSearch.Web\bin\SongSearch.Web.dll" />
    </Deployment>
    <Execution>
      <TestTypeSpecific />
      <AgentRule name="Execution Agents">
      </AgentRule>
    </Execution>
  </TestSettings>
  <Times creation="2010-05-17T13:10:25.4061017+02:00" queuing="2010-05-17T13:10:26.2101477+02:00" start="2010-05-17T13:10:26.3201539+02:00" finish="2010-05-17T13:11:02.9272477+02:00" />
  <ResultSummary outcome="Completed">
    <Counters total="1" executed="1" passed="1" error="0" failed="0" timeout="0" aborted="0" inconclusive="0" passedButRunAborted="0" notRunnable="0" notExecuted="0" disconnected="0" warning="0" completed="0" inProgress="0" pending="0" />
  </ResultSummary>
  <TestDefinitions>
    <UnitTest name="Search_Love_Should_Return_448_Results" storage="d:\devprojects\songsearch\codewerks.songsearch.web.tests\bin\debug\codewerks.songsearch.web.tests.dll" id="f0e94873-0467-44d2-0d00-0faeb43850d4">
      <Execution id="0750028f-1a12-4c10-8026-ab7318920c87" />
      <TestMethod codeBase="D:/DevProjects/SongSearch/Codewerks.SongSearch.Web.Tests/bin/Debug/Codewerks.SongSearch.Web.Tests.DLL" adapterTypeName="Microsoft.VisualStudio.TestTools.TestTypes.Unit.UnitTestAdapter, Microsoft.VisualStudio.QualityTools.Tips.UnitTest.Adapter, Version=10.0.0.0, Culture=neutral, PublicKeyToken=b03f5f7f11d50a3a" className="Codewerks.SongSearch.Web.Tests.Services.SearchServiceTests, Codewerks.SongSearch.Web.Tests, Version=1.0.0.0, Culture=neutral, PublicKeyToken=null" name="Search_Love_Should_Return_448_Results" />
    </UnitTest>
  </TestDefinitions>
  <TestLists>
    <TestList name="Results Not in a List" id="8c84fa94-04c1-424b-9868-57a2d4851a1d" />
    <TestList name="All Loaded Results" id="19431567-8539-422a-85d7-44ee4e166bda" />
  </TestLists>
  <TestEntries>
    <TestEntry testId="f0e94873-0467-44d2-0d00-0faeb43850d4" executionId="0750028f-1a12-4c10-8026-ab7318920c87" testListId="8c84fa94-04c1-424b-9868-57a2d4851a1d" />
  </TestEntries>
  <Results>
    <UnitTestResult executionId="0750028f-1a12-4c10-8026-ab7318920c87" testId="f0e94873-0467-44d2-0d00-0faeb43850d4" testName="Search_Love_Should_Return_448_Results" computerName="AUGUSTSRV1" duration="00:00:33.4750887" startTime="2010-05-17T13:10:26.4271601+02:00" endTime="2010-05-17T13:11:01.3611582+02:00" testType="13cdc9d9-ddb5-4fa4-a97d-d965ccfc6d4b" outcome="Passed" testListId="8c84fa94-04c1-424b-9868-57a2d4851a1d" relativeResultsDirectory="0750028f-1a12-4c10-8026-ab7318920c87">
      <Output>
        <DebugTrace>Convert(value(System.Data.Objects.ObjectSet`1[SongSearch.Web.Data.Content])).MergeAs(AppendOnly).Where(Param_0 =&gt; Param_0.Title.Contains("LOVE"))</DebugTrace>
      </Output>
    </UnitTestResult>
  </Results>
</TestRun>