<?xml version="1.0" encoding="UTF-8"?>
<TestRun id="5ac5a475-7cb8-4fff-8af0-4313b74f89a7" name="claus@AUGUSTSRV1 2010-05-17 13:34:17" runUser="AUGUSTSRV1\claus" xmlns="http://microsoft.com/schemas/VisualStudio/TeamTest/2010">
  <TestSettings name="Default Test Settings" id="41473273-d7df-4aa0-ac94-2d23bbee83e6">
    <Deployment runDeploymentRoot="claus_AUGUSTSRV1 2010-05-17 13_34_17">
      <DeploymentItem filename="D:\DevProjects\SongSearch\SongSearch.Web\bin\SongSearch.Web.dll" />
    </Deployment>
    <Execution>
      <TestTypeSpecific />
      <AgentRule name="Execution Agents">
      </AgentRule>
    </Execution>
  </TestSettings>
  <Times creation="2010-05-17T13:34:17.0219854+02:00" queuing="2010-05-17T13:34:17.8130307+02:00" start="2010-05-17T13:34:17.9260371+02:00" finish="2010-05-17T13:35:12.0361320+02:00" />
  <ResultSummary outcome="Completed">
    <Counters total="1" executed="1" passed="1" error="0" failed="0" timeout="0" aborted="0" inconclusive="0" passedButRunAborted="0" notRunnable="0" notExecuted="0" disconnected="0" warning="0" completed="0" inProgress="0" pending="0" />
  </ResultSummary>
  <TestDefinitions>
    <UnitTest name="Search_Results_Can_Be_User_Sorted" storage="d:\devprojects\songsearch\codewerks.songsearch.web.tests\bin\debug\codewerks.songsearch.web.tests.dll" id="d72d65ea-4fcd-3871-4fdb-1390d82c55ab">
      <Execution id="ef78f405-0144-4154-bad5-57a0c8ac69ef" />
      <TestMethod codeBase="D:/DevProjects/SongSearch/Codewerks.SongSearch.Web.Tests/bin/Debug/Codewerks.SongSearch.Web.Tests.DLL" adapterTypeName="Microsoft.VisualStudio.TestTools.TestTypes.Unit.UnitTestAdapter, Microsoft.VisualStudio.QualityTools.Tips.UnitTest.Adapter, Version=10.0.0.0, Culture=neutral, PublicKeyToken=b03f5f7f11d50a3a" className="Codewerks.SongSearch.Web.Tests.Services.SearchServiceTests, Codewerks.SongSearch.Web.Tests, Version=1.0.0.0, Culture=neutral, PublicKeyToken=null" name="Search_Results_Can_Be_User_Sorted" />
    </UnitTest>
  </TestDefinitions>
  <TestLists>
    <TestList name="Results Not in a List" id="8c84fa94-04c1-424b-9868-57a2d4851a1d" />
    <TestList name="All Loaded Results" id="19431567-8539-422a-85d7-44ee4e166bda" />
  </TestLists>
  <TestEntries>
    <TestEntry testId="d72d65ea-4fcd-3871-4fdb-1390d82c55ab" executionId="ef78f405-0144-4154-bad5-57a0c8ac69ef" testListId="8c84fa94-04c1-424b-9868-57a2d4851a1d" />
  </TestEntries>
  <Results>
    <UnitTestResult executionId="ef78f405-0144-4154-bad5-57a0c8ac69ef" testId="d72d65ea-4fcd-3871-4fdb-1390d82c55ab" testName="Search_Results_Can_Be_User_Sorted" computerName="AUGUSTSRV1" duration="00:00:50.9386723" startTime="2010-05-17T13:34:18.0450439+02:00" endTime="2010-05-17T13:35:10.4390407+02:00" testType="13cdc9d9-ddb5-4fa4-a97d-d965ccfc6d4b" outcome="Passed" testListId="8c84fa94-04c1-424b-9868-57a2d4851a1d" relativeResultsDirectory="ef78f405-0144-4154-bad5-57a0c8ac69ef">
      <Output>
        <DebugTrace>Convert(value(System.Data.Objects.ObjectSet`1[SongSearch.Web.Data.Content])).MergeAs(AppendOnly).Where(Param_0 =&gt; Param_0.Title.Contains("LOVE"))Convert(value(System.Data.Objects.ObjectSet`1[SongSearch.Web.Data.Content])).MergeAs(AppendOnly).Where(Param_0 =&gt; Param_0.Title.Contains("LOVE"))</DebugTrace>
      </Output>
    </UnitTestResult>
  </Results>
</TestRun>