<?xml version="1.0" encoding="UTF-8"?>
<TestRun id="4ef4e4f9-5e45-4f4c-bb41-a46384f7599c" name="claus@AUGUSTSRV1 2010-05-25 10:21:30" runUser="AUGUSTSRV1\claus" xmlns="http://microsoft.com/schemas/VisualStudio/TeamTest/2010">
  <TestSettings name="Default Test Settings" id="d8da761c-79be-4eb7-8bf2-5da5ac8aa6a8">
    <Deployment runDeploymentRoot="claus_AUGUSTSRV1 2010-05-25 10_21_30">
      <DeploymentItem filename="D:\DevProjects\SongSearch\Ext Libraries\EntityFramework.Profiler-Build-691\HibernatingRhinos.Profiler.Appender.dll" />
      <DeploymentItem filename="D:\DevProjects\SongSearch\SongSearch.Web\bin\SongSearch.Web.dll" />
      <DeploymentItem filename="D:\DevProjects\SongSearch\Ext Libraries\nunit.framework.dll" />
    </Deployment>
    <Execution>
      <TestTypeSpecific />
      <AgentRule name="Execution Agents">
      </AgentRule>
    </Execution>
  </TestSettings>
  <Times creation="2010-05-25T10:21:30.3439864+02:00" queuing="2010-05-25T10:21:31.3060414+02:00" start="2010-05-25T10:21:31.4190479+02:00" finish="2010-05-25T10:23:12.5788339+02:00" />
  <ResultSummary outcome="Warning">
    <Counters total="4" executed="4" passed="4" error="0" failed="0" timeout="0" aborted="0" inconclusive="0" passedButRunAborted="0" notRunnable="0" notExecuted="0" disconnected="0" warning="0" completed="0" inProgress="0" pending="0" />
    <RunInfos>
      <RunInfo computerName="AUGUSTSRV1" outcome="Warning" timestamp="2010-05-25T10:21:30.5820000+02:00">
        <Text>Warning: Test Run deployment issue: The assembly or module 'System.Web.Mvc' directly or indirectly referenced by the test container 'd:\devprojects\songsearch\codewerks.songsearch.web.tests\bin\debug\codewerks.songsearch.web.tests.dll' was not found.</Text>
      </RunInfo>
    </RunInfos>
  </ResultSummary>
  <TestDefinitions>
    <UnitTest name="User_Can_Remove_Item_From_Active_Cart" storage="d:\devprojects\songsearch\codewerks.songsearch.web.tests\bin\debug\codewerks.songsearch.web.tests.dll" id="5da30f3b-dc19-f64b-a78c-dacf53b802be">
      <Execution id="ea0dfe57-0a5d-46dc-8236-d2235172aae8" />
      <TestMethod codeBase="D:/DevProjects/SongSearch/Codewerks.SongSearch.Web.Tests/bin/Debug/Codewerks.SongSearch.Web.Tests.DLL" adapterTypeName="Microsoft.VisualStudio.TestTools.TestTypes.Unit.UnitTestAdapter, Microsoft.VisualStudio.QualityTools.Tips.UnitTest.Adapter, Version=10.0.0.0, Culture=neutral, PublicKeyToken=b03f5f7f11d50a3a" className="Codewerks.SongSearch.Web.Tests.Services.CartServiceTests, Codewerks.SongSearch.Web.Tests, Version=1.0.0.0, Culture=neutral, PublicKeyToken=null" name="User_Can_Remove_Item_From_Active_Cart" />
    </UnitTest>
    <UnitTest name="User_Can_Add_Item_To_Active_Cart_Twice_Without_Error" storage="d:\devprojects\songsearch\codewerks.songsearch.web.tests\bin\debug\codewerks.songsearch.web.tests.dll" id="3bcf9a3e-214c-f3d1-6698-784c7efb391f">
      <Execution id="58b0b3a8-e304-4a4c-8467-eaf5b8e1ec6a" />
      <TestMethod codeBase="D:/DevProjects/SongSearch/Codewerks.SongSearch.Web.Tests/bin/Debug/Codewerks.SongSearch.Web.Tests.DLL" adapterTypeName="Microsoft.VisualStudio.TestTools.TestTypes.Unit.UnitTestAdapter, Microsoft.VisualStudio.QualityTools.Tips.UnitTest.Adapter, Version=10.0.0.0, Culture=neutral, PublicKeyToken=b03f5f7f11d50a3a" className="Codewerks.SongSearch.Web.Tests.Services.CartServiceTests, Codewerks.SongSearch.Web.Tests, Version=1.0.0.0, Culture=neutral, PublicKeyToken=null" name="User_Can_Add_Item_To_Active_Cart_Twice_Without_Error" />
    </UnitTest>
    <UnitTest name="User_Can_Add_Item_To_Active_Cart" storage="d:\devprojects\songsearch\codewerks.songsearch.web.tests\bin\debug\codewerks.songsearch.web.tests.dll" id="14bc09a9-8636-725f-d670-619999130d95">
      <Execution id="516ae2a8-b9e4-4cfd-b8e6-c86c8304df9c" />
      <TestMethod codeBase="D:/DevProjects/SongSearch/Codewerks.SongSearch.Web.Tests/bin/Debug/Codewerks.SongSearch.Web.Tests.DLL" adapterTypeName="Microsoft.VisualStudio.TestTools.TestTypes.Unit.UnitTestAdapter, Microsoft.VisualStudio.QualityTools.Tips.UnitTest.Adapter, Version=10.0.0.0, Culture=neutral, PublicKeyToken=b03f5f7f11d50a3a" className="Codewerks.SongSearch.Web.Tests.Services.CartServiceTests, Codewerks.SongSearch.Web.Tests, Version=1.0.0.0, Culture=neutral, PublicKeyToken=null" name="User_Can_Add_Item_To_Active_Cart" />
    </UnitTest>
    <UnitTest name="User_Can_Remove_Item_From_Active_Cart_Twice_Without_Error" storage="d:\devprojects\songsearch\codewerks.songsearch.web.tests\bin\debug\codewerks.songsearch.web.tests.dll" id="916cfae5-79be-2be1-e5a7-f471189a992b">
      <Execution id="7ccea253-0fd7-48dd-9fde-1f5cbc42f626" />
      <TestMethod codeBase="D:/DevProjects/SongSearch/Codewerks.SongSearch.Web.Tests/bin/Debug/Codewerks.SongSearch.Web.Tests.DLL" adapterTypeName="Microsoft.VisualStudio.TestTools.TestTypes.Unit.UnitTestAdapter, Microsoft.VisualStudio.QualityTools.Tips.UnitTest.Adapter, Version=10.0.0.0, Culture=neutral, PublicKeyToken=b03f5f7f11d50a3a" className="Codewerks.SongSearch.Web.Tests.Services.CartServiceTests, Codewerks.SongSearch.Web.Tests, Version=1.0.0.0, Culture=neutral, PublicKeyToken=null" name="User_Can_Remove_Item_From_Active_Cart_Twice_Without_Error" />
    </UnitTest>
  </TestDefinitions>
  <TestLists>
    <TestList name="Results Not in a List" id="8c84fa94-04c1-424b-9868-57a2d4851a1d" />
    <TestList name="All Loaded Results" id="19431567-8539-422a-85d7-44ee4e166bda" />
  </TestLists>
  <TestEntries>
    <TestEntry testId="14bc09a9-8636-725f-d670-619999130d95" executionId="516ae2a8-b9e4-4cfd-b8e6-c86c8304df9c" testListId="8c84fa94-04c1-424b-9868-57a2d4851a1d" />
    <TestEntry testId="3bcf9a3e-214c-f3d1-6698-784c7efb391f" executionId="58b0b3a8-e304-4a4c-8467-eaf5b8e1ec6a" testListId="8c84fa94-04c1-424b-9868-57a2d4851a1d" />
    <TestEntry testId="5da30f3b-dc19-f64b-a78c-dacf53b802be" executionId="ea0dfe57-0a5d-46dc-8236-d2235172aae8" testListId="8c84fa94-04c1-424b-9868-57a2d4851a1d" />
    <TestEntry testId="916cfae5-79be-2be1-e5a7-f471189a992b" executionId="7ccea253-0fd7-48dd-9fde-1f5cbc42f626" testListId="8c84fa94-04c1-424b-9868-57a2d4851a1d" />
  </TestEntries>
  <Results>
    <UnitTestResult executionId="516ae2a8-b9e4-4cfd-b8e6-c86c8304df9c" testId="14bc09a9-8636-725f-d670-619999130d95" testName="User_Can_Add_Item_To_Active_Cart" computerName="AUGUSTSRV1" duration="00:01:15.8991770" startTime="2010-05-25T10:21:31.5170535+02:00" endTime="2010-05-25T10:23:10.8847370+02:00" testType="13cdc9d9-ddb5-4fa4-a97d-d965ccfc6d4b" outcome="Passed" testListId="8c84fa94-04c1-424b-9868-57a2d4851a1d" relativeResultsDirectory="516ae2a8-b9e4-4cfd-b8e6-c86c8304df9c">
    </UnitTestResult>
    <UnitTestResult executionId="58b0b3a8-e304-4a4c-8467-eaf5b8e1ec6a" testId="3bcf9a3e-214c-f3d1-6698-784c7efb391f" testName="User_Can_Add_Item_To_Active_Cart_Twice_Without_Error" computerName="AUGUSTSRV1" duration="00:00:00.0145504" startTime="2010-05-25T10:23:10.8907374+02:00" endTime="2010-05-25T10:23:10.9347399+02:00" testType="13cdc9d9-ddb5-4fa4-a97d-d965ccfc6d4b" outcome="Passed" testListId="8c84fa94-04c1-424b-9868-57a2d4851a1d" relativeResultsDirectory="58b0b3a8-e304-4a4c-8467-eaf5b8e1ec6a">
    </UnitTestResult>
    <UnitTestResult executionId="ea0dfe57-0a5d-46dc-8236-d2235172aae8" testId="5da30f3b-dc19-f64b-a78c-dacf53b802be" testName="User_Can_Remove_Item_From_Active_Cart" computerName="AUGUSTSRV1" duration="00:00:00.0084469" startTime="2010-05-25T10:23:10.9437404+02:00" endTime="2010-05-25T10:23:10.9597413+02:00" testType="13cdc9d9-ddb5-4fa4-a97d-d965ccfc6d4b" outcome="Passed" testListId="8c84fa94-04c1-424b-9868-57a2d4851a1d" relativeResultsDirectory="ea0dfe57-0a5d-46dc-8236-d2235172aae8">
    </UnitTestResult>
    <UnitTestResult executionId="7ccea253-0fd7-48dd-9fde-1f5cbc42f626" testId="916cfae5-79be-2be1-e5a7-f471189a992b" testName="User_Can_Remove_Item_From_Active_Cart_Twice_Without_Error" computerName="AUGUSTSRV1" duration="00:00:00.0082018" startTime="2010-05-25T10:23:10.9667417+02:00" endTime="2010-05-25T10:23:10.9837427+02:00" testType="13cdc9d9-ddb5-4fa4-a97d-d965ccfc6d4b" outcome="Passed" testListId="8c84fa94-04c1-424b-9868-57a2d4851a1d" relativeResultsDirectory="7ccea253-0fd7-48dd-9fde-1f5cbc42f626">
    </UnitTestResult>
  </Results>
</TestRun>