<?xml version="1.0" encoding="UTF-8"?>
<TestRun id="aa61335d-2970-42d4-9617-d9f3e8e96c74" name="claus@AUGUSTSRV1 2010-05-25 12:05:34" runUser="AUGUSTSRV1\claus" xmlns="http://microsoft.com/schemas/VisualStudio/TeamTest/2010">
  <TestSettings name="Default Test Settings" id="9331ce8c-1f35-4158-9512-21df2d8c9806">
    <Deployment runDeploymentRoot="claus_AUGUSTSRV1 2010-05-25 12_05_34">
      <DeploymentItem filename="D:\DevProjects\SongSearch\SongSearch.Web\bin\SongSearch.Web.dll" />
      <DeploymentItem filename="D:\DevProjects\SongSearch\Ext Libraries\EntityFramework.Profiler-Build-691\HibernatingRhinos.Profiler.Appender.dll" />
      <DeploymentItem filename="D:\DevProjects\SongSearch\Ext Libraries\Ninject.dll" />
      <DeploymentItem filename="D:\DevProjects\SongSearch\Ext Libraries\Ninject.Web.Mvc.dll" />
      <DeploymentItem filename="D:\DevProjects\SongSearch\Ext Libraries\nunit.framework.dll" />
    </Deployment>
    <Execution>
      <TestTypeSpecific />
      <AgentRule name="Execution Agents">
      </AgentRule>
    </Execution>
  </TestSettings>
  <Times creation="2010-05-25T12:05:34.6621410+02:00" queuing="2010-05-25T12:05:36.1582266+02:00" start="2010-05-25T12:05:36.2762333+02:00" finish="2010-05-25T12:06:53.1456300+02:00" />
  <ResultSummary outcome="Error">
    <Counters total="8" executed="1" error="0" failed="0" timeout="0" aborted="1" inconclusive="0" passedButRunAborted="0" notRunnable="0" notExecuted="7" disconnected="0" warning="0" passed="0" completed="0" inProgress="0" pending="0" />
    <RunInfos>
      <RunInfo computerName="AUGUSTSRV1" outcome="Warning" timestamp="2010-05-25T12:05:34.8701529+02:00">
        <Text>Warning: Test Run deployment issue: The assembly or module 'System.Web.Mvc' directly or indirectly referenced by the test container 'd:\devprojects\songsearch\codewerks.songsearch.web.tests\bin\debug\codewerks.songsearch.web.tests.dll' was not found.</Text>
      </RunInfo>
      <RunInfo computerName="AUGUSTSRV1" outcome="Error" timestamp="2010-05-25T12:06:53.1436299+02:00">
        <Text>Test host process exited unexpectedly.</Text>
      </RunInfo>
    </RunInfos>
  </ResultSummary>
  <TestDefinitions>
    <UnitTest name="Plugger_Can_Update_User_Signature" storage="d:\devprojects\songsearch\codewerks.songsearch.web.tests\bin\debug\codewerks.songsearch.web.tests.dll" id="dd5d3388-224c-fa9a-fbf1-c14a18cb024a">
      <Execution id="fc8ac93e-e435-4f7c-95a3-8185fbb1e752" />
      <TestMethod codeBase="D:/DevProjects/SongSearch/Codewerks.SongSearch.Web.Tests/bin/Debug/Codewerks.SongSearch.Web.Tests.DLL" adapterTypeName="Microsoft.VisualStudio.TestTools.TestTypes.Unit.UnitTestAdapter, Microsoft.VisualStudio.QualityTools.Tips.UnitTest.Adapter, Version=10.0.0.0, Culture=neutral, PublicKeyToken=b03f5f7f11d50a3a" className="Codewerks.SongSearch.Web.Tests.Services.AccountServiceTests, Codewerks.SongSearch.Web.Tests, Version=1.0.0.0, Culture=neutral, PublicKeyToken=null" name="Plugger_Can_Update_User_Signature" />
    </UnitTest>
    <UnitTest name="Can_Check_If_User_Exists" storage="d:\devprojects\songsearch\codewerks.songsearch.web.tests\bin\debug\codewerks.songsearch.web.tests.dll" id="f8dbdc96-0372-dcf3-e5dc-fea79600ec53">
      <Execution id="f157c7d7-0b9f-4229-babb-30e5cafb8045" />
      <TestMethod codeBase="D:/DevProjects/SongSearch/Codewerks.SongSearch.Web.Tests/bin/Debug/Codewerks.SongSearch.Web.Tests.DLL" adapterTypeName="Microsoft.VisualStudio.TestTools.TestTypes.Unit.UnitTestAdapter, Microsoft.VisualStudio.QualityTools.Tips.UnitTest.Adapter, Version=10.0.0.0, Culture=neutral, PublicKeyToken=b03f5f7f11d50a3a" className="Codewerks.SongSearch.Web.Tests.Services.AccountServiceTests, Codewerks.SongSearch.Web.Tests, Version=1.0.0.0, Culture=neutral, PublicKeyToken=null" name="Can_Check_If_User_Exists" />
    </UnitTest>
    <UnitTest name="Can_Validate_User" storage="d:\devprojects\songsearch\codewerks.songsearch.web.tests\bin\debug\codewerks.songsearch.web.tests.dll" id="c01ecd59-549f-b493-9daa-31765063ba2e">
      <Execution id="4b708964-f158-4176-8bff-a4fd05ae5c3b" />
      <TestMethod codeBase="D:/DevProjects/SongSearch/Codewerks.SongSearch.Web.Tests/bin/Debug/Codewerks.SongSearch.Web.Tests.DLL" adapterTypeName="Microsoft.VisualStudio.TestTools.TestTypes.Unit.UnitTestAdapter, Microsoft.VisualStudio.QualityTools.Tips.UnitTest.Adapter, Version=10.0.0.0, Culture=neutral, PublicKeyToken=b03f5f7f11d50a3a" className="Codewerks.SongSearch.Web.Tests.Services.AccountServiceTests, Codewerks.SongSearch.Web.Tests, Version=1.0.0.0, Culture=neutral, PublicKeyToken=null" name="Can_Validate_User" />
    </UnitTest>
    <UnitTest name="User_Can_Update_Password" storage="d:\devprojects\songsearch\codewerks.songsearch.web.tests\bin\debug\codewerks.songsearch.web.tests.dll" id="12a79eb3-8091-2978-ec4a-1a438b9e5698">
      <Execution id="ab323025-5ff3-4dd8-a41e-a80f6d496905" />
      <TestMethod codeBase="D:/DevProjects/SongSearch/Codewerks.SongSearch.Web.Tests/bin/Debug/Codewerks.SongSearch.Web.Tests.DLL" adapterTypeName="Microsoft.VisualStudio.TestTools.TestTypes.Unit.UnitTestAdapter, Microsoft.VisualStudio.QualityTools.Tips.UnitTest.Adapter, Version=10.0.0.0, Culture=neutral, PublicKeyToken=b03f5f7f11d50a3a" className="Codewerks.SongSearch.Web.Tests.Services.AccountServiceTests, Codewerks.SongSearch.Web.Tests, Version=1.0.0.0, Culture=neutral, PublicKeyToken=null" name="User_Can_Update_Password" />
    </UnitTest>
    <UnitTest name="Registered_User_Has_Invitation_Parent_User" storage="d:\devprojects\songsearch\codewerks.songsearch.web.tests\bin\debug\codewerks.songsearch.web.tests.dll" id="d5c3ae95-a9fd-a4e7-216c-59d7e4ff9120">
      <Execution id="7c3cc6e2-f74b-4ff9-aba2-3aa6482d3d77" />
      <TestMethod codeBase="D:/DevProjects/SongSearch/Codewerks.SongSearch.Web.Tests/bin/Debug/Codewerks.SongSearch.Web.Tests.DLL" adapterTypeName="Microsoft.VisualStudio.TestTools.TestTypes.Unit.UnitTestAdapter, Microsoft.VisualStudio.QualityTools.Tips.UnitTest.Adapter, Version=10.0.0.0, Culture=neutral, PublicKeyToken=b03f5f7f11d50a3a" className="Codewerks.SongSearch.Web.Tests.Services.AccountServiceTests, Codewerks.SongSearch.Web.Tests, Version=1.0.0.0, Culture=neutral, PublicKeyToken=null" name="Registered_User_Has_Invitation_Parent_User" />
    </UnitTest>
    <UnitTest name="Client_Cannot_Update_User_Signature" storage="d:\devprojects\songsearch\codewerks.songsearch.web.tests\bin\debug\codewerks.songsearch.web.tests.dll" id="0923243c-c7df-2a4c-1830-fa3228830f0f">
      <Execution id="b111fb8d-e9c8-460c-b0a7-13d12f43582f" />
      <TestMethod codeBase="D:/DevProjects/SongSearch/Codewerks.SongSearch.Web.Tests/bin/Debug/Codewerks.SongSearch.Web.Tests.DLL" adapterTypeName="Microsoft.VisualStudio.TestTools.TestTypes.Unit.UnitTestAdapter, Microsoft.VisualStudio.QualityTools.Tips.UnitTest.Adapter, Version=10.0.0.0, Culture=neutral, PublicKeyToken=b03f5f7f11d50a3a" className="Codewerks.SongSearch.Web.Tests.Services.AccountServiceTests, Codewerks.SongSearch.Web.Tests, Version=1.0.0.0, Culture=neutral, PublicKeyToken=null" name="Client_Cannot_Update_User_Signature" />
    </UnitTest>
    <UnitTest name="Can_Register_User" storage="d:\devprojects\songsearch\codewerks.songsearch.web.tests\bin\debug\codewerks.songsearch.web.tests.dll" id="383df81d-0cf7-f78f-00b8-047cdd4e0106">
      <Execution id="014b933b-57c6-4165-8163-036bacbc52a5" />
      <TestMethod codeBase="D:/DevProjects/SongSearch/Codewerks.SongSearch.Web.Tests/bin/Debug/Codewerks.SongSearch.Web.Tests.DLL" adapterTypeName="Microsoft.VisualStudio.TestTools.TestTypes.Unit.UnitTestAdapter, Microsoft.VisualStudio.QualityTools.Tips.UnitTest.Adapter, Version=10.0.0.0, Culture=neutral, PublicKeyToken=b03f5f7f11d50a3a" className="Codewerks.SongSearch.Web.Tests.Services.AccountServiceTests, Codewerks.SongSearch.Web.Tests, Version=1.0.0.0, Culture=neutral, PublicKeyToken=null" name="Can_Register_User" />
    </UnitTest>
    <UnitTest name="User_Can_Update_Profile" storage="d:\devprojects\songsearch\codewerks.songsearch.web.tests\bin\debug\codewerks.songsearch.web.tests.dll" id="2545f0ac-ee15-695d-55a9-2467c05da84d">
      <Execution id="70a4aaf4-6a99-4ce1-b302-eb6823a8f520" />
      <TestMethod codeBase="D:/DevProjects/SongSearch/Codewerks.SongSearch.Web.Tests/bin/Debug/Codewerks.SongSearch.Web.Tests.DLL" adapterTypeName="Microsoft.VisualStudio.TestTools.TestTypes.Unit.UnitTestAdapter, Microsoft.VisualStudio.QualityTools.Tips.UnitTest.Adapter, Version=10.0.0.0, Culture=neutral, PublicKeyToken=b03f5f7f11d50a3a" className="Codewerks.SongSearch.Web.Tests.Services.AccountServiceTests, Codewerks.SongSearch.Web.Tests, Version=1.0.0.0, Culture=neutral, PublicKeyToken=null" name="User_Can_Update_Profile" />
    </UnitTest>
  </TestDefinitions>
  <TestLists>
    <TestList name="Results Not in a List" id="8c84fa94-04c1-424b-9868-57a2d4851a1d" />
    <TestList name="All Loaded Results" id="19431567-8539-422a-85d7-44ee4e166bda" />
  </TestLists>
  <TestEntries>
    <TestEntry testId="0923243c-c7df-2a4c-1830-fa3228830f0f" executionId="b111fb8d-e9c8-460c-b0a7-13d12f43582f" testListId="8c84fa94-04c1-424b-9868-57a2d4851a1d" />
    <TestEntry testId="12a79eb3-8091-2978-ec4a-1a438b9e5698" executionId="ab323025-5ff3-4dd8-a41e-a80f6d496905" testListId="8c84fa94-04c1-424b-9868-57a2d4851a1d" />
    <TestEntry testId="2545f0ac-ee15-695d-55a9-2467c05da84d" executionId="70a4aaf4-6a99-4ce1-b302-eb6823a8f520" testListId="8c84fa94-04c1-424b-9868-57a2d4851a1d" />
    <TestEntry testId="383df81d-0cf7-f78f-00b8-047cdd4e0106" executionId="014b933b-57c6-4165-8163-036bacbc52a5" testListId="8c84fa94-04c1-424b-9868-57a2d4851a1d" />
    <TestEntry testId="c01ecd59-549f-b493-9daa-31765063ba2e" executionId="4b708964-f158-4176-8bff-a4fd05ae5c3b" testListId="8c84fa94-04c1-424b-9868-57a2d4851a1d" />
    <TestEntry testId="d5c3ae95-a9fd-a4e7-216c-59d7e4ff9120" executionId="7c3cc6e2-f74b-4ff9-aba2-3aa6482d3d77" testListId="8c84fa94-04c1-424b-9868-57a2d4851a1d" />
    <TestEntry testId="dd5d3388-224c-fa9a-fbf1-c14a18cb024a" executionId="fc8ac93e-e435-4f7c-95a3-8185fbb1e752" testListId="8c84fa94-04c1-424b-9868-57a2d4851a1d" />
    <TestEntry testId="f8dbdc96-0372-dcf3-e5dc-fea79600ec53" executionId="f157c7d7-0b9f-4229-babb-30e5cafb8045" testListId="8c84fa94-04c1-424b-9868-57a2d4851a1d" />
  </TestEntries>
  <Results>
    <UnitTestResult executionId="b111fb8d-e9c8-460c-b0a7-13d12f43582f" testId="0923243c-c7df-2a4c-1830-fa3228830f0f" testName="Client_Cannot_Update_User_Signature" computerName="AUGUSTSRV1" duration="00:01:16.7653907" startTime="2010-05-25T12:05:36.3792392+02:00" endTime="2010-05-25T12:06:53.1446299+02:00" testType="13cdc9d9-ddb5-4fa4-a97d-d965ccfc6d4b" outcome="Aborted" testListId="8c84fa94-04c1-424b-9868-57a2d4851a1d" relativeResultsDirectory="b111fb8d-e9c8-460c-b0a7-13d12f43582f">
    </UnitTestResult>
    <UnitTestResult executionId="ab323025-5ff3-4dd8-a41e-a80f6d496905" testId="12a79eb3-8091-2978-ec4a-1a438b9e5698" testName="User_Can_Update_Password" computerName="AUGUSTSRV1" testType="13cdc9d9-ddb5-4fa4-a97d-d965ccfc6d4b" outcome="NotExecuted" testListId="8c84fa94-04c1-424b-9868-57a2d4851a1d" relativeResultsDirectory="ab323025-5ff3-4dd8-a41e-a80f6d496905">
    </UnitTestResult>
    <UnitTestResult executionId="70a4aaf4-6a99-4ce1-b302-eb6823a8f520" testId="2545f0ac-ee15-695d-55a9-2467c05da84d" testName="User_Can_Update_Profile" computerName="AUGUSTSRV1" testType="13cdc9d9-ddb5-4fa4-a97d-d965ccfc6d4b" outcome="NotExecuted" testListId="8c84fa94-04c1-424b-9868-57a2d4851a1d" relativeResultsDirectory="70a4aaf4-6a99-4ce1-b302-eb6823a8f520">
    </UnitTestResult>
    <UnitTestResult executionId="014b933b-57c6-4165-8163-036bacbc52a5" testId="383df81d-0cf7-f78f-00b8-047cdd4e0106" testName="Can_Register_User" computerName="AUGUSTSRV1" testType="13cdc9d9-ddb5-4fa4-a97d-d965ccfc6d4b" outcome="NotExecuted" testListId="8c84fa94-04c1-424b-9868-57a2d4851a1d" relativeResultsDirectory="014b933b-57c6-4165-8163-036bacbc52a5">
    </UnitTestResult>
    <UnitTestResult executionId="4b708964-f158-4176-8bff-a4fd05ae5c3b" testId="c01ecd59-549f-b493-9daa-31765063ba2e" testName="Can_Validate_User" computerName="AUGUSTSRV1" testType="13cdc9d9-ddb5-4fa4-a97d-d965ccfc6d4b" outcome="NotExecuted" testListId="8c84fa94-04c1-424b-9868-57a2d4851a1d" relativeResultsDirectory="4b708964-f158-4176-8bff-a4fd05ae5c3b">
    </UnitTestResult>
    <UnitTestResult executionId="7c3cc6e2-f74b-4ff9-aba2-3aa6482d3d77" testId="d5c3ae95-a9fd-a4e7-216c-59d7e4ff9120" testName="Registered_User_Has_Invitation_Parent_User" computerName="AUGUSTSRV1" testType="13cdc9d9-ddb5-4fa4-a97d-d965ccfc6d4b" outcome="NotExecuted" testListId="8c84fa94-04c1-424b-9868-57a2d4851a1d" relativeResultsDirectory="7c3cc6e2-f74b-4ff9-aba2-3aa6482d3d77">
    </UnitTestResult>
    <UnitTestResult executionId="fc8ac93e-e435-4f7c-95a3-8185fbb1e752" testId="dd5d3388-224c-fa9a-fbf1-c14a18cb024a" testName="Plugger_Can_Update_User_Signature" computerName="AUGUSTSRV1" testType="13cdc9d9-ddb5-4fa4-a97d-d965ccfc6d4b" outcome="NotExecuted" testListId="8c84fa94-04c1-424b-9868-57a2d4851a1d" relativeResultsDirectory="fc8ac93e-e435-4f7c-95a3-8185fbb1e752">
    </UnitTestResult>
    <UnitTestResult executionId="f157c7d7-0b9f-4229-babb-30e5cafb8045" testId="f8dbdc96-0372-dcf3-e5dc-fea79600ec53" testName="Can_Check_If_User_Exists" computerName="AUGUSTSRV1" testType="13cdc9d9-ddb5-4fa4-a97d-d965ccfc6d4b" outcome="NotExecuted" testListId="8c84fa94-04c1-424b-9868-57a2d4851a1d" relativeResultsDirectory="f157c7d7-0b9f-4229-babb-30e5cafb8045">
    </UnitTestResult>
  </Results>
</TestRun>