<?xml version="1.0" encoding="UTF-8"?>
<TestRun id="80812552-5fa8-45fd-89f3-196ebd1c7f4c" name="claus@AUGUSTSRV1 2010-05-14 10:12:31" runUser="AUGUSTSRV1\claus" xmlns="http://microsoft.com/schemas/VisualStudio/TeamTest/2010">
  <TestSettings name="Default Test Settings" id="5a7f1650-0b0c-4126-84a4-d4ea57c8f51e">
    <Deployment runDeploymentRoot="claus_AUGUSTSRV1 2010-05-14 10_12_31">
      <DeploymentItem filename="D:\DevProjects\SongSearch\SongSearch.Web\bin\SongSearch.Web.dll" />
    </Deployment>
    <Execution>
      <TestTypeSpecific />
      <AgentRule name="Execution Agents">
      </AgentRule>
    </Execution>
  </TestSettings>
  <Times creation="2010-05-14T10:12:31.4405739+02:00" queuing="2010-05-14T10:12:32.3606265+02:00" start="2010-05-14T10:12:32.4776332+02:00" finish="2010-05-14T10:13:39.7324799+02:00" />
  <ResultSummary outcome="Completed">
    <Counters total="1" executed="1" passed="1" error="0" failed="0" timeout="0" aborted="0" inconclusive="0" passedButRunAborted="0" notRunnable="0" notExecuted="0" disconnected="0" warning="0" completed="0" inProgress="0" pending="0" />
  </ResultSummary>
  <TestDefinitions>
    <UnitTest name="Admin_User_Can_Revoke_Catalog_Access_To_User_And_ChildUsers" storage="d:\devprojects\songsearch\codewerks.songsearch.web.tests\bin\debug\codewerks.songsearch.web.tests.dll" id="195b2bff-14f1-429f-53f6-22f000228760">
      <Execution id="d340b70b-ac04-46ed-a138-bc9ee14b9ebc" />
      <TestMethod codeBase="D:/DevProjects/SongSearch/Codewerks.SongSearch.Web.Tests/bin/Debug/Codewerks.SongSearch.Web.Tests.DLL" adapterTypeName="Microsoft.VisualStudio.TestTools.TestTypes.Unit.UnitTestAdapter, Microsoft.VisualStudio.QualityTools.Tips.UnitTest.Adapter, Version=10.0.0.0, Culture=neutral, PublicKeyToken=b03f5f7f11d50a3a" className="Codewerks.SongSearch.Web.Tests.Services.UserManagementTests, Codewerks.SongSearch.Web.Tests, Version=1.0.0.0, Culture=neutral, PublicKeyToken=null" name="Admin_User_Can_Revoke_Catalog_Access_To_User_And_ChildUsers" />
    </UnitTest>
  </TestDefinitions>
  <TestLists>
    <TestList name="Results Not in a List" id="8c84fa94-04c1-424b-9868-57a2d4851a1d" />
    <TestList name="All Loaded Results" id="19431567-8539-422a-85d7-44ee4e166bda" />
  </TestLists>
  <TestEntries>
    <TestEntry testId="195b2bff-14f1-429f-53f6-22f000228760" executionId="d340b70b-ac04-46ed-a138-bc9ee14b9ebc" testListId="8c84fa94-04c1-424b-9868-57a2d4851a1d" />
  </TestEntries>
  <Results>
    <UnitTestResult executionId="d340b70b-ac04-46ed-a138-bc9ee14b9ebc" testId="195b2bff-14f1-429f-53f6-22f000228760" testName="Admin_User_Can_Revoke_Catalog_Access_To_User_And_ChildUsers" computerName="AUGUSTSRV1" duration="00:01:04.0889020" startTime="2010-05-14T10:12:32.5746387+02:00" endTime="2010-05-14T10:13:38.1603900+02:00" testType="13cdc9d9-ddb5-4fa4-a97d-d965ccfc6d4b" outcome="Passed" testListId="8c84fa94-04c1-424b-9868-57a2d4851a1d" relativeResultsDirectory="d340b70b-ac04-46ed-a138-bc9ee14b9ebc">
    </UnitTestResult>
  </Results>
</TestRun>