<?xml version="1.0" encoding="UTF-8"?>
<TestRun id="93c3aac3-df0b-49db-b7f1-4d69a24032b6" name="claus@AUGUSTSRV1 2010-05-17 12:32:27" runUser="AUGUSTSRV1\claus" xmlns="http://microsoft.com/schemas/VisualStudio/TeamTest/2010">
  <TestSettings name="Default Test Settings" id="3426e9db-9a72-4a5d-bc17-790cd1757b57">
    <Deployment runDeploymentRoot="claus_AUGUSTSRV1 2010-05-17 12_32_27">
      <DeploymentItem filename="D:\DevProjects\SongSearch\SongSearch.Web\bin\SongSearch.Web.dll" />
    </Deployment>
    <Execution>
      <TestTypeSpecific />
      <AgentRule name="Execution Agents">
      </AgentRule>
    </Execution>
  </TestSettings>
  <Times creation="2010-05-17T12:32:27.9508387+02:00" queuing="2010-05-17T12:32:28.7358836+02:00" start="2010-05-17T12:32:28.8588906+02:00" finish="2010-05-17T12:32:53.6923110+02:00" />
  <ResultSummary outcome="Completed">
    <Counters total="1" executed="1" passed="1" error="0" failed="0" timeout="0" aborted="0" inconclusive="0" passedButRunAborted="0" notRunnable="0" notExecuted="0" disconnected="0" warning="0" completed="0" inProgress="0" pending="0" />
  </ResultSummary>
  <TestDefinitions>
    <UnitTest name="TopTags_Should_Return_OrderedByMostTaggs" storage="d:\devprojects\songsearch\codewerks.songsearch.web.tests\bin\debug\codewerks.songsearch.web.tests.dll" id="57735e29-b3cd-52c4-5d6a-11f072aab1a6">
      <Execution id="51ef6ad8-a811-4cf8-b924-1311bc4ed1ff" />
      <TestMethod codeBase="D:/DevProjects/SongSearch/Codewerks.SongSearch.Web.Tests/bin/Debug/Codewerks.SongSearch.Web.Tests.DLL" adapterTypeName="Microsoft.VisualStudio.TestTools.TestTypes.Unit.UnitTestAdapter, Microsoft.VisualStudio.QualityTools.Tips.UnitTest.Adapter, Version=10.0.0.0, Culture=neutral, PublicKeyToken=b03f5f7f11d50a3a" className="Codewerks.SongSearch.Web.Tests.Services.SearchServiceTests, Codewerks.SongSearch.Web.Tests, Version=1.0.0.0, Culture=neutral, PublicKeyToken=null" name="TopTags_Should_Return_OrderedByMostTaggs" />
    </UnitTest>
  </TestDefinitions>
  <TestLists>
    <TestList name="Results Not in a List" id="8c84fa94-04c1-424b-9868-57a2d4851a1d" />
    <TestList name="All Loaded Results" id="19431567-8539-422a-85d7-44ee4e166bda" />
  </TestLists>
  <TestEntries>
    <TestEntry testId="57735e29-b3cd-52c4-5d6a-11f072aab1a6" executionId="51ef6ad8-a811-4cf8-b924-1311bc4ed1ff" testListId="8c84fa94-04c1-424b-9868-57a2d4851a1d" />
  </TestEntries>
  <Results>
    <UnitTestResult executionId="51ef6ad8-a811-4cf8-b924-1311bc4ed1ff" testId="57735e29-b3cd-52c4-5d6a-11f072aab1a6" testName="TopTags_Should_Return_OrderedByMostTaggs" computerName="AUGUSTSRV1" duration="00:00:22.4451631" startTime="2010-05-17T12:32:28.9618965+02:00" endTime="2010-05-17T12:32:52.1172209+02:00" testType="13cdc9d9-ddb5-4fa4-a97d-d965ccfc6d4b" outcome="Passed" testListId="8c84fa94-04c1-424b-9868-57a2d4851a1d" relativeResultsDirectory="51ef6ad8-a811-4cf8-b924-1311bc4ed1ff">
    </UnitTestResult>
  </Results>
</TestRun>