<?xml version="1.0" encoding="UTF-8"?>
<TestRun id="cb7d172e-8d8c-4bfb-bf79-5db0045195fe" name="claus@AUGUSTSRV1 2010-05-14 10:43:51" runUser="AUGUSTSRV1\claus" xmlns="http://microsoft.com/schemas/VisualStudio/TeamTest/2010">
  <TestSettings name="Default Test Settings" id="58cce7f0-29b4-4ea8-8537-ad4ce4fab338">
    <Deployment runDeploymentRoot="claus_AUGUSTSRV1 2010-05-14 10_43_51">
      <DeploymentItem filename="D:\DevProjects\SongSearch\SongSearch.Web\bin\SongSearch.Web.dll" />
    </Deployment>
    <Execution>
      <TestTypeSpecific />
      <AgentRule name="Execution Agents">
      </AgentRule>
    </Execution>
  </TestSettings>
  <Times creation="2010-05-14T10:43:51.4731056+02:00" queuing="2010-05-14T10:43:52.3291545+02:00" start="2010-05-14T10:43:52.4311604+02:00" finish="2010-05-14T10:44:15.0024514+02:00" />
  <ResultSummary outcome="Error">
    <Counters total="1" executed="1" error="0" failed="0" timeout="0" aborted="1" inconclusive="0" passedButRunAborted="0" notRunnable="0" notExecuted="0" disconnected="0" warning="0" passed="0" completed="0" inProgress="0" pending="0" />
    <RunInfos>
      <RunInfo computerName="AUGUSTSRV1" outcome="Error" timestamp="2010-05-14T10:44:14.9974511+02:00">
        <Text>Test host process exited unexpectedly.</Text>
      </RunInfo>
    </RunInfos>
  </ResultSummary>
  <TestDefinitions>
    <UnitTest name="Admin_User_Can_Revoke_Catalog_Access_To_User_And_ChildUsers" storage="d:\devprojects\songsearch\codewerks.songsearch.web.tests\bin\debug\codewerks.songsearch.web.tests.dll" id="195b2bff-14f1-429f-53f6-22f000228760">
      <Execution id="8936a878-7f83-459e-b9d0-69f166f70e05" />
      <TestMethod codeBase="D:/DevProjects/SongSearch/Codewerks.SongSearch.Web.Tests/bin/Debug/Codewerks.SongSearch.Web.Tests.DLL" adapterTypeName="Microsoft.VisualStudio.TestTools.TestTypes.Unit.UnitTestAdapter, Microsoft.VisualStudio.QualityTools.Tips.UnitTest.Adapter, Version=10.0.0.0, Culture=neutral, PublicKeyToken=b03f5f7f11d50a3a" className="Codewerks.SongSearch.Web.Tests.Services.UserManagementTests, Codewerks.SongSearch.Web.Tests, Version=1.0.0.0, Culture=neutral, PublicKeyToken=null" name="Admin_User_Can_Revoke_Catalog_Access_To_User_And_ChildUsers" />
    </UnitTest>
  </TestDefinitions>
  <TestLists>
    <TestList name="Results Not in a List" id="8c84fa94-04c1-424b-9868-57a2d4851a1d" />
    <TestList name="All Loaded Results" id="19431567-8539-422a-85d7-44ee4e166bda" />
  </TestLists>
  <TestEntries>
    <TestEntry testId="195b2bff-14f1-429f-53f6-22f000228760" executionId="8936a878-7f83-459e-b9d0-69f166f70e05" testListId="8c84fa94-04c1-424b-9868-57a2d4851a1d" />
  </TestEntries>
  <Results>
    <UnitTestResult executionId="8936a878-7f83-459e-b9d0-69f166f70e05" testId="195b2bff-14f1-429f-53f6-22f000228760" testName="Admin_User_Can_Revoke_Catalog_Access_To_User_And_ChildUsers" computerName="AUGUSTSRV1" duration="00:00:22.4732854" startTime="2010-05-14T10:43:52.5291660+02:00" endTime="2010-05-14T10:44:15.0024514+02:00" testType="13cdc9d9-ddb5-4fa4-a97d-d965ccfc6d4b" outcome="Aborted" testListId="8c84fa94-04c1-424b-9868-57a2d4851a1d" relativeResultsDirectory="8936a878-7f83-459e-b9d0-69f166f70e05">
    </UnitTestResult>
  </Results>
</TestRun>