<?xml version="1.0" encoding="UTF-8"?>
<TestRun id="e75f24dd-3fbe-4199-a189-3db341bb5efe" name="claus@AUGUSTSRV1 2010-05-20 11:44:27" runUser="AUGUSTSRV1\claus" xmlns="http://microsoft.com/schemas/VisualStudio/TeamTest/2010">
  <TestSettings name="Default Test Settings" id="884d2bfa-311e-4e14-8ec4-e117f55adfe6">
    <Deployment runDeploymentRoot="claus_AUGUSTSRV1 2010-05-20 11_44_27">
      <DeploymentItem filename="D:\DevProjects\SongSearch\SongSearch.Web\bin\SongSearch.Web.dll" />
    </Deployment>
    <Execution>
      <TestTypeSpecific />
      <AgentRule name="Execution Agents">
      </AgentRule>
    </Execution>
  </TestSettings>
  <Times creation="2010-05-20T11:44:27.7380227+02:00" queuing="2010-05-20T11:44:27.9000320+02:00" start="2010-05-20T11:44:27.9060323+02:00" finish="2010-05-20T11:44:29.5661273+02:00" />
  <ResultSummary outcome="Completed">
    <Counters total="9" executed="9" passed="9" error="0" failed="0" timeout="0" aborted="0" inconclusive="0" passedButRunAborted="0" notRunnable="0" notExecuted="0" disconnected="0" warning="0" completed="0" inProgress="0" pending="0" />
  </ResultSummary>
  <TestDefinitions>
    <UnitTest name="Lookup_List_Artist_Should_Return_1637_Items" storage="d:\devprojects\songsearch\codewerks.songsearch.web.tests\bin\debug\codewerks.songsearch.web.tests.dll" id="4531c3be-921b-f556-823b-f30bd5d7dbfc">
      <Execution id="0df04c16-4c36-4cae-9bef-f1e9048c6f4e" />
      <TestMethod codeBase="D:/DevProjects/SongSearch/Codewerks.SongSearch.Web.Tests/bin/Debug/Codewerks.SongSearch.Web.Tests.DLL" adapterTypeName="Microsoft.VisualStudio.TestTools.TestTypes.Unit.UnitTestAdapter, Microsoft.VisualStudio.QualityTools.Tips.UnitTest.Adapter, Version=10.0.0.0, Culture=neutral, PublicKeyToken=b03f5f7f11d50a3a" className="Codewerks.SongSearch.Web.Tests.Services.SearchServiceTests, Codewerks.SongSearch.Web.Tests, Version=1.0.0.0, Culture=neutral, PublicKeyToken=null" name="Lookup_List_Artist_Should_Return_1637_Items" />
    </UnitTest>
    <UnitTest name="Lookup_List_Catalog_Should_Return_All_Items" storage="d:\devprojects\songsearch\codewerks.songsearch.web.tests\bin\debug\codewerks.songsearch.web.tests.dll" id="096de424-6a4d-6fb1-d81b-e4560450cc5a">
      <Execution id="a36bf0af-e1e9-43a2-b9a1-61410e617e5e" />
      <TestMethod codeBase="D:/DevProjects/SongSearch/Codewerks.SongSearch.Web.Tests/bin/Debug/Codewerks.SongSearch.Web.Tests.DLL" adapterTypeName="Microsoft.VisualStudio.TestTools.TestTypes.Unit.UnitTestAdapter, Microsoft.VisualStudio.QualityTools.Tips.UnitTest.Adapter, Version=10.0.0.0, Culture=neutral, PublicKeyToken=b03f5f7f11d50a3a" className="Codewerks.SongSearch.Web.Tests.Services.SearchServiceTests, Codewerks.SongSearch.Web.Tests, Version=1.0.0.0, Culture=neutral, PublicKeyToken=null" name="Lookup_List_Catalog_Should_Return_All_Items" />
    </UnitTest>
    <UnitTest name="Lookup_List_Territories_Should_Return_All_Items" storage="d:\devprojects\songsearch\codewerks.songsearch.web.tests\bin\debug\codewerks.songsearch.web.tests.dll" id="e5a4c698-1528-6183-e272-e075832678bb">
      <Execution id="641a26db-f6e8-4483-b0da-ffe718044ab2" />
      <TestMethod codeBase="D:/DevProjects/SongSearch/Codewerks.SongSearch.Web.Tests/bin/Debug/Codewerks.SongSearch.Web.Tests.DLL" adapterTypeName="Microsoft.VisualStudio.TestTools.TestTypes.Unit.UnitTestAdapter, Microsoft.VisualStudio.QualityTools.Tips.UnitTest.Adapter, Version=10.0.0.0, Culture=neutral, PublicKeyToken=b03f5f7f11d50a3a" className="Codewerks.SongSearch.Web.Tests.Services.SearchServiceTests, Codewerks.SongSearch.Web.Tests, Version=1.0.0.0, Culture=neutral, PublicKeyToken=null" name="Lookup_List_Territories_Should_Return_All_Items" />
    </UnitTest>
    <UnitTest name="TopStyles_Should_Return_TopLimitOnly" storage="d:\devprojects\songsearch\codewerks.songsearch.web.tests\bin\debug\codewerks.songsearch.web.tests.dll" id="9d683688-9272-8169-8ab9-208532dfd9c7">
      <Execution id="27b614f0-9e92-4a2c-b4f3-b8c73c407138" />
      <TestMethod codeBase="D:/DevProjects/SongSearch/Codewerks.SongSearch.Web.Tests/bin/Debug/Codewerks.SongSearch.Web.Tests.DLL" adapterTypeName="Microsoft.VisualStudio.TestTools.TestTypes.Unit.UnitTestAdapter, Microsoft.VisualStudio.QualityTools.Tips.UnitTest.Adapter, Version=10.0.0.0, Culture=neutral, PublicKeyToken=b03f5f7f11d50a3a" className="Codewerks.SongSearch.Web.Tests.Services.SearchServiceTests, Codewerks.SongSearch.Web.Tests, Version=1.0.0.0, Culture=neutral, PublicKeyToken=null" name="TopStyles_Should_Return_TopLimitOnly" />
    </UnitTest>
    <UnitTest name="TopStyles_Should_Return_OrderedByMostTagged" storage="d:\devprojects\songsearch\codewerks.songsearch.web.tests\bin\debug\codewerks.songsearch.web.tests.dll" id="eacfecb6-300b-0643-e032-71a65be72c44">
      <Execution id="7c2d27ce-b887-4f6e-98bd-d03c1b07412a" />
      <TestMethod codeBase="D:/DevProjects/SongSearch/Codewerks.SongSearch.Web.Tests/bin/Debug/Codewerks.SongSearch.Web.Tests.DLL" adapterTypeName="Microsoft.VisualStudio.TestTools.TestTypes.Unit.UnitTestAdapter, Microsoft.VisualStudio.QualityTools.Tips.UnitTest.Adapter, Version=10.0.0.0, Culture=neutral, PublicKeyToken=b03f5f7f11d50a3a" className="Codewerks.SongSearch.Web.Tests.Services.SearchServiceTests, Codewerks.SongSearch.Web.Tests, Version=1.0.0.0, Culture=neutral, PublicKeyToken=null" name="TopStyles_Should_Return_OrderedByMostTagged" />
    </UnitTest>
    <UnitTest name="Search_Love_Should_Return_448_Results" storage="d:\devprojects\songsearch\codewerks.songsearch.web.tests\bin\debug\codewerks.songsearch.web.tests.dll" id="f0e94873-0467-44d2-0d00-0faeb43850d4">
      <Execution id="c13707cd-ac66-41f6-9341-2ca9212a95f3" />
      <TestMethod codeBase="D:/DevProjects/SongSearch/Codewerks.SongSearch.Web.Tests/bin/Debug/Codewerks.SongSearch.Web.Tests.DLL" adapterTypeName="Microsoft.VisualStudio.TestTools.TestTypes.Unit.UnitTestAdapter, Microsoft.VisualStudio.QualityTools.Tips.UnitTest.Adapter, Version=10.0.0.0, Culture=neutral, PublicKeyToken=b03f5f7f11d50a3a" className="Codewerks.SongSearch.Web.Tests.Services.SearchServiceTests, Codewerks.SongSearch.Web.Tests, Version=1.0.0.0, Culture=neutral, PublicKeyToken=null" name="Search_Love_Should_Return_448_Results" />
    </UnitTest>
    <UnitTest name="Search_Results_Can_Be_User_Sorted" storage="d:\devprojects\songsearch\codewerks.songsearch.web.tests\bin\debug\codewerks.songsearch.web.tests.dll" id="d72d65ea-4fcd-3871-4fdb-1390d82c55ab">
      <Execution id="78faf4ab-3232-4b33-a803-366f2f7801a6" />
      <TestMethod codeBase="D:/DevProjects/SongSearch/Codewerks.SongSearch.Web.Tests/bin/Debug/Codewerks.SongSearch.Web.Tests.DLL" adapterTypeName="Microsoft.VisualStudio.TestTools.TestTypes.Unit.UnitTestAdapter, Microsoft.VisualStudio.QualityTools.Tips.UnitTest.Adapter, Version=10.0.0.0, Culture=neutral, PublicKeyToken=b03f5f7f11d50a3a" className="Codewerks.SongSearch.Web.Tests.Services.SearchServiceTests, Codewerks.SongSearch.Web.Tests, Version=1.0.0.0, Culture=neutral, PublicKeyToken=null" name="Search_Results_Can_Be_User_Sorted" />
    </UnitTest>
    <UnitTest name="Repeated_Calls_To_Content_Details_Should_Not_Block" storage="d:\devprojects\songsearch\codewerks.songsearch.web.tests\bin\debug\codewerks.songsearch.web.tests.dll" id="e147f4e3-a6e9-b0c5-9378-011d32c0f2fe">
      <Execution id="e0b42a94-09e0-4bb6-af3d-5b70bd96c39d" />
      <TestMethod codeBase="D:/DevProjects/SongSearch/Codewerks.SongSearch.Web.Tests/bin/Debug/Codewerks.SongSearch.Web.Tests.DLL" adapterTypeName="Microsoft.VisualStudio.TestTools.TestTypes.Unit.UnitTestAdapter, Microsoft.VisualStudio.QualityTools.Tips.UnitTest.Adapter, Version=10.0.0.0, Culture=neutral, PublicKeyToken=b03f5f7f11d50a3a" className="Codewerks.SongSearch.Web.Tests.Services.SearchServiceTests, Codewerks.SongSearch.Web.Tests, Version=1.0.0.0, Culture=neutral, PublicKeyToken=null" name="Repeated_Calls_To_Content_Details_Should_Not_Block" />
    </UnitTest>
    <UnitTest name="Content_Details_Should_Contain_Releated_Entities" storage="d:\devprojects\songsearch\codewerks.songsearch.web.tests\bin\debug\codewerks.songsearch.web.tests.dll" id="fbf04ba5-d512-80fd-271c-4453e8d4c1ef">
      <Execution id="f00ba112-278e-47a6-ac9e-e7ab194a11e5" />
      <TestMethod codeBase="D:/DevProjects/SongSearch/Codewerks.SongSearch.Web.Tests/bin/Debug/Codewerks.SongSearch.Web.Tests.DLL" adapterTypeName="Microsoft.VisualStudio.TestTools.TestTypes.Unit.UnitTestAdapter, Microsoft.VisualStudio.QualityTools.Tips.UnitTest.Adapter, Version=10.0.0.0, Culture=neutral, PublicKeyToken=b03f5f7f11d50a3a" className="Codewerks.SongSearch.Web.Tests.Services.SearchServiceTests, Codewerks.SongSearch.Web.Tests, Version=1.0.0.0, Culture=neutral, PublicKeyToken=null" name="Content_Details_Should_Contain_Releated_Entities" />
    </UnitTest>
  </TestDefinitions>
  <TestLists>
    <TestList name="Results Not in a List" id="8c84fa94-04c1-424b-9868-57a2d4851a1d" />
    <TestList name="All Loaded Results" id="19431567-8539-422a-85d7-44ee4e166bda" />
  </TestLists>
  <TestEntries>
    <TestEntry testId="096de424-6a4d-6fb1-d81b-e4560450cc5a" executionId="a36bf0af-e1e9-43a2-b9a1-61410e617e5e" testListId="8c84fa94-04c1-424b-9868-57a2d4851a1d" />
    <TestEntry testId="4531c3be-921b-f556-823b-f30bd5d7dbfc" executionId="0df04c16-4c36-4cae-9bef-f1e9048c6f4e" testListId="8c84fa94-04c1-424b-9868-57a2d4851a1d" />
    <TestEntry testId="9d683688-9272-8169-8ab9-208532dfd9c7" executionId="27b614f0-9e92-4a2c-b4f3-b8c73c407138" testListId="8c84fa94-04c1-424b-9868-57a2d4851a1d" />
    <TestEntry testId="d72d65ea-4fcd-3871-4fdb-1390d82c55ab" executionId="78faf4ab-3232-4b33-a803-366f2f7801a6" testListId="8c84fa94-04c1-424b-9868-57a2d4851a1d" />
    <TestEntry testId="e147f4e3-a6e9-b0c5-9378-011d32c0f2fe" executionId="e0b42a94-09e0-4bb6-af3d-5b70bd96c39d" testListId="8c84fa94-04c1-424b-9868-57a2d4851a1d" />
    <TestEntry testId="e5a4c698-1528-6183-e272-e075832678bb" executionId="641a26db-f6e8-4483-b0da-ffe718044ab2" testListId="8c84fa94-04c1-424b-9868-57a2d4851a1d" />
    <TestEntry testId="eacfecb6-300b-0643-e032-71a65be72c44" executionId="7c2d27ce-b887-4f6e-98bd-d03c1b07412a" testListId="8c84fa94-04c1-424b-9868-57a2d4851a1d" />
    <TestEntry testId="f0e94873-0467-44d2-0d00-0faeb43850d4" executionId="c13707cd-ac66-41f6-9341-2ca9212a95f3" testListId="8c84fa94-04c1-424b-9868-57a2d4851a1d" />
    <TestEntry testId="fbf04ba5-d512-80fd-271c-4453e8d4c1ef" executionId="f00ba112-278e-47a6-ac9e-e7ab194a11e5" testListId="8c84fa94-04c1-424b-9868-57a2d4851a1d" />
  </TestEntries>
  <Results>
    <UnitTestResult executionId="a36bf0af-e1e9-43a2-b9a1-61410e617e5e" testId="096de424-6a4d-6fb1-d81b-e4560450cc5a" testName="Lookup_List_Catalog_Should_Return_All_Items" computerName="AUGUSTSRV1" duration="00:00:00.0196021" startTime="2010-05-20T11:44:27.9070324+02:00" endTime="2010-05-20T11:44:28.2440517+02:00" testType="13cdc9d9-ddb5-4fa4-a97d-d965ccfc6d4b" outcome="Passed" testListId="8c84fa94-04c1-424b-9868-57a2d4851a1d" relativeResultsDirectory="a36bf0af-e1e9-43a2-b9a1-61410e617e5e">
    </UnitTestResult>
    <UnitTestResult executionId="0df04c16-4c36-4cae-9bef-f1e9048c6f4e" testId="4531c3be-921b-f556-823b-f30bd5d7dbfc" testName="Lookup_List_Artist_Should_Return_1637_Items" computerName="AUGUSTSRV1" duration="00:00:00.0155306" startTime="2010-05-20T11:44:28.2450517+02:00" endTime="2010-05-20T11:44:28.2640528+02:00" testType="13cdc9d9-ddb5-4fa4-a97d-d965ccfc6d4b" outcome="Passed" testListId="8c84fa94-04c1-424b-9868-57a2d4851a1d" relativeResultsDirectory="0df04c16-4c36-4cae-9bef-f1e9048c6f4e">
    </UnitTestResult>
    <UnitTestResult executionId="27b614f0-9e92-4a2c-b4f3-b8c73c407138" testId="9d683688-9272-8169-8ab9-208532dfd9c7" testName="TopStyles_Should_Return_TopLimitOnly" computerName="AUGUSTSRV1" duration="00:00:00.0343673" startTime="2010-05-20T11:44:28.2640528+02:00" endTime="2010-05-20T11:44:28.3010549+02:00" testType="13cdc9d9-ddb5-4fa4-a97d-d965ccfc6d4b" outcome="Passed" testListId="8c84fa94-04c1-424b-9868-57a2d4851a1d" relativeResultsDirectory="27b614f0-9e92-4a2c-b4f3-b8c73c407138">
    </UnitTestResult>
    <UnitTestResult executionId="78faf4ab-3232-4b33-a803-366f2f7801a6" testId="d72d65ea-4fcd-3871-4fdb-1390d82c55ab" testName="Search_Results_Can_Be_User_Sorted" computerName="AUGUSTSRV1" duration="00:00:00.6668920" startTime="2010-05-20T11:44:28.3020550+02:00" endTime="2010-05-20T11:44:28.9720933+02:00" testType="13cdc9d9-ddb5-4fa4-a97d-d965ccfc6d4b" outcome="Passed" testListId="8c84fa94-04c1-424b-9868-57a2d4851a1d" relativeResultsDirectory="78faf4ab-3232-4b33-a803-366f2f7801a6">
    </UnitTestResult>
    <UnitTestResult executionId="e0b42a94-09e0-4bb6-af3d-5b70bd96c39d" testId="e147f4e3-a6e9-b0c5-9378-011d32c0f2fe" testName="Repeated_Calls_To_Content_Details_Should_Not_Block" computerName="AUGUSTSRV1" duration="00:00:00.1498362" startTime="2010-05-20T11:44:28.9730934+02:00" endTime="2010-05-20T11:44:29.1261021+02:00" testType="13cdc9d9-ddb5-4fa4-a97d-d965ccfc6d4b" outcome="Passed" testListId="8c84fa94-04c1-424b-9868-57a2d4851a1d" relativeResultsDirectory="e0b42a94-09e0-4bb6-af3d-5b70bd96c39d">
    </UnitTestResult>
    <UnitTestResult executionId="641a26db-f6e8-4483-b0da-ffe718044ab2" testId="e5a4c698-1528-6183-e272-e075832678bb" testName="Lookup_List_Territories_Should_Return_All_Items" computerName="AUGUSTSRV1" duration="00:00:00.0102492" startTime="2010-05-20T11:44:29.1271022+02:00" endTime="2010-05-20T11:44:29.1401029+02:00" testType="13cdc9d9-ddb5-4fa4-a97d-d965ccfc6d4b" outcome="Passed" testListId="8c84fa94-04c1-424b-9868-57a2d4851a1d" relativeResultsDirectory="641a26db-f6e8-4483-b0da-ffe718044ab2">
    </UnitTestResult>
    <UnitTestResult executionId="7c2d27ce-b887-4f6e-98bd-d03c1b07412a" testId="eacfecb6-300b-0643-e032-71a65be72c44" testName="TopStyles_Should_Return_OrderedByMostTagged" computerName="AUGUSTSRV1" duration="00:00:00.0242102" startTime="2010-05-20T11:44:29.1401029+02:00" endTime="2010-05-20T11:44:29.1681045+02:00" testType="13cdc9d9-ddb5-4fa4-a97d-d965ccfc6d4b" outcome="Passed" testListId="8c84fa94-04c1-424b-9868-57a2d4851a1d" relativeResultsDirectory="7c2d27ce-b887-4f6e-98bd-d03c1b07412a">
    </UnitTestResult>
    <UnitTestResult executionId="c13707cd-ac66-41f6-9341-2ca9212a95f3" testId="f0e94873-0467-44d2-0d00-0faeb43850d4" testName="Search_Love_Should_Return_448_Results" computerName="AUGUSTSRV1" duration="00:00:00.3082432" startTime="2010-05-20T11:44:29.1691046+02:00" endTime="2010-05-20T11:44:29.4811224+02:00" testType="13cdc9d9-ddb5-4fa4-a97d-d965ccfc6d4b" outcome="Passed" testListId="8c84fa94-04c1-424b-9868-57a2d4851a1d" relativeResultsDirectory="c13707cd-ac66-41f6-9341-2ca9212a95f3">
    </UnitTestResult>
    <UnitTestResult executionId="f00ba112-278e-47a6-ac9e-e7ab194a11e5" testId="fbf04ba5-d512-80fd-271c-4453e8d4c1ef" testName="Content_Details_Should_Contain_Releated_Entities" computerName="AUGUSTSRV1" duration="00:00:00.0711719" startTime="2010-05-20T11:44:29.4811224+02:00" endTime="2010-05-20T11:44:29.5561267+02:00" testType="13cdc9d9-ddb5-4fa4-a97d-d965ccfc6d4b" outcome="Passed" testListId="8c84fa94-04c1-424b-9868-57a2d4851a1d" relativeResultsDirectory="f00ba112-278e-47a6-ac9e-e7ab194a11e5">
    </UnitTestResult>
  </Results>
</TestRun>