<?xml version="1.0" encoding="UTF-8"?>
<TestRun id="bb3e95e4-6e56-40e8-9759-fbba97bd33b9" name="claus@AUGUSTSRV1 2010-05-13 16:45:58" runUser="AUGUSTSRV1\claus" xmlns="http://microsoft.com/schemas/VisualStudio/TeamTest/2010">
  <TestSettings name="Default Test Settings" id="a647eab6-1114-4a85-b3d2-db8721774166">
    <Deployment runDeploymentRoot="claus_AUGUSTSRV1 2010-05-13 16_45_58">
      <DeploymentItem filename="D:\DevProjects\SongSearch\SongSearch.Web\bin\SongSearch.Web.dll" />
    </Deployment>
    <Execution>
      <TestTypeSpecific />
      <AgentRule name="Execution Agents">
      </AgentRule>
    </Execution>
  </TestSettings>
  <Times creation="2010-05-13T16:45:58.6030290+02:00" queuing="2010-05-13T16:45:59.5140811+02:00" start="2010-05-13T16:45:59.6230873+02:00" finish="2010-05-13T16:47:01.2236107+02:00" />
  <ResultSummary outcome="Error">
    <Counters total="7" executed="3" error="0" failed="2" timeout="0" aborted="1" inconclusive="0" passedButRunAborted="0" notRunnable="0" notExecuted="4" disconnected="0" warning="0" passed="0" completed="0" inProgress="0" pending="0" />
    <RunInfos>
      <RunInfo computerName="AUGUSTSRV1" outcome="Error" timestamp="2010-05-13T16:47:01.2226106+02:00">
        <Text>Test host process exited unexpectedly.</Text>
      </RunInfo>
    </RunInfos>
  </ResultSummary>
  <TestDefinitions>
    <UnitTest name="Plugger_Can_Update_User_Signature" storage="d:\devprojects\songsearch\codewerks.songsearch.web.tests\bin\debug\codewerks.songsearch.web.tests.dll" id="dd5d3388-224c-fa9a-fbf1-c14a18cb024a">
      <Execution id="a1a57eba-492e-4cb0-8d2a-7b1d9b83876f" />
      <TestMethod codeBase="D:/DevProjects/SongSearch/Codewerks.SongSearch.Web.Tests/bin/Debug/Codewerks.SongSearch.Web.Tests.DLL" adapterTypeName="Microsoft.VisualStudio.TestTools.TestTypes.Unit.UnitTestAdapter, Microsoft.VisualStudio.QualityTools.Tips.UnitTest.Adapter, Version=10.0.0.0, Culture=neutral, PublicKeyToken=b03f5f7f11d50a3a" className="Codewerks.SongSearch.Web.Tests.Services.AccountServiceTests, Codewerks.SongSearch.Web.Tests, Version=1.0.0.0, Culture=neutral, PublicKeyToken=null" name="Plugger_Can_Update_User_Signature" />
    </UnitTest>
    <UnitTest name="Can_Check_If_User_Exists" storage="d:\devprojects\songsearch\codewerks.songsearch.web.tests\bin\debug\codewerks.songsearch.web.tests.dll" id="f8dbdc96-0372-dcf3-e5dc-fea79600ec53">
      <Execution id="2db75cf7-0350-410e-ae7f-4d6f830033d8" />
      <TestMethod codeBase="D:/DevProjects/SongSearch/Codewerks.SongSearch.Web.Tests/bin/Debug/Codewerks.SongSearch.Web.Tests.DLL" adapterTypeName="Microsoft.VisualStudio.TestTools.TestTypes.Unit.UnitTestAdapter, Microsoft.VisualStudio.QualityTools.Tips.UnitTest.Adapter, Version=10.0.0.0, Culture=neutral, PublicKeyToken=b03f5f7f11d50a3a" className="Codewerks.SongSearch.Web.Tests.Services.AccountServiceTests, Codewerks.SongSearch.Web.Tests, Version=1.0.0.0, Culture=neutral, PublicKeyToken=null" name="Can_Check_If_User_Exists" />
    </UnitTest>
    <UnitTest name="Can_Validate_User" storage="d:\devprojects\songsearch\codewerks.songsearch.web.tests\bin\debug\codewerks.songsearch.web.tests.dll" id="c01ecd59-549f-b493-9daa-31765063ba2e">
      <Execution id="619f2331-69e9-44e0-b53a-a30ced21b665" />
      <TestMethod codeBase="D:/DevProjects/SongSearch/Codewerks.SongSearch.Web.Tests/bin/Debug/Codewerks.SongSearch.Web.Tests.DLL" adapterTypeName="Microsoft.VisualStudio.TestTools.TestTypes.Unit.UnitTestAdapter, Microsoft.VisualStudio.QualityTools.Tips.UnitTest.Adapter, Version=10.0.0.0, Culture=neutral, PublicKeyToken=b03f5f7f11d50a3a" className="Codewerks.SongSearch.Web.Tests.Services.AccountServiceTests, Codewerks.SongSearch.Web.Tests, Version=1.0.0.0, Culture=neutral, PublicKeyToken=null" name="Can_Validate_User" />
    </UnitTest>
    <UnitTest name="User_Can_Update_Password" storage="d:\devprojects\songsearch\codewerks.songsearch.web.tests\bin\debug\codewerks.songsearch.web.tests.dll" id="12a79eb3-8091-2978-ec4a-1a438b9e5698">
      <Execution id="52c1160a-6a69-497d-80c3-db3bbc6ee7df" />
      <TestMethod codeBase="D:/DevProjects/SongSearch/Codewerks.SongSearch.Web.Tests/bin/Debug/Codewerks.SongSearch.Web.Tests.DLL" adapterTypeName="Microsoft.VisualStudio.TestTools.TestTypes.Unit.UnitTestAdapter, Microsoft.VisualStudio.QualityTools.Tips.UnitTest.Adapter, Version=10.0.0.0, Culture=neutral, PublicKeyToken=b03f5f7f11d50a3a" className="Codewerks.SongSearch.Web.Tests.Services.AccountServiceTests, Codewerks.SongSearch.Web.Tests, Version=1.0.0.0, Culture=neutral, PublicKeyToken=null" name="User_Can_Update_Password" />
    </UnitTest>
    <UnitTest name="Plugger_Cannot_Update_User_Signature" storage="d:\devprojects\songsearch\codewerks.songsearch.web.tests\bin\debug\codewerks.songsearch.web.tests.dll" id="dc87f936-fc47-0a53-977b-aba9d005d921">
      <Execution id="dfd9f4dc-3019-47bc-8b54-4b914d360db7" />
      <TestMethod codeBase="D:/DevProjects/SongSearch/Codewerks.SongSearch.Web.Tests/bin/Debug/Codewerks.SongSearch.Web.Tests.DLL" adapterTypeName="Microsoft.VisualStudio.TestTools.TestTypes.Unit.UnitTestAdapter, Microsoft.VisualStudio.QualityTools.Tips.UnitTest.Adapter, Version=10.0.0.0, Culture=neutral, PublicKeyToken=b03f5f7f11d50a3a" className="Codewerks.SongSearch.Web.Tests.Services.AccountServiceTests, Codewerks.SongSearch.Web.Tests, Version=1.0.0.0, Culture=neutral, PublicKeyToken=null" name="Plugger_Cannot_Update_User_Signature" />
    </UnitTest>
    <UnitTest name="User_Can_Update_Profile" storage="d:\devprojects\songsearch\codewerks.songsearch.web.tests\bin\debug\codewerks.songsearch.web.tests.dll" id="2545f0ac-ee15-695d-55a9-2467c05da84d">
      <Execution id="1014e574-113e-4617-ac2e-1bb04c2d30fb" />
      <TestMethod codeBase="D:/DevProjects/SongSearch/Codewerks.SongSearch.Web.Tests/bin/Debug/Codewerks.SongSearch.Web.Tests.DLL" adapterTypeName="Microsoft.VisualStudio.TestTools.TestTypes.Unit.UnitTestAdapter, Microsoft.VisualStudio.QualityTools.Tips.UnitTest.Adapter, Version=10.0.0.0, Culture=neutral, PublicKeyToken=b03f5f7f11d50a3a" className="Codewerks.SongSearch.Web.Tests.Services.AccountServiceTests, Codewerks.SongSearch.Web.Tests, Version=1.0.0.0, Culture=neutral, PublicKeyToken=null" name="User_Can_Update_Profile" />
    </UnitTest>
    <UnitTest name="Can_Register_User" storage="d:\devprojects\songsearch\codewerks.songsearch.web.tests\bin\debug\codewerks.songsearch.web.tests.dll" id="383df81d-0cf7-f78f-00b8-047cdd4e0106">
      <Execution id="61626f4d-9a13-4236-ae9e-70e0cbab9db4" />
      <TestMethod codeBase="D:/DevProjects/SongSearch/Codewerks.SongSearch.Web.Tests/bin/Debug/Codewerks.SongSearch.Web.Tests.DLL" adapterTypeName="Microsoft.VisualStudio.TestTools.TestTypes.Unit.UnitTestAdapter, Microsoft.VisualStudio.QualityTools.Tips.UnitTest.Adapter, Version=10.0.0.0, Culture=neutral, PublicKeyToken=b03f5f7f11d50a3a" className="Codewerks.SongSearch.Web.Tests.Services.AccountServiceTests, Codewerks.SongSearch.Web.Tests, Version=1.0.0.0, Culture=neutral, PublicKeyToken=null" name="Can_Register_User" />
    </UnitTest>
  </TestDefinitions>
  <TestLists>
    <TestList name="Results Not in a List" id="8c84fa94-04c1-424b-9868-57a2d4851a1d" />
    <TestList name="All Loaded Results" id="19431567-8539-422a-85d7-44ee4e166bda" />
  </TestLists>
  <TestEntries>
    <TestEntry testId="12a79eb3-8091-2978-ec4a-1a438b9e5698" executionId="52c1160a-6a69-497d-80c3-db3bbc6ee7df" testListId="8c84fa94-04c1-424b-9868-57a2d4851a1d" />
    <TestEntry testId="2545f0ac-ee15-695d-55a9-2467c05da84d" executionId="1014e574-113e-4617-ac2e-1bb04c2d30fb" testListId="8c84fa94-04c1-424b-9868-57a2d4851a1d" />
    <TestEntry testId="383df81d-0cf7-f78f-00b8-047cdd4e0106" executionId="61626f4d-9a13-4236-ae9e-70e0cbab9db4" testListId="8c84fa94-04c1-424b-9868-57a2d4851a1d" />
    <TestEntry testId="c01ecd59-549f-b493-9daa-31765063ba2e" executionId="619f2331-69e9-44e0-b53a-a30ced21b665" testListId="8c84fa94-04c1-424b-9868-57a2d4851a1d" />
    <TestEntry testId="dc87f936-fc47-0a53-977b-aba9d005d921" executionId="dfd9f4dc-3019-47bc-8b54-4b914d360db7" testListId="8c84fa94-04c1-424b-9868-57a2d4851a1d" />
    <TestEntry testId="dd5d3388-224c-fa9a-fbf1-c14a18cb024a" executionId="a1a57eba-492e-4cb0-8d2a-7b1d9b83876f" testListId="8c84fa94-04c1-424b-9868-57a2d4851a1d" />
    <TestEntry testId="f8dbdc96-0372-dcf3-e5dc-fea79600ec53" executionId="2db75cf7-0350-410e-ae7f-4d6f830033d8" testListId="8c84fa94-04c1-424b-9868-57a2d4851a1d" />
  </TestEntries>
  <Results>
    <UnitTestResult executionId="52c1160a-6a69-497d-80c3-db3bbc6ee7df" testId="12a79eb3-8091-2978-ec4a-1a438b9e5698" testName="User_Can_Update_Password" computerName="AUGUSTSRV1" duration="00:00:07.7187992" startTime="2010-05-13T16:45:59.7250932+02:00" endTime="2010-05-13T16:46:08.6356028+02:00" testType="13cdc9d9-ddb5-4fa4-a97d-d965ccfc6d4b" outcome="Failed" testListId="8c84fa94-04c1-424b-9868-57a2d4851a1d" relativeResultsDirectory="52c1160a-6a69-497d-80c3-db3bbc6ee7df">
      <Output>
        <ErrorInfo>
          <Message>Assert.IsTrue failed. </Message>
          <StackTrace>   at Codewerks.SongSearch.Web.Tests.Services.AccountServiceTests.User_Can_Update_Password() in D:\DevProjects\SongSearch\Codewerks.SongSearch.Web.Tests\Services\AccountServiceTests.cs:line 83
</StackTrace>
        </ErrorInfo>
      </Output>
    </UnitTestResult>
    <UnitTestResult executionId="1014e574-113e-4617-ac2e-1bb04c2d30fb" testId="2545f0ac-ee15-695d-55a9-2467c05da84d" testName="User_Can_Update_Profile" computerName="AUGUSTSRV1" duration="00:00:04.8327730" startTime="2010-05-13T16:46:08.6406031+02:00" endTime="2010-05-13T16:46:13.4828801+02:00" testType="13cdc9d9-ddb5-4fa4-a97d-d965ccfc6d4b" outcome="Failed" testListId="8c84fa94-04c1-424b-9868-57a2d4851a1d" relativeResultsDirectory="1014e574-113e-4617-ac2e-1bb04c2d30fb">
      <Output>
        <ErrorInfo>
          <Message>Assert.IsTrue failed. </Message>
          <StackTrace>   at Codewerks.SongSearch.Web.Tests.Services.AccountServiceTests.User_Can_Update_Profile() in D:\DevProjects\SongSearch\Codewerks.SongSearch.Web.Tests\Services\AccountServiceTests.cs:line 98
</StackTrace>
        </ErrorInfo>
      </Output>
    </UnitTestResult>
    <UnitTestResult executionId="61626f4d-9a13-4236-ae9e-70e0cbab9db4" testId="383df81d-0cf7-f78f-00b8-047cdd4e0106" testName="Can_Register_User" computerName="AUGUSTSRV1" duration="00:00:47.7337302" startTime="2010-05-13T16:46:13.4898805+02:00" endTime="2010-05-13T16:47:01.2236107+02:00" testType="13cdc9d9-ddb5-4fa4-a97d-d965ccfc6d4b" outcome="Aborted" testListId="8c84fa94-04c1-424b-9868-57a2d4851a1d" relativeResultsDirectory="61626f4d-9a13-4236-ae9e-70e0cbab9db4">
    </UnitTestResult>
    <UnitTestResult executionId="619f2331-69e9-44e0-b53a-a30ced21b665" testId="c01ecd59-549f-b493-9daa-31765063ba2e" testName="Can_Validate_User" computerName="AUGUSTSRV1" testType="13cdc9d9-ddb5-4fa4-a97d-d965ccfc6d4b" outcome="NotExecuted" testListId="8c84fa94-04c1-424b-9868-57a2d4851a1d" relativeResultsDirectory="619f2331-69e9-44e0-b53a-a30ced21b665">
    </UnitTestResult>
    <UnitTestResult executionId="dfd9f4dc-3019-47bc-8b54-4b914d360db7" testId="dc87f936-fc47-0a53-977b-aba9d005d921" testName="Plugger_Cannot_Update_User_Signature" computerName="AUGUSTSRV1" testType="13cdc9d9-ddb5-4fa4-a97d-d965ccfc6d4b" outcome="NotExecuted" testListId="8c84fa94-04c1-424b-9868-57a2d4851a1d" relativeResultsDirectory="dfd9f4dc-3019-47bc-8b54-4b914d360db7">
    </UnitTestResult>
    <UnitTestResult executionId="a1a57eba-492e-4cb0-8d2a-7b1d9b83876f" testId="dd5d3388-224c-fa9a-fbf1-c14a18cb024a" testName="Plugger_Can_Update_User_Signature" computerName="AUGUSTSRV1" testType="13cdc9d9-ddb5-4fa4-a97d-d965ccfc6d4b" outcome="NotExecuted" testListId="8c84fa94-04c1-424b-9868-57a2d4851a1d" relativeResultsDirectory="a1a57eba-492e-4cb0-8d2a-7b1d9b83876f">
    </UnitTestResult>
    <UnitTestResult executionId="2db75cf7-0350-410e-ae7f-4d6f830033d8" testId="f8dbdc96-0372-dcf3-e5dc-fea79600ec53" testName="Can_Check_If_User_Exists" computerName="AUGUSTSRV1" testType="13cdc9d9-ddb5-4fa4-a97d-d965ccfc6d4b" outcome="NotExecuted" testListId="8c84fa94-04c1-424b-9868-57a2d4851a1d" relativeResultsDirectory="2db75cf7-0350-410e-ae7f-4d6f830033d8">
    </UnitTestResult>
  </Results>
</TestRun>