<?xml version="1.0" encoding="UTF-8"?>
<TestRun id="c1f60822-5d7d-4d04-b1c7-2cac4daf0248" name="claus@AUGUSTSRV1 2010-05-13 17:02:36" runUser="AUGUSTSRV1\claus" xmlns="http://microsoft.com/schemas/VisualStudio/TeamTest/2010">
  <TestSettings name="Default Test Settings" id="4aa24c1b-38da-478f-81d8-2f25bf1ffe08">
    <Deployment runDeploymentRoot="claus_AUGUSTSRV1 2010-05-13 17_02_36">
      <DeploymentItem filename="D:\DevProjects\SongSearch\SongSearch.Web\bin\SongSearch.Web.dll" />
    </Deployment>
    <Execution>
      <TestTypeSpecific />
      <AgentRule name="Execution Agents">
      </AgentRule>
    </Execution>
  </TestSettings>
  <Times creation="2010-05-13T17:02:36.7001169+02:00" queuing="2010-05-13T17:02:37.6101689+02:00" start="2010-05-13T17:02:37.7191752+02:00" finish="2010-05-13T17:03:09.6870036+02:00" />
  <ResultSummary outcome="Failed">
    <Counters total="7" executed="7" error="0" failed="7" timeout="0" aborted="0" inconclusive="0" passedButRunAborted="0" notRunnable="0" notExecuted="0" disconnected="0" warning="0" passed="0" completed="0" inProgress="0" pending="0" />
  </ResultSummary>
  <TestDefinitions>
    <UnitTest name="Plugger_Can_Update_User_Signature" storage="d:\devprojects\songsearch\codewerks.songsearch.web.tests\bin\debug\codewerks.songsearch.web.tests.dll" id="dd5d3388-224c-fa9a-fbf1-c14a18cb024a">
      <Execution id="673bcda4-f34c-49f5-ae0d-f44b1290490b" />
      <TestMethod codeBase="D:/DevProjects/SongSearch/Codewerks.SongSearch.Web.Tests/bin/Debug/Codewerks.SongSearch.Web.Tests.DLL" adapterTypeName="Microsoft.VisualStudio.TestTools.TestTypes.Unit.UnitTestAdapter, Microsoft.VisualStudio.QualityTools.Tips.UnitTest.Adapter, Version=10.0.0.0, Culture=neutral, PublicKeyToken=b03f5f7f11d50a3a" className="Codewerks.SongSearch.Web.Tests.Services.AccountServiceTests, Codewerks.SongSearch.Web.Tests, Version=1.0.0.0, Culture=neutral, PublicKeyToken=null" name="Plugger_Can_Update_User_Signature" />
    </UnitTest>
    <UnitTest name="Can_Check_If_User_Exists" storage="d:\devprojects\songsearch\codewerks.songsearch.web.tests\bin\debug\codewerks.songsearch.web.tests.dll" id="f8dbdc96-0372-dcf3-e5dc-fea79600ec53">
      <Execution id="6552320d-aa05-457d-af7f-122bdc7997ee" />
      <TestMethod codeBase="D:/DevProjects/SongSearch/Codewerks.SongSearch.Web.Tests/bin/Debug/Codewerks.SongSearch.Web.Tests.DLL" adapterTypeName="Microsoft.VisualStudio.TestTools.TestTypes.Unit.UnitTestAdapter, Microsoft.VisualStudio.QualityTools.Tips.UnitTest.Adapter, Version=10.0.0.0, Culture=neutral, PublicKeyToken=b03f5f7f11d50a3a" className="Codewerks.SongSearch.Web.Tests.Services.AccountServiceTests, Codewerks.SongSearch.Web.Tests, Version=1.0.0.0, Culture=neutral, PublicKeyToken=null" name="Can_Check_If_User_Exists" />
    </UnitTest>
    <UnitTest name="Can_Validate_User" storage="d:\devprojects\songsearch\codewerks.songsearch.web.tests\bin\debug\codewerks.songsearch.web.tests.dll" id="c01ecd59-549f-b493-9daa-31765063ba2e">
      <Execution id="81975aaf-e7e8-46e6-92c1-dd47758aac6b" />
      <TestMethod codeBase="D:/DevProjects/SongSearch/Codewerks.SongSearch.Web.Tests/bin/Debug/Codewerks.SongSearch.Web.Tests.DLL" adapterTypeName="Microsoft.VisualStudio.TestTools.TestTypes.Unit.UnitTestAdapter, Microsoft.VisualStudio.QualityTools.Tips.UnitTest.Adapter, Version=10.0.0.0, Culture=neutral, PublicKeyToken=b03f5f7f11d50a3a" className="Codewerks.SongSearch.Web.Tests.Services.AccountServiceTests, Codewerks.SongSearch.Web.Tests, Version=1.0.0.0, Culture=neutral, PublicKeyToken=null" name="Can_Validate_User" />
    </UnitTest>
    <UnitTest name="User_Can_Update_Password" storage="d:\devprojects\songsearch\codewerks.songsearch.web.tests\bin\debug\codewerks.songsearch.web.tests.dll" id="12a79eb3-8091-2978-ec4a-1a438b9e5698">
      <Execution id="18810785-b37b-45ec-ab98-e8e3d54d4d1b" />
      <TestMethod codeBase="D:/DevProjects/SongSearch/Codewerks.SongSearch.Web.Tests/bin/Debug/Codewerks.SongSearch.Web.Tests.DLL" adapterTypeName="Microsoft.VisualStudio.TestTools.TestTypes.Unit.UnitTestAdapter, Microsoft.VisualStudio.QualityTools.Tips.UnitTest.Adapter, Version=10.0.0.0, Culture=neutral, PublicKeyToken=b03f5f7f11d50a3a" className="Codewerks.SongSearch.Web.Tests.Services.AccountServiceTests, Codewerks.SongSearch.Web.Tests, Version=1.0.0.0, Culture=neutral, PublicKeyToken=null" name="User_Can_Update_Password" />
    </UnitTest>
    <UnitTest name="Plugger_Cannot_Update_User_Signature" storage="d:\devprojects\songsearch\codewerks.songsearch.web.tests\bin\debug\codewerks.songsearch.web.tests.dll" id="dc87f936-fc47-0a53-977b-aba9d005d921">
      <Execution id="ae6e87ce-eeb8-4fbe-88e2-fb2acb7a8cac" />
      <TestMethod codeBase="D:/DevProjects/SongSearch/Codewerks.SongSearch.Web.Tests/bin/Debug/Codewerks.SongSearch.Web.Tests.DLL" adapterTypeName="Microsoft.VisualStudio.TestTools.TestTypes.Unit.UnitTestAdapter, Microsoft.VisualStudio.QualityTools.Tips.UnitTest.Adapter, Version=10.0.0.0, Culture=neutral, PublicKeyToken=b03f5f7f11d50a3a" className="Codewerks.SongSearch.Web.Tests.Services.AccountServiceTests, Codewerks.SongSearch.Web.Tests, Version=1.0.0.0, Culture=neutral, PublicKeyToken=null" name="Plugger_Cannot_Update_User_Signature" />
    </UnitTest>
    <UnitTest name="User_Can_Update_Profile" storage="d:\devprojects\songsearch\codewerks.songsearch.web.tests\bin\debug\codewerks.songsearch.web.tests.dll" id="2545f0ac-ee15-695d-55a9-2467c05da84d">
      <Execution id="e62ffdc2-4c9c-40a4-881b-9ed3bc6303a5" />
      <TestMethod codeBase="D:/DevProjects/SongSearch/Codewerks.SongSearch.Web.Tests/bin/Debug/Codewerks.SongSearch.Web.Tests.DLL" adapterTypeName="Microsoft.VisualStudio.TestTools.TestTypes.Unit.UnitTestAdapter, Microsoft.VisualStudio.QualityTools.Tips.UnitTest.Adapter, Version=10.0.0.0, Culture=neutral, PublicKeyToken=b03f5f7f11d50a3a" className="Codewerks.SongSearch.Web.Tests.Services.AccountServiceTests, Codewerks.SongSearch.Web.Tests, Version=1.0.0.0, Culture=neutral, PublicKeyToken=null" name="User_Can_Update_Profile" />
    </UnitTest>
    <UnitTest name="Can_Register_User" storage="d:\devprojects\songsearch\codewerks.songsearch.web.tests\bin\debug\codewerks.songsearch.web.tests.dll" id="383df81d-0cf7-f78f-00b8-047cdd4e0106">
      <Execution id="d910c0d1-9818-4029-abe1-470a5d368b9f" />
      <TestMethod codeBase="D:/DevProjects/SongSearch/Codewerks.SongSearch.Web.Tests/bin/Debug/Codewerks.SongSearch.Web.Tests.DLL" adapterTypeName="Microsoft.VisualStudio.TestTools.TestTypes.Unit.UnitTestAdapter, Microsoft.VisualStudio.QualityTools.Tips.UnitTest.Adapter, Version=10.0.0.0, Culture=neutral, PublicKeyToken=b03f5f7f11d50a3a" className="Codewerks.SongSearch.Web.Tests.Services.AccountServiceTests, Codewerks.SongSearch.Web.Tests, Version=1.0.0.0, Culture=neutral, PublicKeyToken=null" name="Can_Register_User" />
    </UnitTest>
  </TestDefinitions>
  <TestLists>
    <TestList name="Results Not in a List" id="8c84fa94-04c1-424b-9868-57a2d4851a1d" />
    <TestList name="All Loaded Results" id="19431567-8539-422a-85d7-44ee4e166bda" />
  </TestLists>
  <TestEntries>
    <TestEntry testId="12a79eb3-8091-2978-ec4a-1a438b9e5698" executionId="18810785-b37b-45ec-ab98-e8e3d54d4d1b" testListId="8c84fa94-04c1-424b-9868-57a2d4851a1d" />
    <TestEntry testId="2545f0ac-ee15-695d-55a9-2467c05da84d" executionId="e62ffdc2-4c9c-40a4-881b-9ed3bc6303a5" testListId="8c84fa94-04c1-424b-9868-57a2d4851a1d" />
    <TestEntry testId="383df81d-0cf7-f78f-00b8-047cdd4e0106" executionId="d910c0d1-9818-4029-abe1-470a5d368b9f" testListId="8c84fa94-04c1-424b-9868-57a2d4851a1d" />
    <TestEntry testId="c01ecd59-549f-b493-9daa-31765063ba2e" executionId="81975aaf-e7e8-46e6-92c1-dd47758aac6b" testListId="8c84fa94-04c1-424b-9868-57a2d4851a1d" />
    <TestEntry testId="dc87f936-fc47-0a53-977b-aba9d005d921" executionId="ae6e87ce-eeb8-4fbe-88e2-fb2acb7a8cac" testListId="8c84fa94-04c1-424b-9868-57a2d4851a1d" />
    <TestEntry testId="dd5d3388-224c-fa9a-fbf1-c14a18cb024a" executionId="673bcda4-f34c-49f5-ae0d-f44b1290490b" testListId="8c84fa94-04c1-424b-9868-57a2d4851a1d" />
    <TestEntry testId="f8dbdc96-0372-dcf3-e5dc-fea79600ec53" executionId="6552320d-aa05-457d-af7f-122bdc7997ee" testListId="8c84fa94-04c1-424b-9868-57a2d4851a1d" />
  </TestEntries>
  <Results>
    <UnitTestResult executionId="18810785-b37b-45ec-ab98-e8e3d54d4d1b" testId="12a79eb3-8091-2978-ec4a-1a438b9e5698" testName="User_Can_Update_Password" computerName="AUGUSTSRV1" startTime="2010-05-13T17:02:37.8221810+02:00" endTime="2010-05-13T17:03:08.0049074+02:00" testType="13cdc9d9-ddb5-4fa4-a97d-d965ccfc6d4b" outcome="Failed" testListId="8c84fa94-04c1-424b-9868-57a2d4851a1d" relativeResultsDirectory="18810785-b37b-45ec-ab98-e8e3d54d4d1b">
      <Output>
        <ErrorInfo>
          <Message>Class Initialization method Codewerks.SongSearch.Web.Tests.Services.AccountServiceTests.Initialize threw exception. System.InvalidOperationException: System.InvalidOperationException: Collection was modified; enumeration operation may not execute..</Message>
          <StackTrace>    at System.ThrowHelper.ThrowInvalidOperationException(ExceptionResource resource)
   at System.Collections.Generic.Dictionary`2.KeyCollection.Enumerator.MoveNext()
   at SongSearch.Web.ModelExtensions.ForEach[T](IEnumerable`1 source, Action`1 action) in D:\DevProjects\SongSearch\SongSearch.Web\Models\ModelExtensions.cs:line 11
   at SongSearch.Web.Data.EFSession.DeleteMany[T](IEnumerable`1 items) in D:\DevProjects\SongSearch\SongSearch.Web\Infrastructure\Storage\EF\EFSession.cs:line 65
   at SongSearch.Web.Services.UserManagementService.DeleteUser(Int32 userId, Boolean takeOwnerShip) in D:\DevProjects\SongSearch\SongSearch.Web\Services\UserManagementService.cs:line 122
   at Codewerks.SongSearch.Web.Tests.Services.AccountServiceTests.DeleteUser(Int32 id) in D:\DevProjects\SongSearch\Codewerks.SongSearch.Web.Tests\Services\AccountServiceTests.cs:line 161
   at Codewerks.SongSearch.Web.Tests.Services.AccountServiceTests.Cleanup() in D:\DevProjects\SongSearch\Codewerks.SongSearch.Web.Tests\Services\AccountServiceTests.cs:line 151
   at Codewerks.SongSearch.Web.Tests.Services.AccountServiceTests.Initialize(TestContext testContext) in D:\DevProjects\SongSearch\Codewerks.SongSearch.Web.Tests\Services\AccountServiceTests.cs:line 143
</StackTrace>
        </ErrorInfo>
      </Output>
    </UnitTestResult>
    <UnitTestResult executionId="e62ffdc2-4c9c-40a4-881b-9ed3bc6303a5" testId="2545f0ac-ee15-695d-55a9-2467c05da84d" testName="User_Can_Update_Profile" computerName="AUGUSTSRV1" startTime="2010-05-13T17:03:08.0099077+02:00" endTime="2010-05-13T17:03:08.0229084+02:00" testType="13cdc9d9-ddb5-4fa4-a97d-d965ccfc6d4b" outcome="Failed" testListId="8c84fa94-04c1-424b-9868-57a2d4851a1d" relativeResultsDirectory="e62ffdc2-4c9c-40a4-881b-9ed3bc6303a5">
      <Output>
        <ErrorInfo>
          <Message>Class Initialization method Codewerks.SongSearch.Web.Tests.Services.AccountServiceTests.Initialize threw exception. System.InvalidOperationException: System.InvalidOperationException: Collection was modified; enumeration operation may not execute..</Message>
          <StackTrace>    at System.ThrowHelper.ThrowInvalidOperationException(ExceptionResource resource)
   at System.Collections.Generic.Dictionary`2.KeyCollection.Enumerator.MoveNext()
   at SongSearch.Web.ModelExtensions.ForEach[T](IEnumerable`1 source, Action`1 action) in D:\DevProjects\SongSearch\SongSearch.Web\Models\ModelExtensions.cs:line 11
   at SongSearch.Web.Data.EFSession.DeleteMany[T](IEnumerable`1 items) in D:\DevProjects\SongSearch\SongSearch.Web\Infrastructure\Storage\EF\EFSession.cs:line 65
   at SongSearch.Web.Services.UserManagementService.DeleteUser(Int32 userId, Boolean takeOwnerShip) in D:\DevProjects\SongSearch\SongSearch.Web\Services\UserManagementService.cs:line 122
   at Codewerks.SongSearch.Web.Tests.Services.AccountServiceTests.DeleteUser(Int32 id) in D:\DevProjects\SongSearch\Codewerks.SongSearch.Web.Tests\Services\AccountServiceTests.cs:line 161
   at Codewerks.SongSearch.Web.Tests.Services.AccountServiceTests.Cleanup() in D:\DevProjects\SongSearch\Codewerks.SongSearch.Web.Tests\Services\AccountServiceTests.cs:line 151
   at Codewerks.SongSearch.Web.Tests.Services.AccountServiceTests.Initialize(TestContext testContext) in D:\DevProjects\SongSearch\Codewerks.SongSearch.Web.Tests\Services\AccountServiceTests.cs:line 143
</StackTrace>
        </ErrorInfo>
      </Output>
    </UnitTestResult>
    <UnitTestResult executionId="d910c0d1-9818-4029-abe1-470a5d368b9f" testId="383df81d-0cf7-f78f-00b8-047cdd4e0106" testName="Can_Register_User" computerName="AUGUSTSRV1" startTime="2010-05-13T17:03:08.0269087+02:00" endTime="2010-05-13T17:03:08.0399094+02:00" testType="13cdc9d9-ddb5-4fa4-a97d-d965ccfc6d4b" outcome="Failed" testListId="8c84fa94-04c1-424b-9868-57a2d4851a1d" relativeResultsDirectory="d910c0d1-9818-4029-abe1-470a5d368b9f">
      <Output>
        <ErrorInfo>
          <Message>Class Initialization method Codewerks.SongSearch.Web.Tests.Services.AccountServiceTests.Initialize threw exception. System.InvalidOperationException: System.InvalidOperationException: Collection was modified; enumeration operation may not execute..</Message>
          <StackTrace>    at System.ThrowHelper.ThrowInvalidOperationException(ExceptionResource resource)
   at System.Collections.Generic.Dictionary`2.KeyCollection.Enumerator.MoveNext()
   at SongSearch.Web.ModelExtensions.ForEach[T](IEnumerable`1 source, Action`1 action) in D:\DevProjects\SongSearch\SongSearch.Web\Models\ModelExtensions.cs:line 11
   at SongSearch.Web.Data.EFSession.DeleteMany[T](IEnumerable`1 items) in D:\DevProjects\SongSearch\SongSearch.Web\Infrastructure\Storage\EF\EFSession.cs:line 65
   at SongSearch.Web.Services.UserManagementService.DeleteUser(Int32 userId, Boolean takeOwnerShip) in D:\DevProjects\SongSearch\SongSearch.Web\Services\UserManagementService.cs:line 122
   at Codewerks.SongSearch.Web.Tests.Services.AccountServiceTests.DeleteUser(Int32 id) in D:\DevProjects\SongSearch\Codewerks.SongSearch.Web.Tests\Services\AccountServiceTests.cs:line 161
   at Codewerks.SongSearch.Web.Tests.Services.AccountServiceTests.Cleanup() in D:\DevProjects\SongSearch\Codewerks.SongSearch.Web.Tests\Services\AccountServiceTests.cs:line 151
   at Codewerks.SongSearch.Web.Tests.Services.AccountServiceTests.Initialize(TestContext testContext) in D:\DevProjects\SongSearch\Codewerks.SongSearch.Web.Tests\Services\AccountServiceTests.cs:line 143
</StackTrace>
        </ErrorInfo>
      </Output>
    </UnitTestResult>
    <UnitTestResult executionId="81975aaf-e7e8-46e6-92c1-dd47758aac6b" testId="c01ecd59-549f-b493-9daa-31765063ba2e" testName="Can_Validate_User" computerName="AUGUSTSRV1" startTime="2010-05-13T17:03:08.0439096+02:00" endTime="2010-05-13T17:03:08.0579104+02:00" testType="13cdc9d9-ddb5-4fa4-a97d-d965ccfc6d4b" outcome="Failed" testListId="8c84fa94-04c1-424b-9868-57a2d4851a1d" relativeResultsDirectory="81975aaf-e7e8-46e6-92c1-dd47758aac6b">
      <Output>
        <ErrorInfo>
          <Message>Class Initialization method Codewerks.SongSearch.Web.Tests.Services.AccountServiceTests.Initialize threw exception. System.InvalidOperationException: System.InvalidOperationException: Collection was modified; enumeration operation may not execute..</Message>
          <StackTrace>    at System.ThrowHelper.ThrowInvalidOperationException(ExceptionResource resource)
   at System.Collections.Generic.Dictionary`2.KeyCollection.Enumerator.MoveNext()
   at SongSearch.Web.ModelExtensions.ForEach[T](IEnumerable`1 source, Action`1 action) in D:\DevProjects\SongSearch\SongSearch.Web\Models\ModelExtensions.cs:line 11
   at SongSearch.Web.Data.EFSession.DeleteMany[T](IEnumerable`1 items) in D:\DevProjects\SongSearch\SongSearch.Web\Infrastructure\Storage\EF\EFSession.cs:line 65
   at SongSearch.Web.Services.UserManagementService.DeleteUser(Int32 userId, Boolean takeOwnerShip) in D:\DevProjects\SongSearch\SongSearch.Web\Services\UserManagementService.cs:line 122
   at Codewerks.SongSearch.Web.Tests.Services.AccountServiceTests.DeleteUser(Int32 id) in D:\DevProjects\SongSearch\Codewerks.SongSearch.Web.Tests\Services\AccountServiceTests.cs:line 161
   at Codewerks.SongSearch.Web.Tests.Services.AccountServiceTests.Cleanup() in D:\DevProjects\SongSearch\Codewerks.SongSearch.Web.Tests\Services\AccountServiceTests.cs:line 151
   at Codewerks.SongSearch.Web.Tests.Services.AccountServiceTests.Initialize(TestContext testContext) in D:\DevProjects\SongSearch\Codewerks.SongSearch.Web.Tests\Services\AccountServiceTests.cs:line 143
</StackTrace>
        </ErrorInfo>
      </Output>
    </UnitTestResult>
    <UnitTestResult executionId="ae6e87ce-eeb8-4fbe-88e2-fb2acb7a8cac" testId="dc87f936-fc47-0a53-977b-aba9d005d921" testName="Plugger_Cannot_Update_User_Signature" computerName="AUGUSTSRV1" startTime="2010-05-13T17:03:08.0639108+02:00" endTime="2010-05-13T17:03:08.0779116+02:00" testType="13cdc9d9-ddb5-4fa4-a97d-d965ccfc6d4b" outcome="Failed" testListId="8c84fa94-04c1-424b-9868-57a2d4851a1d" relativeResultsDirectory="ae6e87ce-eeb8-4fbe-88e2-fb2acb7a8cac">
      <Output>
        <ErrorInfo>
          <Message>Class Initialization method Codewerks.SongSearch.Web.Tests.Services.AccountServiceTests.Initialize threw exception. System.InvalidOperationException: System.InvalidOperationException: Collection was modified; enumeration operation may not execute..</Message>
          <StackTrace>    at System.ThrowHelper.ThrowInvalidOperationException(ExceptionResource resource)
   at System.Collections.Generic.Dictionary`2.KeyCollection.Enumerator.MoveNext()
   at SongSearch.Web.ModelExtensions.ForEach[T](IEnumerable`1 source, Action`1 action) in D:\DevProjects\SongSearch\SongSearch.Web\Models\ModelExtensions.cs:line 11
   at SongSearch.Web.Data.EFSession.DeleteMany[T](IEnumerable`1 items) in D:\DevProjects\SongSearch\SongSearch.Web\Infrastructure\Storage\EF\EFSession.cs:line 65
   at SongSearch.Web.Services.UserManagementService.DeleteUser(Int32 userId, Boolean takeOwnerShip) in D:\DevProjects\SongSearch\SongSearch.Web\Services\UserManagementService.cs:line 122
   at Codewerks.SongSearch.Web.Tests.Services.AccountServiceTests.DeleteUser(Int32 id) in D:\DevProjects\SongSearch\Codewerks.SongSearch.Web.Tests\Services\AccountServiceTests.cs:line 161
   at Codewerks.SongSearch.Web.Tests.Services.AccountServiceTests.Cleanup() in D:\DevProjects\SongSearch\Codewerks.SongSearch.Web.Tests\Services\AccountServiceTests.cs:line 151
   at Codewerks.SongSearch.Web.Tests.Services.AccountServiceTests.Initialize(TestContext testContext) in D:\DevProjects\SongSearch\Codewerks.SongSearch.Web.Tests\Services\AccountServiceTests.cs:line 143
</StackTrace>
        </ErrorInfo>
      </Output>
    </UnitTestResult>
    <UnitTestResult executionId="673bcda4-f34c-49f5-ae0d-f44b1290490b" testId="dd5d3388-224c-fa9a-fbf1-c14a18cb024a" testName="Plugger_Can_Update_User_Signature" computerName="AUGUSTSRV1" startTime="2010-05-13T17:03:08.0809117+02:00" endTime="2010-05-13T17:03:08.0939125+02:00" testType="13cdc9d9-ddb5-4fa4-a97d-d965ccfc6d4b" outcome="Failed" testListId="8c84fa94-04c1-424b-9868-57a2d4851a1d" relativeResultsDirectory="673bcda4-f34c-49f5-ae0d-f44b1290490b">
      <Output>
        <ErrorInfo>
          <Message>Class Initialization method Codewerks.SongSearch.Web.Tests.Services.AccountServiceTests.Initialize threw exception. System.InvalidOperationException: System.InvalidOperationException: Collection was modified; enumeration operation may not execute..</Message>
          <StackTrace>    at System.ThrowHelper.ThrowInvalidOperationException(ExceptionResource resource)
   at System.Collections.Generic.Dictionary`2.KeyCollection.Enumerator.MoveNext()
   at SongSearch.Web.ModelExtensions.ForEach[T](IEnumerable`1 source, Action`1 action) in D:\DevProjects\SongSearch\SongSearch.Web\Models\ModelExtensions.cs:line 11
   at SongSearch.Web.Data.EFSession.DeleteMany[T](IEnumerable`1 items) in D:\DevProjects\SongSearch\SongSearch.Web\Infrastructure\Storage\EF\EFSession.cs:line 65
   at SongSearch.Web.Services.UserManagementService.DeleteUser(Int32 userId, Boolean takeOwnerShip) in D:\DevProjects\SongSearch\SongSearch.Web\Services\UserManagementService.cs:line 122
   at Codewerks.SongSearch.Web.Tests.Services.AccountServiceTests.DeleteUser(Int32 id) in D:\DevProjects\SongSearch\Codewerks.SongSearch.Web.Tests\Services\AccountServiceTests.cs:line 161
   at Codewerks.SongSearch.Web.Tests.Services.AccountServiceTests.Cleanup() in D:\DevProjects\SongSearch\Codewerks.SongSearch.Web.Tests\Services\AccountServiceTests.cs:line 151
   at Codewerks.SongSearch.Web.Tests.Services.AccountServiceTests.Initialize(TestContext testContext) in D:\DevProjects\SongSearch\Codewerks.SongSearch.Web.Tests\Services\AccountServiceTests.cs:line 143
</StackTrace>
        </ErrorInfo>
      </Output>
    </UnitTestResult>
    <UnitTestResult executionId="6552320d-aa05-457d-af7f-122bdc7997ee" testId="f8dbdc96-0372-dcf3-e5dc-fea79600ec53" testName="Can_Check_If_User_Exists" computerName="AUGUSTSRV1" startTime="2010-05-13T17:03:08.0979127+02:00" endTime="2010-05-13T17:03:08.1109135+02:00" testType="13cdc9d9-ddb5-4fa4-a97d-d965ccfc6d4b" outcome="Failed" testListId="8c84fa94-04c1-424b-9868-57a2d4851a1d" relativeResultsDirectory="6552320d-aa05-457d-af7f-122bdc7997ee">
      <Output>
        <ErrorInfo>
          <Message>Class Initialization method Codewerks.SongSearch.Web.Tests.Services.AccountServiceTests.Initialize threw exception. System.InvalidOperationException: System.InvalidOperationException: Collection was modified; enumeration operation may not execute..</Message>
          <StackTrace>    at System.ThrowHelper.ThrowInvalidOperationException(ExceptionResource resource)
   at System.Collections.Generic.Dictionary`2.KeyCollection.Enumerator.MoveNext()
   at SongSearch.Web.ModelExtensions.ForEach[T](IEnumerable`1 source, Action`1 action) in D:\DevProjects\SongSearch\SongSearch.Web\Models\ModelExtensions.cs:line 11
   at SongSearch.Web.Data.EFSession.DeleteMany[T](IEnumerable`1 items) in D:\DevProjects\SongSearch\SongSearch.Web\Infrastructure\Storage\EF\EFSession.cs:line 65
   at SongSearch.Web.Services.UserManagementService.DeleteUser(Int32 userId, Boolean takeOwnerShip) in D:\DevProjects\SongSearch\SongSearch.Web\Services\UserManagementService.cs:line 122
   at Codewerks.SongSearch.Web.Tests.Services.AccountServiceTests.DeleteUser(Int32 id) in D:\DevProjects\SongSearch\Codewerks.SongSearch.Web.Tests\Services\AccountServiceTests.cs:line 161
   at Codewerks.SongSearch.Web.Tests.Services.AccountServiceTests.Cleanup() in D:\DevProjects\SongSearch\Codewerks.SongSearch.Web.Tests\Services\AccountServiceTests.cs:line 151
   at Codewerks.SongSearch.Web.Tests.Services.AccountServiceTests.Initialize(TestContext testContext) in D:\DevProjects\SongSearch\Codewerks.SongSearch.Web.Tests\Services\AccountServiceTests.cs:line 143
</StackTrace>
        </ErrorInfo>
      </Output>
    </UnitTestResult>
  </Results>
</TestRun>