<?xml version="1.0" encoding="UTF-8"?>
<TestRun id="ff8a6190-2623-481c-bfe4-e51d520907a6" name="claus@AUGUSTSRV1 2010-05-17 13:32:31" runUser="AUGUSTSRV1\claus" xmlns="http://microsoft.com/schemas/VisualStudio/TeamTest/2010">
  <TestSettings name="Default Test Settings" id="66580d4c-fc1a-45cf-a2ad-a4622f3abd82">
    <Deployment runDeploymentRoot="claus_AUGUSTSRV1 2010-05-17 13_32_31">
      <DeploymentItem filename="D:\DevProjects\SongSearch\SongSearch.Web\bin\SongSearch.Web.dll" />
    </Deployment>
    <Execution>
      <TestTypeSpecific />
      <AgentRule name="Execution Agents">
      </AgentRule>
    </Execution>
  </TestSettings>
  <Times creation="2010-05-17T13:32:31.7209625+02:00" queuing="2010-05-17T13:32:32.5950125+02:00" start="2010-05-17T13:32:32.7030187+02:00" finish="2010-05-17T13:33:19.0346687+02:00" />
  <ResultSummary outcome="Error">
    <Counters total="1" executed="1" error="0" failed="0" timeout="0" aborted="1" inconclusive="0" passedButRunAborted="0" notRunnable="0" notExecuted="0" disconnected="0" warning="0" passed="0" completed="0" inProgress="0" pending="0" />
    <RunInfos>
      <RunInfo computerName="AUGUSTSRV1" outcome="Error" timestamp="2010-05-17T13:33:19.0346687+02:00">
        <Text>Test host process exited unexpectedly.</Text>
      </RunInfo>
    </RunInfos>
  </ResultSummary>
  <TestDefinitions>
    <UnitTest name="Search_Results_Can_Be_User_Sorted" storage="d:\devprojects\songsearch\codewerks.songsearch.web.tests\bin\debug\codewerks.songsearch.web.tests.dll" id="d72d65ea-4fcd-3871-4fdb-1390d82c55ab">
      <Execution id="5bc9dc48-df37-4e1c-b8de-937cf4fdbe82" />
      <TestMethod codeBase="D:/DevProjects/SongSearch/Codewerks.SongSearch.Web.Tests/bin/Debug/Codewerks.SongSearch.Web.Tests.DLL" adapterTypeName="Microsoft.VisualStudio.TestTools.TestTypes.Unit.UnitTestAdapter, Microsoft.VisualStudio.QualityTools.Tips.UnitTest.Adapter, Version=10.0.0.0, Culture=neutral, PublicKeyToken=b03f5f7f11d50a3a" className="Codewerks.SongSearch.Web.Tests.Services.SearchServiceTests, Codewerks.SongSearch.Web.Tests, Version=1.0.0.0, Culture=neutral, PublicKeyToken=null" name="Search_Results_Can_Be_User_Sorted" />
    </UnitTest>
  </TestDefinitions>
  <TestLists>
    <TestList name="Results Not in a List" id="8c84fa94-04c1-424b-9868-57a2d4851a1d" />
    <TestList name="All Loaded Results" id="19431567-8539-422a-85d7-44ee4e166bda" />
  </TestLists>
  <TestEntries>
    <TestEntry testId="d72d65ea-4fcd-3871-4fdb-1390d82c55ab" executionId="5bc9dc48-df37-4e1c-b8de-937cf4fdbe82" testListId="8c84fa94-04c1-424b-9868-57a2d4851a1d" />
  </TestEntries>
  <Results>
    <UnitTestResult executionId="5bc9dc48-df37-4e1c-b8de-937cf4fdbe82" testId="d72d65ea-4fcd-3871-4fdb-1390d82c55ab" testName="Search_Results_Can_Be_User_Sorted" computerName="AUGUSTSRV1" duration="00:00:46.2276440" startTime="2010-05-17T13:32:32.8070247+02:00" endTime="2010-05-17T13:33:19.0346687+02:00" testType="13cdc9d9-ddb5-4fa4-a97d-d965ccfc6d4b" outcome="Aborted" testListId="8c84fa94-04c1-424b-9868-57a2d4851a1d" relativeResultsDirectory="5bc9dc48-df37-4e1c-b8de-937cf4fdbe82">
    </UnitTestResult>
  </Results>
</TestRun>