<?xml version="1.0" encoding="UTF-8"?>
<TestRun id="0d24802f-5684-4c46-b6d8-be21c7b50179" name="claus@AUGUSTSRV1 2010-05-17 12:36:49" runUser="AUGUSTSRV1\claus" xmlns="http://microsoft.com/schemas/VisualStudio/TeamTest/2010">
  <TestSettings name="Default Test Settings" id="31d8e9db-ae58-4bcc-8fed-149c93fbae42">
    <Deployment runDeploymentRoot="claus_AUGUSTSRV1 2010-05-17 12_36_49">
      <DeploymentItem filename="D:\DevProjects\SongSearch\SongSearch.Web\bin\SongSearch.Web.dll" />
    </Deployment>
    <Execution>
      <TestTypeSpecific />
      <AgentRule name="Execution Agents">
      </AgentRule>
    </Execution>
  </TestSettings>
  <Times creation="2010-05-17T12:36:49.0787743+02:00" queuing="2010-05-17T12:36:49.1987812+02:00" start="2010-05-17T12:36:49.2257827+02:00" finish="2010-05-17T12:36:49.7448124+02:00" />
  <ResultSummary outcome="Completed">
    <Counters total="1" executed="1" passed="1" error="0" failed="0" timeout="0" aborted="0" inconclusive="0" passedButRunAborted="0" notRunnable="0" notExecuted="0" disconnected="0" warning="0" completed="0" inProgress="0" pending="0" />
  </ResultSummary>
  <TestDefinitions>
    <UnitTest name="TopStyles_Should_Return_OrderedByMostTagged" storage="d:\devprojects\songsearch\codewerks.songsearch.web.tests\bin\debug\codewerks.songsearch.web.tests.dll" id="eacfecb6-300b-0643-e032-71a65be72c44">
      <Execution id="dd9347b6-cc14-412d-8472-61f0294b17f1" />
      <TestMethod codeBase="D:/DevProjects/SongSearch/Codewerks.SongSearch.Web.Tests/bin/Debug/Codewerks.SongSearch.Web.Tests.DLL" adapterTypeName="Microsoft.VisualStudio.TestTools.TestTypes.Unit.UnitTestAdapter, Microsoft.VisualStudio.QualityTools.Tips.UnitTest.Adapter, Version=10.0.0.0, Culture=neutral, PublicKeyToken=b03f5f7f11d50a3a" className="Codewerks.SongSearch.Web.Tests.Services.SearchServiceTests, Codewerks.SongSearch.Web.Tests, Version=1.0.0.0, Culture=neutral, PublicKeyToken=null" name="TopStyles_Should_Return_OrderedByMostTagged" />
    </UnitTest>
  </TestDefinitions>
  <TestLists>
    <TestList name="Results Not in a List" id="8c84fa94-04c1-424b-9868-57a2d4851a1d" />
    <TestList name="All Loaded Results" id="19431567-8539-422a-85d7-44ee4e166bda" />
  </TestLists>
  <TestEntries>
    <TestEntry testId="eacfecb6-300b-0643-e032-71a65be72c44" executionId="dd9347b6-cc14-412d-8472-61f0294b17f1" testListId="8c84fa94-04c1-424b-9868-57a2d4851a1d" />
  </TestEntries>
  <Results>
    <UnitTestResult executionId="dd9347b6-cc14-412d-8472-61f0294b17f1" testId="eacfecb6-300b-0643-e032-71a65be72c44" testName="TopStyles_Should_Return_OrderedByMostTagged" computerName="AUGUSTSRV1" duration="00:00:00.3010316" startTime="2010-05-17T12:36:49.2317831+02:00" endTime="2010-05-17T12:36:49.7278115+02:00" testType="13cdc9d9-ddb5-4fa4-a97d-d965ccfc6d4b" outcome="Passed" testListId="8c84fa94-04c1-424b-9868-57a2d4851a1d" relativeResultsDirectory="dd9347b6-cc14-412d-8472-61f0294b17f1">
    </UnitTestResult>
  </Results>
</TestRun>