<?xml version="1.0" encoding="UTF-8"?>
<TestRun id="8c4ba049-d72c-4072-996b-b9390090ff7e" name="claus@AUGUSTSRV1 2010-05-13 17:07:30" runUser="AUGUSTSRV1\claus" xmlns="http://microsoft.com/schemas/VisualStudio/TeamTest/2010">
  <TestSettings name="Default Test Settings" id="a991901b-d546-4668-b62a-1c4671d974e9">
    <Deployment runDeploymentRoot="claus_AUGUSTSRV1 2010-05-13 17_07_30">
      <DeploymentItem filename="D:\DevProjects\SongSearch\SongSearch.Web\bin\SongSearch.Web.dll" />
    </Deployment>
    <Execution>
      <TestTypeSpecific />
      <AgentRule name="Execution Agents">
      </AgentRule>
    </Execution>
  </TestSettings>
  <Times creation="2010-05-13T17:07:30.8719425+02:00" queuing="2010-05-13T17:07:31.7469926+02:00" start="2010-05-13T17:07:31.8559988+02:00" finish="2010-05-13T17:07:37.1773032+02:00" />
  <ResultSummary outcome="Error">
    <Counters total="7" executed="1" error="0" failed="0" timeout="0" aborted="1" inconclusive="0" passedButRunAborted="0" notRunnable="0" notExecuted="6" disconnected="0" warning="0" passed="0" completed="0" inProgress="0" pending="0" />
    <RunInfos>
      <RunInfo computerName="AUGUSTSRV1" outcome="Error" timestamp="2010-05-13T17:07:37.1753031+02:00">
        <Text>Test host process exited unexpectedly.</Text>
      </RunInfo>
    </RunInfos>
  </ResultSummary>
  <TestDefinitions>
    <UnitTest name="Plugger_Can_Update_User_Signature" storage="d:\devprojects\songsearch\codewerks.songsearch.web.tests\bin\debug\codewerks.songsearch.web.tests.dll" id="dd5d3388-224c-fa9a-fbf1-c14a18cb024a">
      <Execution id="2fc72c0a-1868-486d-8230-fe3b440af234" />
      <TestMethod codeBase="D:/DevProjects/SongSearch/Codewerks.SongSearch.Web.Tests/bin/Debug/Codewerks.SongSearch.Web.Tests.DLL" adapterTypeName="Microsoft.VisualStudio.TestTools.TestTypes.Unit.UnitTestAdapter, Microsoft.VisualStudio.QualityTools.Tips.UnitTest.Adapter, Version=10.0.0.0, Culture=neutral, PublicKeyToken=b03f5f7f11d50a3a" className="Codewerks.SongSearch.Web.Tests.Services.AccountServiceTests, Codewerks.SongSearch.Web.Tests, Version=1.0.0.0, Culture=neutral, PublicKeyToken=null" name="Plugger_Can_Update_User_Signature" />
    </UnitTest>
    <UnitTest name="Can_Check_If_User_Exists" storage="d:\devprojects\songsearch\codewerks.songsearch.web.tests\bin\debug\codewerks.songsearch.web.tests.dll" id="f8dbdc96-0372-dcf3-e5dc-fea79600ec53">
      <Execution id="3e3a7e13-f39b-4841-a88f-b1c607de1527" />
      <TestMethod codeBase="D:/DevProjects/SongSearch/Codewerks.SongSearch.Web.Tests/bin/Debug/Codewerks.SongSearch.Web.Tests.DLL" adapterTypeName="Microsoft.VisualStudio.TestTools.TestTypes.Unit.UnitTestAdapter, Microsoft.VisualStudio.QualityTools.Tips.UnitTest.Adapter, Version=10.0.0.0, Culture=neutral, PublicKeyToken=b03f5f7f11d50a3a" className="Codewerks.SongSearch.Web.Tests.Services.AccountServiceTests, Codewerks.SongSearch.Web.Tests, Version=1.0.0.0, Culture=neutral, PublicKeyToken=null" name="Can_Check_If_User_Exists" />
    </UnitTest>
    <UnitTest name="Can_Validate_User" storage="d:\devprojects\songsearch\codewerks.songsearch.web.tests\bin\debug\codewerks.songsearch.web.tests.dll" id="c01ecd59-549f-b493-9daa-31765063ba2e">
      <Execution id="08202506-2d24-49ed-9711-4a2747037600" />
      <TestMethod codeBase="D:/DevProjects/SongSearch/Codewerks.SongSearch.Web.Tests/bin/Debug/Codewerks.SongSearch.Web.Tests.DLL" adapterTypeName="Microsoft.VisualStudio.TestTools.TestTypes.Unit.UnitTestAdapter, Microsoft.VisualStudio.QualityTools.Tips.UnitTest.Adapter, Version=10.0.0.0, Culture=neutral, PublicKeyToken=b03f5f7f11d50a3a" className="Codewerks.SongSearch.Web.Tests.Services.AccountServiceTests, Codewerks.SongSearch.Web.Tests, Version=1.0.0.0, Culture=neutral, PublicKeyToken=null" name="Can_Validate_User" />
    </UnitTest>
    <UnitTest name="User_Can_Update_Password" storage="d:\devprojects\songsearch\codewerks.songsearch.web.tests\bin\debug\codewerks.songsearch.web.tests.dll" id="12a79eb3-8091-2978-ec4a-1a438b9e5698">
      <Execution id="e97224b2-94b9-4668-a545-3b4c819df16a" />
      <TestMethod codeBase="D:/DevProjects/SongSearch/Codewerks.SongSearch.Web.Tests/bin/Debug/Codewerks.SongSearch.Web.Tests.DLL" adapterTypeName="Microsoft.VisualStudio.TestTools.TestTypes.Unit.UnitTestAdapter, Microsoft.VisualStudio.QualityTools.Tips.UnitTest.Adapter, Version=10.0.0.0, Culture=neutral, PublicKeyToken=b03f5f7f11d50a3a" className="Codewerks.SongSearch.Web.Tests.Services.AccountServiceTests, Codewerks.SongSearch.Web.Tests, Version=1.0.0.0, Culture=neutral, PublicKeyToken=null" name="User_Can_Update_Password" />
    </UnitTest>
    <UnitTest name="Plugger_Cannot_Update_User_Signature" storage="d:\devprojects\songsearch\codewerks.songsearch.web.tests\bin\debug\codewerks.songsearch.web.tests.dll" id="dc87f936-fc47-0a53-977b-aba9d005d921">
      <Execution id="0263ba5c-f71e-4fa6-82e7-7a99c5ebf1ad" />
      <TestMethod codeBase="D:/DevProjects/SongSearch/Codewerks.SongSearch.Web.Tests/bin/Debug/Codewerks.SongSearch.Web.Tests.DLL" adapterTypeName="Microsoft.VisualStudio.TestTools.TestTypes.Unit.UnitTestAdapter, Microsoft.VisualStudio.QualityTools.Tips.UnitTest.Adapter, Version=10.0.0.0, Culture=neutral, PublicKeyToken=b03f5f7f11d50a3a" className="Codewerks.SongSearch.Web.Tests.Services.AccountServiceTests, Codewerks.SongSearch.Web.Tests, Version=1.0.0.0, Culture=neutral, PublicKeyToken=null" name="Plugger_Cannot_Update_User_Signature" />
    </UnitTest>
    <UnitTest name="User_Can_Update_Profile" storage="d:\devprojects\songsearch\codewerks.songsearch.web.tests\bin\debug\codewerks.songsearch.web.tests.dll" id="2545f0ac-ee15-695d-55a9-2467c05da84d">
      <Execution id="04305224-dd1f-42ce-915b-998b6025811c" />
      <TestMethod codeBase="D:/DevProjects/SongSearch/Codewerks.SongSearch.Web.Tests/bin/Debug/Codewerks.SongSearch.Web.Tests.DLL" adapterTypeName="Microsoft.VisualStudio.TestTools.TestTypes.Unit.UnitTestAdapter, Microsoft.VisualStudio.QualityTools.Tips.UnitTest.Adapter, Version=10.0.0.0, Culture=neutral, PublicKeyToken=b03f5f7f11d50a3a" className="Codewerks.SongSearch.Web.Tests.Services.AccountServiceTests, Codewerks.SongSearch.Web.Tests, Version=1.0.0.0, Culture=neutral, PublicKeyToken=null" name="User_Can_Update_Profile" />
    </UnitTest>
    <UnitTest name="Can_Register_User" storage="d:\devprojects\songsearch\codewerks.songsearch.web.tests\bin\debug\codewerks.songsearch.web.tests.dll" id="383df81d-0cf7-f78f-00b8-047cdd4e0106">
      <Execution id="e971a0d6-1966-43d5-b177-4127be13da86" />
      <TestMethod codeBase="D:/DevProjects/SongSearch/Codewerks.SongSearch.Web.Tests/bin/Debug/Codewerks.SongSearch.Web.Tests.DLL" adapterTypeName="Microsoft.VisualStudio.TestTools.TestTypes.Unit.UnitTestAdapter, Microsoft.VisualStudio.QualityTools.Tips.UnitTest.Adapter, Version=10.0.0.0, Culture=neutral, PublicKeyToken=b03f5f7f11d50a3a" className="Codewerks.SongSearch.Web.Tests.Services.AccountServiceTests, Codewerks.SongSearch.Web.Tests, Version=1.0.0.0, Culture=neutral, PublicKeyToken=null" name="Can_Register_User" />
    </UnitTest>
  </TestDefinitions>
  <TestLists>
    <TestList name="Results Not in a List" id="8c84fa94-04c1-424b-9868-57a2d4851a1d" />
    <TestList name="All Loaded Results" id="19431567-8539-422a-85d7-44ee4e166bda" />
  </TestLists>
  <TestEntries>
    <TestEntry testId="12a79eb3-8091-2978-ec4a-1a438b9e5698" executionId="e97224b2-94b9-4668-a545-3b4c819df16a" testListId="8c84fa94-04c1-424b-9868-57a2d4851a1d" />
    <TestEntry testId="2545f0ac-ee15-695d-55a9-2467c05da84d" executionId="04305224-dd1f-42ce-915b-998b6025811c" testListId="8c84fa94-04c1-424b-9868-57a2d4851a1d" />
    <TestEntry testId="383df81d-0cf7-f78f-00b8-047cdd4e0106" executionId="e971a0d6-1966-43d5-b177-4127be13da86" testListId="8c84fa94-04c1-424b-9868-57a2d4851a1d" />
    <TestEntry testId="c01ecd59-549f-b493-9daa-31765063ba2e" executionId="08202506-2d24-49ed-9711-4a2747037600" testListId="8c84fa94-04c1-424b-9868-57a2d4851a1d" />
    <TestEntry testId="dc87f936-fc47-0a53-977b-aba9d005d921" executionId="0263ba5c-f71e-4fa6-82e7-7a99c5ebf1ad" testListId="8c84fa94-04c1-424b-9868-57a2d4851a1d" />
    <TestEntry testId="dd5d3388-224c-fa9a-fbf1-c14a18cb024a" executionId="2fc72c0a-1868-486d-8230-fe3b440af234" testListId="8c84fa94-04c1-424b-9868-57a2d4851a1d" />
    <TestEntry testId="f8dbdc96-0372-dcf3-e5dc-fea79600ec53" executionId="3e3a7e13-f39b-4841-a88f-b1c607de1527" testListId="8c84fa94-04c1-424b-9868-57a2d4851a1d" />
  </TestEntries>
  <Results>
    <UnitTestResult executionId="e97224b2-94b9-4668-a545-3b4c819df16a" testId="12a79eb3-8091-2978-ec4a-1a438b9e5698" testName="User_Can_Update_Password" computerName="AUGUSTSRV1" duration="00:00:05.2162983" startTime="2010-05-13T17:07:31.9600048+02:00" endTime="2010-05-13T17:07:37.1763031+02:00" testType="13cdc9d9-ddb5-4fa4-a97d-d965ccfc6d4b" outcome="Aborted" testListId="8c84fa94-04c1-424b-9868-57a2d4851a1d" relativeResultsDirectory="e97224b2-94b9-4668-a545-3b4c819df16a">
    </UnitTestResult>
    <UnitTestResult executionId="04305224-dd1f-42ce-915b-998b6025811c" testId="2545f0ac-ee15-695d-55a9-2467c05da84d" testName="User_Can_Update_Profile" computerName="AUGUSTSRV1" testType="13cdc9d9-ddb5-4fa4-a97d-d965ccfc6d4b" outcome="NotExecuted" testListId="8c84fa94-04c1-424b-9868-57a2d4851a1d" relativeResultsDirectory="04305224-dd1f-42ce-915b-998b6025811c">
    </UnitTestResult>
    <UnitTestResult executionId="e971a0d6-1966-43d5-b177-4127be13da86" testId="383df81d-0cf7-f78f-00b8-047cdd4e0106" testName="Can_Register_User" computerName="AUGUSTSRV1" testType="13cdc9d9-ddb5-4fa4-a97d-d965ccfc6d4b" outcome="NotExecuted" testListId="8c84fa94-04c1-424b-9868-57a2d4851a1d" relativeResultsDirectory="e971a0d6-1966-43d5-b177-4127be13da86">
    </UnitTestResult>
    <UnitTestResult executionId="08202506-2d24-49ed-9711-4a2747037600" testId="c01ecd59-549f-b493-9daa-31765063ba2e" testName="Can_Validate_User" computerName="AUGUSTSRV1" testType="13cdc9d9-ddb5-4fa4-a97d-d965ccfc6d4b" outcome="NotExecuted" testListId="8c84fa94-04c1-424b-9868-57a2d4851a1d" relativeResultsDirectory="08202506-2d24-49ed-9711-4a2747037600">
    </UnitTestResult>
    <UnitTestResult executionId="0263ba5c-f71e-4fa6-82e7-7a99c5ebf1ad" testId="dc87f936-fc47-0a53-977b-aba9d005d921" testName="Plugger_Cannot_Update_User_Signature" computerName="AUGUSTSRV1" testType="13cdc9d9-ddb5-4fa4-a97d-d965ccfc6d4b" outcome="NotExecuted" testListId="8c84fa94-04c1-424b-9868-57a2d4851a1d" relativeResultsDirectory="0263ba5c-f71e-4fa6-82e7-7a99c5ebf1ad">
    </UnitTestResult>
    <UnitTestResult executionId="2fc72c0a-1868-486d-8230-fe3b440af234" testId="dd5d3388-224c-fa9a-fbf1-c14a18cb024a" testName="Plugger_Can_Update_User_Signature" computerName="AUGUSTSRV1" testType="13cdc9d9-ddb5-4fa4-a97d-d965ccfc6d4b" outcome="NotExecuted" testListId="8c84fa94-04c1-424b-9868-57a2d4851a1d" relativeResultsDirectory="2fc72c0a-1868-486d-8230-fe3b440af234">
    </UnitTestResult>
    <UnitTestResult executionId="3e3a7e13-f39b-4841-a88f-b1c607de1527" testId="f8dbdc96-0372-dcf3-e5dc-fea79600ec53" testName="Can_Check_If_User_Exists" computerName="AUGUSTSRV1" testType="13cdc9d9-ddb5-4fa4-a97d-d965ccfc6d4b" outcome="NotExecuted" testListId="8c84fa94-04c1-424b-9868-57a2d4851a1d" relativeResultsDirectory="3e3a7e13-f39b-4841-a88f-b1c607de1527">
    </UnitTestResult>
  </Results>
</TestRun>