<?xml version="1.0" encoding="UTF-8"?>
<TestRun id="20dc9b04-0b11-4163-b5f2-6776e2ccaa1e" name="claus@AUGUSTSRV1 2010-05-17 12:41:41" runUser="AUGUSTSRV1\claus" xmlns="http://microsoft.com/schemas/VisualStudio/TeamTest/2010">
  <TestSettings name="Default Test Settings" id="db2549f0-d884-4dc4-ac17-a204ccfc6ee4">
    <Deployment runDeploymentRoot="claus_AUGUSTSRV1 2010-05-17 12_41_41">
      <DeploymentItem filename="D:\DevProjects\SongSearch\SongSearch.Web\bin\SongSearch.Web.dll" />
    </Deployment>
    <Execution>
      <TestTypeSpecific />
      <AgentRule name="Execution Agents">
      </AgentRule>
    </Execution>
  </TestSettings>
  <Times creation="2010-05-17T12:41:41.9915280+02:00" queuing="2010-05-17T12:41:42.0865334+02:00" start="2010-05-17T12:41:42.0915337+02:00" finish="2010-05-17T12:41:42.5145579+02:00" />
  <ResultSummary outcome="Completed">
    <Counters total="1" executed="1" passed="1" error="0" failed="0" timeout="0" aborted="0" inconclusive="0" passedButRunAborted="0" notRunnable="0" notExecuted="0" disconnected="0" warning="0" completed="0" inProgress="0" pending="0" />
  </ResultSummary>
  <TestDefinitions>
    <UnitTest name="TopStyles_Should_Return_TopLimitOnly" storage="d:\devprojects\songsearch\codewerks.songsearch.web.tests\bin\debug\codewerks.songsearch.web.tests.dll" id="9d683688-9272-8169-8ab9-208532dfd9c7">
      <Execution id="00136335-a458-4c82-872c-526ab4ec9ae9" />
      <TestMethod codeBase="D:/DevProjects/SongSearch/Codewerks.SongSearch.Web.Tests/bin/Debug/Codewerks.SongSearch.Web.Tests.DLL" adapterTypeName="Microsoft.VisualStudio.TestTools.TestTypes.Unit.UnitTestAdapter, Microsoft.VisualStudio.QualityTools.Tips.UnitTest.Adapter, Version=10.0.0.0, Culture=neutral, PublicKeyToken=b03f5f7f11d50a3a" className="Codewerks.SongSearch.Web.Tests.Services.SearchServiceTests, Codewerks.SongSearch.Web.Tests, Version=1.0.0.0, Culture=neutral, PublicKeyToken=null" name="TopStyles_Should_Return_TopLimitOnly" />
    </UnitTest>
  </TestDefinitions>
  <TestLists>
    <TestList name="Results Not in a List" id="8c84fa94-04c1-424b-9868-57a2d4851a1d" />
    <TestList name="All Loaded Results" id="19431567-8539-422a-85d7-44ee4e166bda" />
  </TestLists>
  <TestEntries>
    <TestEntry testId="9d683688-9272-8169-8ab9-208532dfd9c7" executionId="00136335-a458-4c82-872c-526ab4ec9ae9" testListId="8c84fa94-04c1-424b-9868-57a2d4851a1d" />
  </TestEntries>
  <Results>
    <UnitTestResult executionId="00136335-a458-4c82-872c-526ab4ec9ae9" testId="9d683688-9272-8169-8ab9-208532dfd9c7" testName="TopStyles_Should_Return_TopLimitOnly" computerName="AUGUSTSRV1" duration="00:00:00.2474506" startTime="2010-05-17T12:41:42.0925338+02:00" endTime="2010-05-17T12:41:42.5035573+02:00" testType="13cdc9d9-ddb5-4fa4-a97d-d965ccfc6d4b" outcome="Passed" testListId="8c84fa94-04c1-424b-9868-57a2d4851a1d" relativeResultsDirectory="00136335-a458-4c82-872c-526ab4ec9ae9">
    </UnitTestResult>
  </Results>
</TestRun>