<?xml version="1.0" encoding="UTF-8"?>
<TestRun id="139a79a1-b31b-47c7-93ba-baf3ad41e7b4" name="claus@AUGUSTSRV1 2010-05-25 10:23:30" runUser="AUGUSTSRV1\claus" xmlns="http://microsoft.com/schemas/VisualStudio/TeamTest/2010">
  <TestSettings name="Default Test Settings" id="3bf803f3-1d03-461f-9971-b68e693f9b03">
    <Deployment runDeploymentRoot="claus_AUGUSTSRV1 2010-05-25 10_23_30">
      <DeploymentItem filename="D:\DevProjects\SongSearch\Ext Libraries\EntityFramework.Profiler-Build-691\HibernatingRhinos.Profiler.Appender.dll" />
      <DeploymentItem filename="D:\DevProjects\SongSearch\SongSearch.Web\bin\SongSearch.Web.dll" />
      <DeploymentItem filename="D:\DevProjects\SongSearch\Ext Libraries\nunit.framework.dll" />
    </Deployment>
    <Execution>
      <TestTypeSpecific />
      <AgentRule name="Execution Agents">
      </AgentRule>
    </Execution>
  </TestSettings>
  <Times creation="2010-05-25T10:23:30.8348781+02:00" queuing="2010-05-25T10:23:31.8209345+02:00" start="2010-05-25T10:23:31.9309408+02:00" finish="2010-05-25T10:24:11.2161878+02:00" />
  <ResultSummary outcome="Warning">
    <Counters total="1" executed="1" passed="1" error="0" failed="0" timeout="0" aborted="0" inconclusive="0" passedButRunAborted="0" notRunnable="0" notExecuted="0" disconnected="0" warning="0" completed="0" inProgress="0" pending="0" />
    <RunInfos>
      <RunInfo computerName="AUGUSTSRV1" outcome="Warning" timestamp="2010-05-25T10:23:30.9978874+02:00">
        <Text>Warning: Test Run deployment issue: The assembly or module 'System.Web.Mvc' directly or indirectly referenced by the test container 'd:\devprojects\songsearch\codewerks.songsearch.web.tests\bin\debug\codewerks.songsearch.web.tests.dll' was not found.</Text>
      </RunInfo>
    </RunInfos>
  </ResultSummary>
  <TestDefinitions>
    <UnitTest name="User_Can_Add_Item_To_Active_Cart_Twice_Without_Error" storage="d:\devprojects\songsearch\codewerks.songsearch.web.tests\bin\debug\codewerks.songsearch.web.tests.dll" id="3bcf9a3e-214c-f3d1-6698-784c7efb391f">
      <Execution id="067ee406-5242-4dad-950b-76f95ad5a51e" />
      <TestMethod codeBase="D:/DevProjects/SongSearch/Codewerks.SongSearch.Web.Tests/bin/Debug/Codewerks.SongSearch.Web.Tests.DLL" adapterTypeName="Microsoft.VisualStudio.TestTools.TestTypes.Unit.UnitTestAdapter, Microsoft.VisualStudio.QualityTools.Tips.UnitTest.Adapter, Version=10.0.0.0, Culture=neutral, PublicKeyToken=b03f5f7f11d50a3a" className="Codewerks.SongSearch.Web.Tests.Services.CartServiceTests, Codewerks.SongSearch.Web.Tests, Version=1.0.0.0, Culture=neutral, PublicKeyToken=null" name="User_Can_Add_Item_To_Active_Cart_Twice_Without_Error" />
    </UnitTest>
  </TestDefinitions>
  <TestLists>
    <TestList name="Results Not in a List" id="8c84fa94-04c1-424b-9868-57a2d4851a1d" />
    <TestList name="All Loaded Results" id="19431567-8539-422a-85d7-44ee4e166bda" />
  </TestLists>
  <TestEntries>
    <TestEntry testId="3bcf9a3e-214c-f3d1-6698-784c7efb391f" executionId="067ee406-5242-4dad-950b-76f95ad5a51e" testListId="8c84fa94-04c1-424b-9868-57a2d4851a1d" />
  </TestEntries>
  <Results>
    <UnitTestResult executionId="067ee406-5242-4dad-950b-76f95ad5a51e" testId="3bcf9a3e-214c-f3d1-6698-784c7efb391f" testName="User_Can_Add_Item_To_Active_Cart_Twice_Without_Error" computerName="AUGUSTSRV1" duration="00:00:29.2989517" startTime="2010-05-25T10:23:32.0289464+02:00" endTime="2010-05-25T10:24:11.1261826+02:00" testType="13cdc9d9-ddb5-4fa4-a97d-d965ccfc6d4b" outcome="Passed" testListId="8c84fa94-04c1-424b-9868-57a2d4851a1d" relativeResultsDirectory="067ee406-5242-4dad-950b-76f95ad5a51e">
    </UnitTestResult>
  </Results>
</TestRun>