<?xml version="1.0" encoding="UTF-8"?>
<TestRun id="74798c7b-ca1f-489e-882f-3d10853b61a1" name="claus@AUGUSTSRV1 2010-05-14 10:20:02" runUser="AUGUSTSRV1\claus" xmlns="http://microsoft.com/schemas/VisualStudio/TeamTest/2010">
  <TestSettings name="Default Test Settings" id="c0f25e20-efec-42ee-8144-0901ed0dd0ba">
    <Deployment runDeploymentRoot="claus_AUGUSTSRV1 2010-05-14 10_20_02">
      <DeploymentItem filename="D:\DevProjects\SongSearch\SongSearch.Web\bin\SongSearch.Web.dll" />
    </Deployment>
    <Execution>
      <TestTypeSpecific />
      <AgentRule name="Execution Agents">
      </AgentRule>
    </Execution>
  </TestSettings>
  <Times creation="2010-05-14T10:20:02.9713999+02:00" queuing="2010-05-14T10:20:03.8004474+02:00" start="2010-05-14T10:20:03.9034533+02:00" finish="2010-05-14T10:20:56.3724543+02:00" />
  <ResultSummary outcome="Error">
    <Counters total="1" executed="1" error="0" failed="0" timeout="0" aborted="1" inconclusive="0" passedButRunAborted="0" notRunnable="0" notExecuted="0" disconnected="0" warning="0" passed="0" completed="0" inProgress="0" pending="0" />
    <RunInfos>
      <RunInfo computerName="AUGUSTSRV1" outcome="Error" timestamp="2010-05-14T10:20:56.3714542+02:00">
        <Text>Test host process exited unexpectedly.</Text>
      </RunInfo>
    </RunInfos>
  </ResultSummary>
  <TestDefinitions>
    <UnitTest name="Admin_User_Can_Revoke_Catalog_Access_To_User_And_ChildUsers" storage="d:\devprojects\songsearch\codewerks.songsearch.web.tests\bin\debug\codewerks.songsearch.web.tests.dll" id="195b2bff-14f1-429f-53f6-22f000228760">
      <Execution id="c97fab19-a131-45dd-a009-80bc645bd2e4" />
      <TestMethod codeBase="D:/DevProjects/SongSearch/Codewerks.SongSearch.Web.Tests/bin/Debug/Codewerks.SongSearch.Web.Tests.DLL" adapterTypeName="Microsoft.VisualStudio.TestTools.TestTypes.Unit.UnitTestAdapter, Microsoft.VisualStudio.QualityTools.Tips.UnitTest.Adapter, Version=10.0.0.0, Culture=neutral, PublicKeyToken=b03f5f7f11d50a3a" className="Codewerks.SongSearch.Web.Tests.Services.UserManagementTests, Codewerks.SongSearch.Web.Tests, Version=1.0.0.0, Culture=neutral, PublicKeyToken=null" name="Admin_User_Can_Revoke_Catalog_Access_To_User_And_ChildUsers" />
    </UnitTest>
  </TestDefinitions>
  <TestLists>
    <TestList name="Results Not in a List" id="8c84fa94-04c1-424b-9868-57a2d4851a1d" />
    <TestList name="All Loaded Results" id="19431567-8539-422a-85d7-44ee4e166bda" />
  </TestLists>
  <TestEntries>
    <TestEntry testId="195b2bff-14f1-429f-53f6-22f000228760" executionId="c97fab19-a131-45dd-a009-80bc645bd2e4" testListId="8c84fa94-04c1-424b-9868-57a2d4851a1d" />
  </TestEntries>
  <Results>
    <UnitTestResult executionId="c97fab19-a131-45dd-a009-80bc645bd2e4" testId="195b2bff-14f1-429f-53f6-22f000228760" testName="Admin_User_Can_Revoke_Catalog_Access_To_User_And_ChildUsers" computerName="AUGUSTSRV1" duration="00:00:52.3689953" startTime="2010-05-14T10:20:04.0034590+02:00" endTime="2010-05-14T10:20:56.3724543+02:00" testType="13cdc9d9-ddb5-4fa4-a97d-d965ccfc6d4b" outcome="Aborted" testListId="8c84fa94-04c1-424b-9868-57a2d4851a1d" relativeResultsDirectory="c97fab19-a131-45dd-a009-80bc645bd2e4">
    </UnitTestResult>
  </Results>
</TestRun>