<?xml version="1.0" encoding="UTF-8"?>
<TestRun id="ad560c12-7569-40af-9bff-57d1de0d8a40" name="claus@AUGUSTSRV1 2010-05-17 15:10:26" runUser="AUGUSTSRV1\claus" xmlns="http://microsoft.com/schemas/VisualStudio/TeamTest/2010">
  <TestSettings name="Default Test Settings" id="0d0b2148-73e1-4a77-ae1e-f09f65f358b5">
    <Deployment runDeploymentRoot="claus_AUGUSTSRV1 2010-05-17 15_10_26">
      <DeploymentItem filename="D:\DevProjects\SongSearch\SongSearch.Web\bin\SongSearch.Web.dll" />
    </Deployment>
    <Execution>
      <TestTypeSpecific />
      <AgentRule name="Execution Agents">
      </AgentRule>
    </Execution>
  </TestSettings>
  <Times creation="2010-05-17T15:10:26.8700018+02:00" queuing="2010-05-17T15:10:26.9620071+02:00" start="2010-05-17T15:10:26.9680074+02:00" finish="2010-05-17T15:10:27.8180561+02:00" />
  <ResultSummary outcome="Completed">
    <Counters total="9" executed="9" passed="9" error="0" failed="0" timeout="0" aborted="0" inconclusive="0" passedButRunAborted="0" notRunnable="0" notExecuted="0" disconnected="0" warning="0" completed="0" inProgress="0" pending="0" />
  </ResultSummary>
  <TestDefinitions>
    <UnitTest name="Lookup_List_Artist_Should_Return_1637_Items" storage="d:\devprojects\songsearch\codewerks.songsearch.web.tests\bin\debug\codewerks.songsearch.web.tests.dll" id="4531c3be-921b-f556-823b-f30bd5d7dbfc">
      <Execution id="9963de44-26b8-40e1-814f-237133665204" />
      <TestMethod codeBase="D:/DevProjects/SongSearch/Codewerks.SongSearch.Web.Tests/bin/Debug/Codewerks.SongSearch.Web.Tests.DLL" adapterTypeName="Microsoft.VisualStudio.TestTools.TestTypes.Unit.UnitTestAdapter, Microsoft.VisualStudio.QualityTools.Tips.UnitTest.Adapter, Version=10.0.0.0, Culture=neutral, PublicKeyToken=b03f5f7f11d50a3a" className="Codewerks.SongSearch.Web.Tests.Services.SearchServiceTests, Codewerks.SongSearch.Web.Tests, Version=1.0.0.0, Culture=neutral, PublicKeyToken=null" name="Lookup_List_Artist_Should_Return_1637_Items" />
    </UnitTest>
    <UnitTest name="Lookup_List_Catalog_Should_Return_All_Items" storage="d:\devprojects\songsearch\codewerks.songsearch.web.tests\bin\debug\codewerks.songsearch.web.tests.dll" id="096de424-6a4d-6fb1-d81b-e4560450cc5a">
      <Execution id="e4b3dd2c-de2a-406f-b504-738c0aae280b" />
      <TestMethod codeBase="D:/DevProjects/SongSearch/Codewerks.SongSearch.Web.Tests/bin/Debug/Codewerks.SongSearch.Web.Tests.DLL" adapterTypeName="Microsoft.VisualStudio.TestTools.TestTypes.Unit.UnitTestAdapter, Microsoft.VisualStudio.QualityTools.Tips.UnitTest.Adapter, Version=10.0.0.0, Culture=neutral, PublicKeyToken=b03f5f7f11d50a3a" className="Codewerks.SongSearch.Web.Tests.Services.SearchServiceTests, Codewerks.SongSearch.Web.Tests, Version=1.0.0.0, Culture=neutral, PublicKeyToken=null" name="Lookup_List_Catalog_Should_Return_All_Items" />
    </UnitTest>
    <UnitTest name="Lookup_List_Territories_Should_Return_All_Items" storage="d:\devprojects\songsearch\codewerks.songsearch.web.tests\bin\debug\codewerks.songsearch.web.tests.dll" id="e5a4c698-1528-6183-e272-e075832678bb">
      <Execution id="b0d26ba0-604e-4d33-8d07-aff489d1c372" />
      <TestMethod codeBase="D:/DevProjects/SongSearch/Codewerks.SongSearch.Web.Tests/bin/Debug/Codewerks.SongSearch.Web.Tests.DLL" adapterTypeName="Microsoft.VisualStudio.TestTools.TestTypes.Unit.UnitTestAdapter, Microsoft.VisualStudio.QualityTools.Tips.UnitTest.Adapter, Version=10.0.0.0, Culture=neutral, PublicKeyToken=b03f5f7f11d50a3a" className="Codewerks.SongSearch.Web.Tests.Services.SearchServiceTests, Codewerks.SongSearch.Web.Tests, Version=1.0.0.0, Culture=neutral, PublicKeyToken=null" name="Lookup_List_Territories_Should_Return_All_Items" />
    </UnitTest>
    <UnitTest name="TopStyles_Should_Return_TopLimitOnly" storage="d:\devprojects\songsearch\codewerks.songsearch.web.tests\bin\debug\codewerks.songsearch.web.tests.dll" id="9d683688-9272-8169-8ab9-208532dfd9c7">
      <Execution id="fa0fd562-d369-4950-a07f-bd17deedb94f" />
      <TestMethod codeBase="D:/DevProjects/SongSearch/Codewerks.SongSearch.Web.Tests/bin/Debug/Codewerks.SongSearch.Web.Tests.DLL" adapterTypeName="Microsoft.VisualStudio.TestTools.TestTypes.Unit.UnitTestAdapter, Microsoft.VisualStudio.QualityTools.Tips.UnitTest.Adapter, Version=10.0.0.0, Culture=neutral, PublicKeyToken=b03f5f7f11d50a3a" className="Codewerks.SongSearch.Web.Tests.Services.SearchServiceTests, Codewerks.SongSearch.Web.Tests, Version=1.0.0.0, Culture=neutral, PublicKeyToken=null" name="TopStyles_Should_Return_TopLimitOnly" />
    </UnitTest>
    <UnitTest name="TopStyles_Should_Return_OrderedByMostTagged" storage="d:\devprojects\songsearch\codewerks.songsearch.web.tests\bin\debug\codewerks.songsearch.web.tests.dll" id="eacfecb6-300b-0643-e032-71a65be72c44">
      <Execution id="4ac00200-6834-48be-8b03-bc17cd513553" />
      <TestMethod codeBase="D:/DevProjects/SongSearch/Codewerks.SongSearch.Web.Tests/bin/Debug/Codewerks.SongSearch.Web.Tests.DLL" adapterTypeName="Microsoft.VisualStudio.TestTools.TestTypes.Unit.UnitTestAdapter, Microsoft.VisualStudio.QualityTools.Tips.UnitTest.Adapter, Version=10.0.0.0, Culture=neutral, PublicKeyToken=b03f5f7f11d50a3a" className="Codewerks.SongSearch.Web.Tests.Services.SearchServiceTests, Codewerks.SongSearch.Web.Tests, Version=1.0.0.0, Culture=neutral, PublicKeyToken=null" name="TopStyles_Should_Return_OrderedByMostTagged" />
    </UnitTest>
    <UnitTest name="Search_Love_Should_Return_448_Results" storage="d:\devprojects\songsearch\codewerks.songsearch.web.tests\bin\debug\codewerks.songsearch.web.tests.dll" id="f0e94873-0467-44d2-0d00-0faeb43850d4">
      <Execution id="ccb60b7f-1619-41db-a09c-470d4f688c4c" />
      <TestMethod codeBase="D:/DevProjects/SongSearch/Codewerks.SongSearch.Web.Tests/bin/Debug/Codewerks.SongSearch.Web.Tests.DLL" adapterTypeName="Microsoft.VisualStudio.TestTools.TestTypes.Unit.UnitTestAdapter, Microsoft.VisualStudio.QualityTools.Tips.UnitTest.Adapter, Version=10.0.0.0, Culture=neutral, PublicKeyToken=b03f5f7f11d50a3a" className="Codewerks.SongSearch.Web.Tests.Services.SearchServiceTests, Codewerks.SongSearch.Web.Tests, Version=1.0.0.0, Culture=neutral, PublicKeyToken=null" name="Search_Love_Should_Return_448_Results" />
    </UnitTest>
    <UnitTest name="Search_Results_Can_Be_User_Sorted" storage="d:\devprojects\songsearch\codewerks.songsearch.web.tests\bin\debug\codewerks.songsearch.web.tests.dll" id="d72d65ea-4fcd-3871-4fdb-1390d82c55ab">
      <Execution id="93a627d5-4fed-44d7-915a-69b6e696ca65" />
      <TestMethod codeBase="D:/DevProjects/SongSearch/Codewerks.SongSearch.Web.Tests/bin/Debug/Codewerks.SongSearch.Web.Tests.DLL" adapterTypeName="Microsoft.VisualStudio.TestTools.TestTypes.Unit.UnitTestAdapter, Microsoft.VisualStudio.QualityTools.Tips.UnitTest.Adapter, Version=10.0.0.0, Culture=neutral, PublicKeyToken=b03f5f7f11d50a3a" className="Codewerks.SongSearch.Web.Tests.Services.SearchServiceTests, Codewerks.SongSearch.Web.Tests, Version=1.0.0.0, Culture=neutral, PublicKeyToken=null" name="Search_Results_Can_Be_User_Sorted" />
    </UnitTest>
    <UnitTest name="Repeated_Calls_To_Content_Details_Should_Not_Block" storage="d:\devprojects\songsearch\codewerks.songsearch.web.tests\bin\debug\codewerks.songsearch.web.tests.dll" id="e147f4e3-a6e9-b0c5-9378-011d32c0f2fe">
      <Execution id="980e31e9-047a-4b90-9c08-91d7275e9a46" />
      <TestMethod codeBase="D:/DevProjects/SongSearch/Codewerks.SongSearch.Web.Tests/bin/Debug/Codewerks.SongSearch.Web.Tests.DLL" adapterTypeName="Microsoft.VisualStudio.TestTools.TestTypes.Unit.UnitTestAdapter, Microsoft.VisualStudio.QualityTools.Tips.UnitTest.Adapter, Version=10.0.0.0, Culture=neutral, PublicKeyToken=b03f5f7f11d50a3a" className="Codewerks.SongSearch.Web.Tests.Services.SearchServiceTests, Codewerks.SongSearch.Web.Tests, Version=1.0.0.0, Culture=neutral, PublicKeyToken=null" name="Repeated_Calls_To_Content_Details_Should_Not_Block" />
    </UnitTest>
    <UnitTest name="Content_Details_Should_Contain_Releated_Entities" storage="d:\devprojects\songsearch\codewerks.songsearch.web.tests\bin\debug\codewerks.songsearch.web.tests.dll" id="fbf04ba5-d512-80fd-271c-4453e8d4c1ef">
      <Execution id="84b11e17-43be-41de-9fa6-7a5c5db983ad" />
      <TestMethod codeBase="D:/DevProjects/SongSearch/Codewerks.SongSearch.Web.Tests/bin/Debug/Codewerks.SongSearch.Web.Tests.DLL" adapterTypeName="Microsoft.VisualStudio.TestTools.TestTypes.Unit.UnitTestAdapter, Microsoft.VisualStudio.QualityTools.Tips.UnitTest.Adapter, Version=10.0.0.0, Culture=neutral, PublicKeyToken=b03f5f7f11d50a3a" className="Codewerks.SongSearch.Web.Tests.Services.SearchServiceTests, Codewerks.SongSearch.Web.Tests, Version=1.0.0.0, Culture=neutral, PublicKeyToken=null" name="Content_Details_Should_Contain_Releated_Entities" />
    </UnitTest>
  </TestDefinitions>
  <TestLists>
    <TestList name="Results Not in a List" id="8c84fa94-04c1-424b-9868-57a2d4851a1d" />
    <TestList name="All Loaded Results" id="19431567-8539-422a-85d7-44ee4e166bda" />
  </TestLists>
  <TestEntries>
    <TestEntry testId="096de424-6a4d-6fb1-d81b-e4560450cc5a" executionId="e4b3dd2c-de2a-406f-b504-738c0aae280b" testListId="8c84fa94-04c1-424b-9868-57a2d4851a1d" />
    <TestEntry testId="4531c3be-921b-f556-823b-f30bd5d7dbfc" executionId="9963de44-26b8-40e1-814f-237133665204" testListId="8c84fa94-04c1-424b-9868-57a2d4851a1d" />
    <TestEntry testId="9d683688-9272-8169-8ab9-208532dfd9c7" executionId="fa0fd562-d369-4950-a07f-bd17deedb94f" testListId="8c84fa94-04c1-424b-9868-57a2d4851a1d" />
    <TestEntry testId="d72d65ea-4fcd-3871-4fdb-1390d82c55ab" executionId="93a627d5-4fed-44d7-915a-69b6e696ca65" testListId="8c84fa94-04c1-424b-9868-57a2d4851a1d" />
    <TestEntry testId="e147f4e3-a6e9-b0c5-9378-011d32c0f2fe" executionId="980e31e9-047a-4b90-9c08-91d7275e9a46" testListId="8c84fa94-04c1-424b-9868-57a2d4851a1d" />
    <TestEntry testId="e5a4c698-1528-6183-e272-e075832678bb" executionId="b0d26ba0-604e-4d33-8d07-aff489d1c372" testListId="8c84fa94-04c1-424b-9868-57a2d4851a1d" />
    <TestEntry testId="eacfecb6-300b-0643-e032-71a65be72c44" executionId="4ac00200-6834-48be-8b03-bc17cd513553" testListId="8c84fa94-04c1-424b-9868-57a2d4851a1d" />
    <TestEntry testId="f0e94873-0467-44d2-0d00-0faeb43850d4" executionId="ccb60b7f-1619-41db-a09c-470d4f688c4c" testListId="8c84fa94-04c1-424b-9868-57a2d4851a1d" />
    <TestEntry testId="fbf04ba5-d512-80fd-271c-4453e8d4c1ef" executionId="84b11e17-43be-41de-9fa6-7a5c5db983ad" testListId="8c84fa94-04c1-424b-9868-57a2d4851a1d" />
  </TestEntries>
  <Results>
    <UnitTestResult executionId="e4b3dd2c-de2a-406f-b504-738c0aae280b" testId="096de424-6a4d-6fb1-d81b-e4560450cc5a" testName="Lookup_List_Catalog_Should_Return_All_Items" computerName="AUGUSTSRV1" duration="00:00:00.0194556" startTime="2010-05-17T15:10:26.9700076+02:00" endTime="2010-05-17T15:10:27.3000264+02:00" testType="13cdc9d9-ddb5-4fa4-a97d-d965ccfc6d4b" outcome="Passed" testListId="8c84fa94-04c1-424b-9868-57a2d4851a1d" relativeResultsDirectory="e4b3dd2c-de2a-406f-b504-738c0aae280b">
    </UnitTestResult>
    <UnitTestResult executionId="9963de44-26b8-40e1-814f-237133665204" testId="4531c3be-921b-f556-823b-f30bd5d7dbfc" testName="Lookup_List_Artist_Should_Return_1637_Items" computerName="AUGUSTSRV1" duration="00:00:00.0157125" startTime="2010-05-17T15:10:27.3010265+02:00" endTime="2010-05-17T15:10:27.3190275+02:00" testType="13cdc9d9-ddb5-4fa4-a97d-d965ccfc6d4b" outcome="Passed" testListId="8c84fa94-04c1-424b-9868-57a2d4851a1d" relativeResultsDirectory="9963de44-26b8-40e1-814f-237133665204">
    </UnitTestResult>
    <UnitTestResult executionId="fa0fd562-d369-4950-a07f-bd17deedb94f" testId="9d683688-9272-8169-8ab9-208532dfd9c7" testName="TopStyles_Should_Return_TopLimitOnly" computerName="AUGUSTSRV1" duration="00:00:00.1197628" startTime="2010-05-17T15:10:27.3200276+02:00" endTime="2010-05-17T15:10:27.4430346+02:00" testType="13cdc9d9-ddb5-4fa4-a97d-d965ccfc6d4b" outcome="Passed" testListId="8c84fa94-04c1-424b-9868-57a2d4851a1d" relativeResultsDirectory="fa0fd562-d369-4950-a07f-bd17deedb94f">
    </UnitTestResult>
    <UnitTestResult executionId="93a627d5-4fed-44d7-915a-69b6e696ca65" testId="d72d65ea-4fcd-3871-4fdb-1390d82c55ab" testName="Search_Results_Can_Be_User_Sorted" computerName="AUGUSTSRV1" duration="00:00:00.1568133" startTime="2010-05-17T15:10:27.4440347+02:00" endTime="2010-05-17T15:10:27.6030438+02:00" testType="13cdc9d9-ddb5-4fa4-a97d-d965ccfc6d4b" outcome="Passed" testListId="8c84fa94-04c1-424b-9868-57a2d4851a1d" relativeResultsDirectory="93a627d5-4fed-44d7-915a-69b6e696ca65">
      <Output>
        <DebugTrace>Convert(value(System.Data.Objects.ObjectSet`1[SongSearch.Web.Data.Content])).MergeAs(AppendOnly).Where(Param_0 =&gt; Param_0.Title.Contains("LOVE"))Convert(value(System.Data.Objects.ObjectSet`1[SongSearch.Web.Data.Content])).MergeAs(AppendOnly).Where(Param_0 =&gt; Param_0.Title.Contains("LOVE"))</DebugTrace>
      </Output>
    </UnitTestResult>
    <UnitTestResult executionId="980e31e9-047a-4b90-9c08-91d7275e9a46" testId="e147f4e3-a6e9-b0c5-9378-011d32c0f2fe" testName="Repeated_Calls_To_Content_Details_Should_Not_Block" computerName="AUGUSTSRV1" duration="00:00:00.0245251" startTime="2010-05-17T15:10:27.6040438+02:00" endTime="2010-05-17T15:10:27.6320454+02:00" testType="13cdc9d9-ddb5-4fa4-a97d-d965ccfc6d4b" outcome="Passed" testListId="8c84fa94-04c1-424b-9868-57a2d4851a1d" relativeResultsDirectory="980e31e9-047a-4b90-9c08-91d7275e9a46">
      <Output>
        <DebugTrace>Convert(value(System.Data.Objects.ObjectSet`1[SongSearch.Web.Data.Content])).MergeAs(AppendOnly).Where(Param_0 =&gt; Param_0.Title.Contains("LOVE"))</DebugTrace>
      </Output>
    </UnitTestResult>
    <UnitTestResult executionId="b0d26ba0-604e-4d33-8d07-aff489d1c372" testId="e5a4c698-1528-6183-e272-e075832678bb" testName="Lookup_List_Territories_Should_Return_All_Items" computerName="AUGUSTSRV1" duration="00:00:00.0097163" startTime="2010-05-17T15:10:27.6320454+02:00" endTime="2010-05-17T15:10:27.6450462+02:00" testType="13cdc9d9-ddb5-4fa4-a97d-d965ccfc6d4b" outcome="Passed" testListId="8c84fa94-04c1-424b-9868-57a2d4851a1d" relativeResultsDirectory="b0d26ba0-604e-4d33-8d07-aff489d1c372">
    </UnitTestResult>
    <UnitTestResult executionId="4ac00200-6834-48be-8b03-bc17cd513553" testId="eacfecb6-300b-0643-e032-71a65be72c44" testName="TopStyles_Should_Return_OrderedByMostTagged" computerName="AUGUSTSRV1" duration="00:00:00.0239494" startTime="2010-05-17T15:10:27.6460462+02:00" endTime="2010-05-17T15:10:27.6730478+02:00" testType="13cdc9d9-ddb5-4fa4-a97d-d965ccfc6d4b" outcome="Passed" testListId="8c84fa94-04c1-424b-9868-57a2d4851a1d" relativeResultsDirectory="4ac00200-6834-48be-8b03-bc17cd513553">
    </UnitTestResult>
    <UnitTestResult executionId="ccb60b7f-1619-41db-a09c-470d4f688c4c" testId="f0e94873-0467-44d2-0d00-0faeb43850d4" testName="Search_Love_Should_Return_448_Results" computerName="AUGUSTSRV1" duration="00:00:00.0542786" startTime="2010-05-17T15:10:27.6740478+02:00" endTime="2010-05-17T15:10:27.7310511+02:00" testType="13cdc9d9-ddb5-4fa4-a97d-d965ccfc6d4b" outcome="Passed" testListId="8c84fa94-04c1-424b-9868-57a2d4851a1d" relativeResultsDirectory="ccb60b7f-1619-41db-a09c-470d4f688c4c">
      <Output>
        <DebugTrace>Convert(value(System.Data.Objects.ObjectSet`1[SongSearch.Web.Data.Content])).MergeAs(AppendOnly).Where(Param_0 =&gt; Param_0.Title.Contains("LOVE"))</DebugTrace>
      </Output>
    </UnitTestResult>
    <UnitTestResult executionId="84b11e17-43be-41de-9fa6-7a5c5db983ad" testId="fbf04ba5-d512-80fd-271c-4453e8d4c1ef" testName="Content_Details_Should_Contain_Releated_Entities" computerName="AUGUSTSRV1" duration="00:00:00.0715265" startTime="2010-05-17T15:10:27.7320511+02:00" endTime="2010-05-17T15:10:27.8070554+02:00" testType="13cdc9d9-ddb5-4fa4-a97d-d965ccfc6d4b" outcome="Passed" testListId="8c84fa94-04c1-424b-9868-57a2d4851a1d" relativeResultsDirectory="84b11e17-43be-41de-9fa6-7a5c5db983ad">
    </UnitTestResult>
  </Results>
</TestRun>