<?xml version="1.0" encoding="UTF-8"?>
<TestRun id="55acc9a1-afd9-4c8e-9e85-3fcc6b4456dd" name="claus@AUGUSTSRV1 2010-05-25 12:17:41" runUser="AUGUSTSRV1\claus" xmlns="http://microsoft.com/schemas/VisualStudio/TeamTest/2010">
  <TestSettings name="Default Test Settings" id="edbec44a-1229-4ad3-901a-8df6e2aa544f">
    <Deployment runDeploymentRoot="claus_AUGUSTSRV1 2010-05-25 12_17_41">
      <DeploymentItem filename="D:\DevProjects\SongSearch\SongSearch.Web\bin\SongSearch.Web.dll" />
      <DeploymentItem filename="D:\DevProjects\SongSearch\Ext Libraries\EntityFramework.Profiler-Build-691\HibernatingRhinos.Profiler.Appender.dll" />
      <DeploymentItem filename="D:\DevProjects\SongSearch\Ext Libraries\Ninject.dll" />
      <DeploymentItem filename="D:\DevProjects\SongSearch\Ext Libraries\Ninject.Web.Mvc.dll" />
      <DeploymentItem filename="D:\DevProjects\SongSearch\Ext Libraries\nunit.framework.dll" />
    </Deployment>
    <Execution>
      <TestTypeSpecific />
      <AgentRule name="Execution Agents">
      </AgentRule>
    </Execution>
  </TestSettings>
  <Times creation="2010-05-25T12:17:41.2336985+02:00" queuing="2010-05-25T12:17:42.5467736+02:00" start="2010-05-25T12:17:42.6617802+02:00" finish="2010-05-25T12:18:10.4283683+02:00" />
  <ResultSummary outcome="Error">
    <Counters total="8" executed="2" error="0" failed="1" timeout="0" aborted="1" inconclusive="0" passedButRunAborted="0" notRunnable="0" notExecuted="6" disconnected="0" warning="0" passed="0" completed="0" inProgress="0" pending="0" />
    <RunInfos>
      <RunInfo computerName="AUGUSTSRV1" outcome="Warning" timestamp="2010-05-25T12:17:41.4457106+02:00">
        <Text>Warning: Test Run deployment issue: The assembly or module 'System.Web.Mvc' directly or indirectly referenced by the test container 'd:\devprojects\songsearch\codewerks.songsearch.web.tests\bin\debug\codewerks.songsearch.web.tests.dll' was not found.</Text>
      </RunInfo>
      <RunInfo computerName="AUGUSTSRV1" outcome="Error" timestamp="2010-05-25T12:18:10.4273683+02:00">
        <Text>Test host process exited unexpectedly.</Text>
      </RunInfo>
    </RunInfos>
  </ResultSummary>
  <TestDefinitions>
    <UnitTest name="Plugger_Can_Update_User_Signature" storage="d:\devprojects\songsearch\codewerks.songsearch.web.tests\bin\debug\codewerks.songsearch.web.tests.dll" id="dd5d3388-224c-fa9a-fbf1-c14a18cb024a">
      <Execution id="ba9c588a-f3d4-4dbd-b0d7-a47d926471e5" />
      <TestMethod codeBase="D:/DevProjects/SongSearch/Codewerks.SongSearch.Web.Tests/bin/Debug/Codewerks.SongSearch.Web.Tests.DLL" adapterTypeName="Microsoft.VisualStudio.TestTools.TestTypes.Unit.UnitTestAdapter, Microsoft.VisualStudio.QualityTools.Tips.UnitTest.Adapter, Version=10.0.0.0, Culture=neutral, PublicKeyToken=b03f5f7f11d50a3a" className="Codewerks.SongSearch.Web.Tests.Services.AccountServiceTests, Codewerks.SongSearch.Web.Tests, Version=1.0.0.0, Culture=neutral, PublicKeyToken=null" name="Plugger_Can_Update_User_Signature" />
    </UnitTest>
    <UnitTest name="Can_Check_If_User_Exists" storage="d:\devprojects\songsearch\codewerks.songsearch.web.tests\bin\debug\codewerks.songsearch.web.tests.dll" id="f8dbdc96-0372-dcf3-e5dc-fea79600ec53">
      <Execution id="0c28ebb8-5630-442a-81ad-6bd5dcebb3e1" />
      <TestMethod codeBase="D:/DevProjects/SongSearch/Codewerks.SongSearch.Web.Tests/bin/Debug/Codewerks.SongSearch.Web.Tests.DLL" adapterTypeName="Microsoft.VisualStudio.TestTools.TestTypes.Unit.UnitTestAdapter, Microsoft.VisualStudio.QualityTools.Tips.UnitTest.Adapter, Version=10.0.0.0, Culture=neutral, PublicKeyToken=b03f5f7f11d50a3a" className="Codewerks.SongSearch.Web.Tests.Services.AccountServiceTests, Codewerks.SongSearch.Web.Tests, Version=1.0.0.0, Culture=neutral, PublicKeyToken=null" name="Can_Check_If_User_Exists" />
    </UnitTest>
    <UnitTest name="Can_Validate_User" storage="d:\devprojects\songsearch\codewerks.songsearch.web.tests\bin\debug\codewerks.songsearch.web.tests.dll" id="c01ecd59-549f-b493-9daa-31765063ba2e">
      <Execution id="7af1c05e-b6eb-413c-afbe-e403aad4dc14" />
      <TestMethod codeBase="D:/DevProjects/SongSearch/Codewerks.SongSearch.Web.Tests/bin/Debug/Codewerks.SongSearch.Web.Tests.DLL" adapterTypeName="Microsoft.VisualStudio.TestTools.TestTypes.Unit.UnitTestAdapter, Microsoft.VisualStudio.QualityTools.Tips.UnitTest.Adapter, Version=10.0.0.0, Culture=neutral, PublicKeyToken=b03f5f7f11d50a3a" className="Codewerks.SongSearch.Web.Tests.Services.AccountServiceTests, Codewerks.SongSearch.Web.Tests, Version=1.0.0.0, Culture=neutral, PublicKeyToken=null" name="Can_Validate_User" />
    </UnitTest>
    <UnitTest name="User_Can_Update_Password" storage="d:\devprojects\songsearch\codewerks.songsearch.web.tests\bin\debug\codewerks.songsearch.web.tests.dll" id="12a79eb3-8091-2978-ec4a-1a438b9e5698">
      <Execution id="3fb081df-1482-4967-8356-ce7c3fed47b6" />
      <TestMethod codeBase="D:/DevProjects/SongSearch/Codewerks.SongSearch.Web.Tests/bin/Debug/Codewerks.SongSearch.Web.Tests.DLL" adapterTypeName="Microsoft.VisualStudio.TestTools.TestTypes.Unit.UnitTestAdapter, Microsoft.VisualStudio.QualityTools.Tips.UnitTest.Adapter, Version=10.0.0.0, Culture=neutral, PublicKeyToken=b03f5f7f11d50a3a" className="Codewerks.SongSearch.Web.Tests.Services.AccountServiceTests, Codewerks.SongSearch.Web.Tests, Version=1.0.0.0, Culture=neutral, PublicKeyToken=null" name="User_Can_Update_Password" />
    </UnitTest>
    <UnitTest name="Registered_User_Has_Invitation_Parent_User" storage="d:\devprojects\songsearch\codewerks.songsearch.web.tests\bin\debug\codewerks.songsearch.web.tests.dll" id="d5c3ae95-a9fd-a4e7-216c-59d7e4ff9120">
      <Execution id="b29a66c6-7be3-4093-bf10-26862e5d04b7" />
      <TestMethod codeBase="D:/DevProjects/SongSearch/Codewerks.SongSearch.Web.Tests/bin/Debug/Codewerks.SongSearch.Web.Tests.DLL" adapterTypeName="Microsoft.VisualStudio.TestTools.TestTypes.Unit.UnitTestAdapter, Microsoft.VisualStudio.QualityTools.Tips.UnitTest.Adapter, Version=10.0.0.0, Culture=neutral, PublicKeyToken=b03f5f7f11d50a3a" className="Codewerks.SongSearch.Web.Tests.Services.AccountServiceTests, Codewerks.SongSearch.Web.Tests, Version=1.0.0.0, Culture=neutral, PublicKeyToken=null" name="Registered_User_Has_Invitation_Parent_User" />
    </UnitTest>
    <UnitTest name="Client_Cannot_Update_User_Signature" storage="d:\devprojects\songsearch\codewerks.songsearch.web.tests\bin\debug\codewerks.songsearch.web.tests.dll" id="0923243c-c7df-2a4c-1830-fa3228830f0f">
      <Execution id="105a70b3-7e5a-4854-98f6-357de34eb746" />
      <TestMethod codeBase="D:/DevProjects/SongSearch/Codewerks.SongSearch.Web.Tests/bin/Debug/Codewerks.SongSearch.Web.Tests.DLL" adapterTypeName="Microsoft.VisualStudio.TestTools.TestTypes.Unit.UnitTestAdapter, Microsoft.VisualStudio.QualityTools.Tips.UnitTest.Adapter, Version=10.0.0.0, Culture=neutral, PublicKeyToken=b03f5f7f11d50a3a" className="Codewerks.SongSearch.Web.Tests.Services.AccountServiceTests, Codewerks.SongSearch.Web.Tests, Version=1.0.0.0, Culture=neutral, PublicKeyToken=null" name="Client_Cannot_Update_User_Signature" />
    </UnitTest>
    <UnitTest name="Can_Register_User" storage="d:\devprojects\songsearch\codewerks.songsearch.web.tests\bin\debug\codewerks.songsearch.web.tests.dll" id="383df81d-0cf7-f78f-00b8-047cdd4e0106">
      <Execution id="5bc88a45-83ba-4453-892f-1072f1a64cf1" />
      <TestMethod codeBase="D:/DevProjects/SongSearch/Codewerks.SongSearch.Web.Tests/bin/Debug/Codewerks.SongSearch.Web.Tests.DLL" adapterTypeName="Microsoft.VisualStudio.TestTools.TestTypes.Unit.UnitTestAdapter, Microsoft.VisualStudio.QualityTools.Tips.UnitTest.Adapter, Version=10.0.0.0, Culture=neutral, PublicKeyToken=b03f5f7f11d50a3a" className="Codewerks.SongSearch.Web.Tests.Services.AccountServiceTests, Codewerks.SongSearch.Web.Tests, Version=1.0.0.0, Culture=neutral, PublicKeyToken=null" name="Can_Register_User" />
    </UnitTest>
    <UnitTest name="User_Can_Update_Profile" storage="d:\devprojects\songsearch\codewerks.songsearch.web.tests\bin\debug\codewerks.songsearch.web.tests.dll" id="2545f0ac-ee15-695d-55a9-2467c05da84d">
      <Execution id="8cbdcb4d-6b30-49e1-a871-a9f981331c06" />
      <TestMethod codeBase="D:/DevProjects/SongSearch/Codewerks.SongSearch.Web.Tests/bin/Debug/Codewerks.SongSearch.Web.Tests.DLL" adapterTypeName="Microsoft.VisualStudio.TestTools.TestTypes.Unit.UnitTestAdapter, Microsoft.VisualStudio.QualityTools.Tips.UnitTest.Adapter, Version=10.0.0.0, Culture=neutral, PublicKeyToken=b03f5f7f11d50a3a" className="Codewerks.SongSearch.Web.Tests.Services.AccountServiceTests, Codewerks.SongSearch.Web.Tests, Version=1.0.0.0, Culture=neutral, PublicKeyToken=null" name="User_Can_Update_Profile" />
    </UnitTest>
  </TestDefinitions>
  <TestLists>
    <TestList name="Results Not in a List" id="8c84fa94-04c1-424b-9868-57a2d4851a1d" />
    <TestList name="All Loaded Results" id="19431567-8539-422a-85d7-44ee4e166bda" />
  </TestLists>
  <TestEntries>
    <TestEntry testId="0923243c-c7df-2a4c-1830-fa3228830f0f" executionId="105a70b3-7e5a-4854-98f6-357de34eb746" testListId="8c84fa94-04c1-424b-9868-57a2d4851a1d" />
    <TestEntry testId="12a79eb3-8091-2978-ec4a-1a438b9e5698" executionId="3fb081df-1482-4967-8356-ce7c3fed47b6" testListId="8c84fa94-04c1-424b-9868-57a2d4851a1d" />
    <TestEntry testId="2545f0ac-ee15-695d-55a9-2467c05da84d" executionId="8cbdcb4d-6b30-49e1-a871-a9f981331c06" testListId="8c84fa94-04c1-424b-9868-57a2d4851a1d" />
    <TestEntry testId="383df81d-0cf7-f78f-00b8-047cdd4e0106" executionId="5bc88a45-83ba-4453-892f-1072f1a64cf1" testListId="8c84fa94-04c1-424b-9868-57a2d4851a1d" />
    <TestEntry testId="c01ecd59-549f-b493-9daa-31765063ba2e" executionId="7af1c05e-b6eb-413c-afbe-e403aad4dc14" testListId="8c84fa94-04c1-424b-9868-57a2d4851a1d" />
    <TestEntry testId="d5c3ae95-a9fd-a4e7-216c-59d7e4ff9120" executionId="b29a66c6-7be3-4093-bf10-26862e5d04b7" testListId="8c84fa94-04c1-424b-9868-57a2d4851a1d" />
    <TestEntry testId="dd5d3388-224c-fa9a-fbf1-c14a18cb024a" executionId="ba9c588a-f3d4-4dbd-b0d7-a47d926471e5" testListId="8c84fa94-04c1-424b-9868-57a2d4851a1d" />
    <TestEntry testId="f8dbdc96-0372-dcf3-e5dc-fea79600ec53" executionId="0c28ebb8-5630-442a-81ad-6bd5dcebb3e1" testListId="8c84fa94-04c1-424b-9868-57a2d4851a1d" />
  </TestEntries>
  <Results>
    <UnitTestResult executionId="105a70b3-7e5a-4854-98f6-357de34eb746" testId="0923243c-c7df-2a4c-1830-fa3228830f0f" testName="Client_Cannot_Update_User_Signature" computerName="AUGUSTSRV1" duration="00:00:19.8692807" startTime="2010-05-25T12:17:42.7647861+02:00" endTime="2010-05-25T12:18:04.7220420+02:00" testType="13cdc9d9-ddb5-4fa4-a97d-d965ccfc6d4b" outcome="Failed" testListId="8c84fa94-04c1-424b-9868-57a2d4851a1d" relativeResultsDirectory="105a70b3-7e5a-4854-98f6-357de34eb746">
      <Output>
        <Exception>Exception has been thrown by the target of an invocation.</Exception>
        <ErrorInfo>
          <Message>Unable to create instance of class Codewerks.SongSearch.Web.Tests.Services.AccountServiceTests. Error: System.ArgumentNullException: Cannot be null
Parameter name: root.</Message>
          <StackTrace>    at Ninject.Infrastructure.Ensure.ArgumentNotNull(Object argument, String name)
   at Ninject.ResolutionExtensions.GetResolutionIterator(IResolutionRoot root, Type service, Func`2 constraint, IEnumerable`1 parameters, Boolean isOptional)
   at Ninject.ResolutionExtensions.Get[T](IResolutionRoot root, IParameter[] parameters)
   at SongSearch.Web.Application.get_DataSessionReadOnly() in D:\DevProjects\SongSearch\SongSearch.Web\Global.asax.cs:line 59
   at SongSearch.Web.Services.AccountData.UserComplete(String userName) in D:\DevProjects\SongSearch\SongSearch.Web\Services\AccountData.cs:line 36
   at SongSearch.Web.Services.CacheService.GetDataUser(String userName) in D:\DevProjects\SongSearch\SongSearch.Web\Services\CacheService.cs:line 330
   at SongSearch.Web.Services.CacheService.User(String userName) in D:\DevProjects\SongSearch\SongSearch.Web\Services\CacheService.cs:line 136
   at SongSearch.Web.Services.BaseService..ctor(String activeUserIdentity) in D:\DevProjects\SongSearch\SongSearch.Web\Services\BaseService.cs:line 49
   at SongSearch.Web.Services.AccountService..ctor(String activeUserIdentity) in D:\DevProjects\SongSearch\SongSearch.Web\Services\AccountService.cs:line 25
   at Codewerks.SongSearch.Web.Tests.Services.AccountServiceTests..ctor() in D:\DevProjects\SongSearch\Codewerks.SongSearch.Web.Tests\Services\AccountServiceTests.cs:line 21
</StackTrace>
        </ErrorInfo>
      </Output>
    </UnitTestResult>
    <UnitTestResult executionId="3fb081df-1482-4967-8356-ce7c3fed47b6" testId="12a79eb3-8091-2978-ec4a-1a438b9e5698" testName="User_Can_Update_Password" computerName="AUGUSTSRV1" duration="00:00:05.6833250" startTime="2010-05-25T12:18:04.7450433+02:00" endTime="2010-05-25T12:18:10.4283683+02:00" testType="13cdc9d9-ddb5-4fa4-a97d-d965ccfc6d4b" outcome="Aborted" testListId="8c84fa94-04c1-424b-9868-57a2d4851a1d" relativeResultsDirectory="3fb081df-1482-4967-8356-ce7c3fed47b6">
    </UnitTestResult>
    <UnitTestResult executionId="8cbdcb4d-6b30-49e1-a871-a9f981331c06" testId="2545f0ac-ee15-695d-55a9-2467c05da84d" testName="User_Can_Update_Profile" computerName="AUGUSTSRV1" testType="13cdc9d9-ddb5-4fa4-a97d-d965ccfc6d4b" outcome="NotExecuted" testListId="8c84fa94-04c1-424b-9868-57a2d4851a1d" relativeResultsDirectory="8cbdcb4d-6b30-49e1-a871-a9f981331c06">
    </UnitTestResult>
    <UnitTestResult executionId="5bc88a45-83ba-4453-892f-1072f1a64cf1" testId="383df81d-0cf7-f78f-00b8-047cdd4e0106" testName="Can_Register_User" computerName="AUGUSTSRV1" testType="13cdc9d9-ddb5-4fa4-a97d-d965ccfc6d4b" outcome="NotExecuted" testListId="8c84fa94-04c1-424b-9868-57a2d4851a1d" relativeResultsDirectory="5bc88a45-83ba-4453-892f-1072f1a64cf1">
    </UnitTestResult>
    <UnitTestResult executionId="7af1c05e-b6eb-413c-afbe-e403aad4dc14" testId="c01ecd59-549f-b493-9daa-31765063ba2e" testName="Can_Validate_User" computerName="AUGUSTSRV1" testType="13cdc9d9-ddb5-4fa4-a97d-d965ccfc6d4b" outcome="NotExecuted" testListId="8c84fa94-04c1-424b-9868-57a2d4851a1d" relativeResultsDirectory="7af1c05e-b6eb-413c-afbe-e403aad4dc14">
    </UnitTestResult>
    <UnitTestResult executionId="b29a66c6-7be3-4093-bf10-26862e5d04b7" testId="d5c3ae95-a9fd-a4e7-216c-59d7e4ff9120" testName="Registered_User_Has_Invitation_Parent_User" computerName="AUGUSTSRV1" testType="13cdc9d9-ddb5-4fa4-a97d-d965ccfc6d4b" outcome="NotExecuted" testListId="8c84fa94-04c1-424b-9868-57a2d4851a1d" relativeResultsDirectory="b29a66c6-7be3-4093-bf10-26862e5d04b7">
    </UnitTestResult>
    <UnitTestResult executionId="ba9c588a-f3d4-4dbd-b0d7-a47d926471e5" testId="dd5d3388-224c-fa9a-fbf1-c14a18cb024a" testName="Plugger_Can_Update_User_Signature" computerName="AUGUSTSRV1" testType="13cdc9d9-ddb5-4fa4-a97d-d965ccfc6d4b" outcome="NotExecuted" testListId="8c84fa94-04c1-424b-9868-57a2d4851a1d" relativeResultsDirectory="ba9c588a-f3d4-4dbd-b0d7-a47d926471e5">
    </UnitTestResult>
    <UnitTestResult executionId="0c28ebb8-5630-442a-81ad-6bd5dcebb3e1" testId="f8dbdc96-0372-dcf3-e5dc-fea79600ec53" testName="Can_Check_If_User_Exists" computerName="AUGUSTSRV1" testType="13cdc9d9-ddb5-4fa4-a97d-d965ccfc6d4b" outcome="NotExecuted" testListId="8c84fa94-04c1-424b-9868-57a2d4851a1d" relativeResultsDirectory="0c28ebb8-5630-442a-81ad-6bd5dcebb3e1">
    </UnitTestResult>
  </Results>
</TestRun>